[1.229s] Invoking command in '/home/jialuyu/Final_Project/ROS2_Myo_Connect/Final_Project_Code/myo_data/ros_myo/build/ros_myo': PYTHONPATH=/home/jialuyu/Final_Project/ROS2_Myo_Connect/Final_Project_Code/myo_data/ros_myo/build/ros_myo/prefix_override:/home/jialuyu/Final_Project/ROS2_Myo_Connect/Final_Project_Code/myo_data/ros_myo/install/ros_myo/lib/python3.10/site-packages:${PYTHONPATH} /usr/bin/python3 setup.py develop --editable --build-directory /home/jialuyu/Final_Project/ROS2_Myo_Connect/Final_Project_Code/myo_data/ros_myo/build/ros_myo/build --no-deps install_data
[1.623s] running develop
[1.880s] running egg_info
[1.880s] creating ros_myo.egg-info
[1.880s] writing ros_myo.egg-info/PKG-INFO
[1.881s] writing dependency_links to ros_myo.egg-info/dependency_links.txt
[1.881s] writing entry points to ros_myo.egg-info/entry_points.txt
[1.881s] writing requirements to ros_myo.egg-info/requires.txt
[1.881s] writing top-level names to ros_myo.egg-info/top_level.txt
[1.881s] writing manifest file 'ros_myo.egg-info/SOURCES.txt'
[1.883s] reading manifest file 'ros_myo.egg-info/SOURCES.txt'
[1.883s] writing manifest file 'ros_myo.egg-info/SOURCES.txt'
[1.885s] running build_ext
[1.886s] Creating /home/jialuyu/Final_Project/ROS2_Myo_Connect/Final_Project_Code/myo_data/ros_myo/install/ros_myo/lib/python3.10/site-packages/ros-myo.egg-link (link to .)
[1.886s] Installing connectMyo script to /home/jialuyu/Final_Project/ROS2_Myo_Connect/Final_Project_Code/myo_data/ros_myo/install/ros_myo/lib/ros_myo
[1.886s] Installing myoDemo script to /home/jialuyu/Final_Project/ROS2_Myo_Connect/Final_Project_Code/myo_data/ros_myo/install/ros_myo/lib/ros_myo
[1.886s] Installing turtleSimDrive script to /home/jialuyu/Final_Project/ROS2_Myo_Connect/Final_Project_Code/myo_data/ros_myo/install/ros_myo/lib/ros_myo
[1.886s] 
[1.887s] Installed /home/jialuyu/Final_Project/ROS2_Myo_Connect/Final_Project_Code/myo_data/ros_myo/build/ros_myo
[1.887s] running install_data
[1.887s] creating /home/jialuyu/Final_Project/ROS2_Myo_Connect/Final_Project_Code/myo_data/ros_myo/install/ros_myo/share/ament_index
[1.887s] creating /home/jialuyu/Final_Project/ROS2_Myo_Connect/Final_Project_Code/myo_data/ros_myo/install/ros_myo/share/ament_index/resource_index
[1.887s] creating /home/jialuyu/Final_Project/ROS2_Myo_Connect/Final_Project_Code/myo_data/ros_myo/install/ros_myo/share/ament_index/resource_index/packages
[1.887s] copying resource/ros_myo -> /home/jialuyu/Final_Project/ROS2_Myo_Connect/Final_Project_Code/myo_data/ros_myo/install/ros_myo/share/ament_index/resource_index/packages
[1.887s] copying package.xml -> /home/jialuyu/Final_Project/ROS2_Myo_Connect/Final_Project_Code/myo_data/ros_myo/install/ros_myo/share/ros_myo
[1.887s] copying launch/turtle_analog.launch.xml -> /home/jialuyu/Final_Project/ROS2_Myo_Connect/Final_Project_Code/myo_data/ros_myo/install/ros_myo/share/ros_myo
[1.892s] copying launch/turtle_pose.launch.xml -> /home/jialuyu/Final_Project/ROS2_Myo_Connect/Final_Project_Code/myo_data/ros_myo/install/ros_myo/share/ros_myo
[1.918s] Invoked command in '/home/jialuyu/Final_Project/ROS2_Myo_Connect/Final_Project_Code/myo_data/ros_myo/build/ros_myo' returned '0': PYTHONPATH=/home/jialuyu/Final_Project/ROS2_Myo_Connect/Final_Project_Code/myo_data/ros_myo/build/ros_myo/prefix_override:/home/jialuyu/Final_Project/ROS2_Myo_Connect/Final_Project_Code/myo_data/ros_myo/install/ros_myo/lib/python3.10/site-packages:${PYTHONPATH} /usr/bin/python3 setup.py develop --editable --build-directory /home/jialuyu/Final_Project/ROS2_Myo_Connect/Final_Project_Code/myo_data/ros_myo/build/ros_myo/build --no-deps install_data
