[0.271s] Invoking command in '/home/jialuyu/Final_Project/ROS2_Myo_Connect/Final_Project_Code/build/myo_interfaces': CMAKE_PREFIX_PATH=${CMAKE_PREFIX_PATH}:/home/jialuyu/Final_Project/ROS2_Myo_Connect/Final_Project_Code/install/ros_myo:/home/jialuyu/Final_Project/ROS2_Myo_Connect/Final_Project_Code/myo_data/ros_myo/install/ros_myo:/home/jialuyu/ws/interbotix/install/interbotix_xs_modules:/home/jialuyu/ws/interbotix/install/interbotix_common_modules:/home/jialuyu/Winter_Project/install/ros_april_tag:/home/jialuyu/Winter_Project/install/moveit_python:/home/jialuyu/Winter_Project/install/face_recognition_ros_node:/home/jialuyu/Winter_Project/install/care:/home/jialuyu/ws/final_project_ROS/install/trigger:/home/jialuyu/ws/final_project_ROS/install/control:/home/jialuyu/ws/final_project_ROS/install/image_yolo:/home/jialuyu/ws/final_project_ROS/install/gun_trajectory:/home/jialuyu/ws/final_project_ROS/install/audio_input:/home/jialuyu/ws/moveit_pincher/install/pickmeup:/home/jialuyu/ws/moveit_pincher/install/moveit_wrapper:/home/jialuyu/ws/moveit_pincher/install/diff_drive:/opt/ros/iron /usr/bin/cmake --build /home/jialuyu/Final_Project/ROS2_Myo_Connect/Final_Project_Code/build/myo_interfaces -- -j32 -l32
[0.296s] -- Found ament_cmake: 2.0.4 (/opt/ros/iron/share/ament_cmake/cmake)
[0.458s] -- Override CMake install command with custom implementation using symlinks instead of copying resources
[0.464s] -- Found geometry_msgs: 5.0.0 (/opt/ros/iron/share/geometry_msgs/cmake)
[0.486s] -- Found rosidl_generator_c: 4.0.1 (/opt/ros/iron/share/rosidl_generator_c/cmake)
[0.492s] -- Found rosidl_generator_cpp: 4.0.1 (/opt/ros/iron/share/rosidl_generator_cpp/cmake)
[0.504s] -- Using all available rosidl_typesupport_c: rosidl_typesupport_fastrtps_c;rosidl_typesupport_introspection_c
[0.517s] -- Using all available rosidl_typesupport_cpp: rosidl_typesupport_fastrtps_cpp;rosidl_typesupport_introspection_cpp
[0.604s] -- Found rosidl_default_generators: 1.5.0 (/opt/ros/iron/share/rosidl_default_generators/cmake)
[0.613s] -- Found rosidl_adapter: 4.0.1 (/opt/ros/iron/share/rosidl_adapter/cmake)
[0.938s] -- Found ament_cmake_ros: 0.11.2 (/opt/ros/iron/share/ament_cmake_ros/cmake)
[1.268s] -- Using all available rosidl_typesupport_c: rosidl_typesupport_fastrtps_c;rosidl_typesupport_introspection_c
[1.394s] -- Using all available rosidl_typesupport_cpp: rosidl_typesupport_fastrtps_cpp;rosidl_typesupport_introspection_cpp
[1.420s] -- Found python_cmake_module: 0.10.2 (/opt/ros/iron/share/python_cmake_module/cmake)
[1.446s] -- Using PYTHON_EXECUTABLE: /usr/bin/python3
[1.446s] -- Using PYTHON_INCLUDE_DIRS: /usr/include/python3.10
[1.446s] -- Using PYTHON_LIBRARIES: /usr/lib/x86_64-linux-gnu/libpython3.10.so
[1.470s] -- Found ament_lint_auto: 0.14.3 (/opt/ros/iron/share/ament_lint_auto/cmake)
[1.478s] -- Added test 'copyright' to check source files copyright and LICENSE
[1.480s] -- Added test 'lint_cmake' to check CMake code style
[1.480s] -- Added test 'xmllint' to check XML markup files
[1.483s] -- Configuring done
[1.509s] -- Generating done
[1.513s] -- Build files have been written to: /home/jialuyu/Final_Project/ROS2_Myo_Connect/Final_Project_Code/build/myo_interfaces
[1.545s] [  2%] Built target myo_interfaces__rosidl_generator_type_description
[1.554s] [  2%] Built target ament_cmake_python_symlink_myo_interfaces
[1.558s] [35m[1mConsolidate compiler generated dependencies of target myo_interfaces__rosidl_generator_c[0m
[1.566s] [  4%] Built target myo_interfaces__cpp
[1.570s] [ 22%] Built target myo_interfaces__rosidl_generator_c
[1.582s] [35m[1mConsolidate compiler generated dependencies of target myo_interfaces__rosidl_typesupport_cpp[0m
[1.582s] [35m[1mConsolidate compiler generated dependencies of target myo_interfaces__rosidl_typesupport_introspection_c[0m
[1.582s] [35m[1mConsolidate compiler generated dependencies of target myo_interfaces__rosidl_typesupport_fastrtps_c[0m
[1.582s] [35m[1mConsolidate compiler generated dependencies of target myo_interfaces__rosidl_typesupport_fastrtps_cpp[0m
[1.582s] [35m[1mConsolidate compiler generated dependencies of target myo_interfaces__rosidl_typesupport_c[0m
[1.584s] [35m[1mConsolidate compiler generated dependencies of target myo_interfaces__rosidl_typesupport_introspection_cpp[0m
[1.597s] [ 36%] Built target myo_interfaces__rosidl_typesupport_c
[1.598s] [ 40%] Built target myo_interfaces__rosidl_typesupport_introspection_c
[1.598s] [ 50%] Built target myo_interfaces__rosidl_typesupport_cpp
[1.599s] [ 68%] Built target myo_interfaces__rosidl_typesupport_introspection_cpp
[1.600s] [ 65%] Built target myo_interfaces__rosidl_typesupport_fastrtps_c
[1.600s] [ 77%] Built target myo_interfaces__rosidl_typesupport_fastrtps_cpp
[1.623s] [ 77%] Built target myo_interfaces
[1.645s] [ 79%] Built target myo_interfaces__py
[1.656s] [35m[1mConsolidate compiler generated dependencies of target myo_interfaces__rosidl_generator_py[0m
[1.670s] [ 86%] Built target myo_interfaces__rosidl_generator_py
[1.681s] [35m[1mConsolidate compiler generated dependencies of target myo_interfaces__rosidl_typesupport_fastrtps_c__pyext[0m
[1.682s] [35m[1mConsolidate compiler generated dependencies of target myo_interfaces__rosidl_typesupport_introspection_c__pyext[0m
[1.682s] [35m[1mConsolidate compiler generated dependencies of target myo_interfaces__rosidl_typesupport_c__pyext[0m
[1.695s] [ 90%] Built target myo_interfaces__rosidl_typesupport_fastrtps_c__pyext
[1.695s] [ 95%] Built target myo_interfaces__rosidl_typesupport_introspection_c__pyext
[1.696s] [100%] Built target myo_interfaces__rosidl_typesupport_c__pyext
[1.926s] running egg_info
[1.926s] writing myo_interfaces.egg-info/PKG-INFO
[1.927s] writing dependency_links to myo_interfaces.egg-info/dependency_links.txt
[1.927s] writing top-level names to myo_interfaces.egg-info/top_level.txt
[1.929s] reading manifest file 'myo_interfaces.egg-info/SOURCES.txt'
[1.930s] writing manifest file 'myo_interfaces.egg-info/SOURCES.txt'
[1.955s] [100%] Built target ament_cmake_python_build_myo_interfaces_egg
[1.968s] Invoked command in '/home/jialuyu/Final_Project/ROS2_Myo_Connect/Final_Project_Code/build/myo_interfaces' returned '0': CMAKE_PREFIX_PATH=${CMAKE_PREFIX_PATH}:/home/jialuyu/Final_Project/ROS2_Myo_Connect/Final_Project_Code/install/ros_myo:/home/jialuyu/Final_Project/ROS2_Myo_Connect/Final_Project_Code/myo_data/ros_myo/install/ros_myo:/home/jialuyu/ws/interbotix/install/interbotix_xs_modules:/home/jialuyu/ws/interbotix/install/interbotix_common_modules:/home/jialuyu/Winter_Project/install/ros_april_tag:/home/jialuyu/Winter_Project/install/moveit_python:/home/jialuyu/Winter_Project/install/face_recognition_ros_node:/home/jialuyu/Winter_Project/install/care:/home/jialuyu/ws/final_project_ROS/install/trigger:/home/jialuyu/ws/final_project_ROS/install/control:/home/jialuyu/ws/final_project_ROS/install/image_yolo:/home/jialuyu/ws/final_project_ROS/install/gun_trajectory:/home/jialuyu/ws/final_project_ROS/install/audio_input:/home/jialuyu/ws/moveit_pincher/install/pickmeup:/home/jialuyu/ws/moveit_pincher/install/moveit_wrapper:/home/jialuyu/ws/moveit_pincher/install/diff_drive:/opt/ros/iron /usr/bin/cmake --build /home/jialuyu/Final_Project/ROS2_Myo_Connect/Final_Project_Code/build/myo_interfaces -- -j32 -l32
[2.085s] Invoking command in '/home/jialuyu/Final_Project/ROS2_Myo_Connect/Final_Project_Code/build/myo_interfaces': CMAKE_PREFIX_PATH=${CMAKE_PREFIX_PATH}:/home/jialuyu/Final_Project/ROS2_Myo_Connect/Final_Project_Code/install/ros_myo:/home/jialuyu/Final_Project/ROS2_Myo_Connect/Final_Project_Code/myo_data/ros_myo/install/ros_myo:/home/jialuyu/ws/interbotix/install/interbotix_xs_modules:/home/jialuyu/ws/interbotix/install/interbotix_common_modules:/home/jialuyu/Winter_Project/install/ros_april_tag:/home/jialuyu/Winter_Project/install/moveit_python:/home/jialuyu/Winter_Project/install/face_recognition_ros_node:/home/jialuyu/Winter_Project/install/care:/home/jialuyu/ws/final_project_ROS/install/trigger:/home/jialuyu/ws/final_project_ROS/install/control:/home/jialuyu/ws/final_project_ROS/install/image_yolo:/home/jialuyu/ws/final_project_ROS/install/gun_trajectory:/home/jialuyu/ws/final_project_ROS/install/audio_input:/home/jialuyu/ws/moveit_pincher/install/pickmeup:/home/jialuyu/ws/moveit_pincher/install/moveit_wrapper:/home/jialuyu/ws/moveit_pincher/install/diff_drive:/opt/ros/iron /usr/bin/cmake --install /home/jialuyu/Final_Project/ROS2_Myo_Connect/Final_Project_Code/build/myo_interfaces
[2.094s] -- Install configuration: ""
[2.095s] -- Execute custom install script
[2.095s] -- Up-to-date symlink: /home/jialuyu/Final_Project/ROS2_Myo_Connect/Final_Project_Code/install/myo_interfaces/share/ament_index/resource_index/rosidl_interfaces/myo_interfaces
[2.095s] -- Up-to-date symlink: /home/jialuyu/Final_Project/ROS2_Myo_Connect/Final_Project_Code/install/myo_interfaces/share/myo_interfaces/msg/EmgArray.json
[2.095s] -- Up-to-date symlink: /home/jialuyu/Final_Project/ROS2_Myo_Connect/Final_Project_Code/install/myo_interfaces/share/myo_interfaces/msg/MyoArm.json
[2.096s] -- Up-to-date symlink: /home/jialuyu/Final_Project/ROS2_Myo_Connect/Final_Project_Code/install/myo_interfaces/include/myo_interfaces/myo_interfaces/msg/detail/emg_array__functions.h
[2.096s] -- Up-to-date symlink: /home/jialuyu/Final_Project/ROS2_Myo_Connect/Final_Project_Code/install/myo_interfaces/include/myo_interfaces/myo_interfaces/msg/detail/emg_array__struct.h
[2.096s] -- Up-to-date symlink: /home/jialuyu/Final_Project/ROS2_Myo_Connect/Final_Project_Code/install/myo_interfaces/include/myo_interfaces/myo_interfaces/msg/detail/emg_array__type_support.h
[2.096s] -- Up-to-date symlink: /home/jialuyu/Final_Project/ROS2_Myo_Connect/Final_Project_Code/install/myo_interfaces/include/myo_interfaces/myo_interfaces/msg/detail/myo_arm__functions.h
[2.096s] -- Up-to-date symlink: /home/jialuyu/Final_Project/ROS2_Myo_Connect/Final_Project_Code/install/myo_interfaces/include/myo_interfaces/myo_interfaces/msg/detail/myo_arm__struct.h
[2.096s] -- Up-to-date symlink: /home/jialuyu/Final_Project/ROS2_Myo_Connect/Final_Project_Code/install/myo_interfaces/include/myo_interfaces/myo_interfaces/msg/detail/myo_arm__type_support.h
[2.097s] -- Up-to-date symlink: /home/jialuyu/Final_Project/ROS2_Myo_Connect/Final_Project_Code/install/myo_interfaces/include/myo_interfaces/myo_interfaces/msg/emg_array.h
[2.097s] -- Up-to-date symlink: /home/jialuyu/Final_Project/ROS2_Myo_Connect/Final_Project_Code/install/myo_interfaces/include/myo_interfaces/myo_interfaces/msg/myo_arm.h
[2.097s] -- Up-to-date symlink: /home/jialuyu/Final_Project/ROS2_Myo_Connect/Final_Project_Code/install/myo_interfaces/include/myo_interfaces/myo_interfaces/msg/rosidl_generator_c__visibility_control.h
[2.097s] -- Up-to-date symlink: /home/jialuyu/Final_Project/ROS2_Myo_Connect/Final_Project_Code/install/myo_interfaces/share/myo_interfaces/environment/library_path.sh
[2.097s] -- Up-to-date symlink: /home/jialuyu/Final_Project/ROS2_Myo_Connect/Final_Project_Code/install/myo_interfaces/share/myo_interfaces/environment/library_path.dsv
[2.097s] -- Up-to-date symlink: /home/jialuyu/Final_Project/ROS2_Myo_Connect/Final_Project_Code/install/myo_interfaces/include/myo_interfaces/myo_interfaces/msg/detail/emg_array__rosidl_typesupport_fastrtps_c.h
[2.097s] -- Up-to-date symlink: /home/jialuyu/Final_Project/ROS2_Myo_Connect/Final_Project_Code/install/myo_interfaces/include/myo_interfaces/myo_interfaces/msg/detail/myo_arm__rosidl_typesupport_fastrtps_c.h
[2.097s] -- Up-to-date symlink: /home/jialuyu/Final_Project/ROS2_Myo_Connect/Final_Project_Code/install/myo_interfaces/include/myo_interfaces/myo_interfaces/msg/rosidl_typesupport_fastrtps_c__visibility_control.h
[2.097s] -- Up-to-date symlink: /home/jialuyu/Final_Project/ROS2_Myo_Connect/Final_Project_Code/install/myo_interfaces/include/myo_interfaces/myo_interfaces/msg/detail/emg_array__builder.hpp
[2.098s] -- Up-to-date symlink: /home/jialuyu/Final_Project/ROS2_Myo_Connect/Final_Project_Code/install/myo_interfaces/include/myo_interfaces/myo_interfaces/msg/detail/emg_array__struct.hpp
[2.098s] -- Up-to-date symlink: /home/jialuyu/Final_Project/ROS2_Myo_Connect/Final_Project_Code/install/myo_interfaces/include/myo_interfaces/myo_interfaces/msg/detail/emg_array__traits.hpp
[2.098s] -- Up-to-date symlink: /home/jialuyu/Final_Project/ROS2_Myo_Connect/Final_Project_Code/install/myo_interfaces/include/myo_interfaces/myo_interfaces/msg/detail/myo_arm__builder.hpp
[2.098s] -- Up-to-date symlink: /home/jialuyu/Final_Project/ROS2_Myo_Connect/Final_Project_Code/install/myo_interfaces/include/myo_interfaces/myo_interfaces/msg/detail/myo_arm__struct.hpp
[2.098s] -- Up-to-date symlink: /home/jialuyu/Final_Project/ROS2_Myo_Connect/Final_Project_Code/install/myo_interfaces/include/myo_interfaces/myo_interfaces/msg/detail/myo_arm__traits.hpp
[2.098s] -- Up-to-date symlink: /home/jialuyu/Final_Project/ROS2_Myo_Connect/Final_Project_Code/install/myo_interfaces/include/myo_interfaces/myo_interfaces/msg/emg_array.hpp
[2.098s] -- Up-to-date symlink: /home/jialuyu/Final_Project/ROS2_Myo_Connect/Final_Project_Code/install/myo_interfaces/include/myo_interfaces/myo_interfaces/msg/myo_arm.hpp
[2.099s] -- Up-to-date symlink: /home/jialuyu/Final_Project/ROS2_Myo_Connect/Final_Project_Code/install/myo_interfaces/include/myo_interfaces/myo_interfaces/msg/detail/emg_array__rosidl_typesupport_fastrtps_cpp.hpp
[2.099s] -- Up-to-date symlink: /home/jialuyu/Final_Project/ROS2_Myo_Connect/Final_Project_Code/install/myo_interfaces/include/myo_interfaces/myo_interfaces/msg/detail/myo_arm__rosidl_typesupport_fastrtps_cpp.hpp
[2.099s] -- Up-to-date symlink: /home/jialuyu/Final_Project/ROS2_Myo_Connect/Final_Project_Code/install/myo_interfaces/include/myo_interfaces/myo_interfaces/msg/rosidl_typesupport_fastrtps_cpp__visibility_control.h
[2.099s] -- Up-to-date symlink: /home/jialuyu/Final_Project/ROS2_Myo_Connect/Final_Project_Code/install/myo_interfaces/include/myo_interfaces/myo_interfaces/msg/detail/emg_array__rosidl_typesupport_introspection_c.h
[2.099s] -- Up-to-date symlink: /home/jialuyu/Final_Project/ROS2_Myo_Connect/Final_Project_Code/install/myo_interfaces/include/myo_interfaces/myo_interfaces/msg/detail/myo_arm__rosidl_typesupport_introspection_c.h
[2.100s] -- Up-to-date symlink: /home/jialuyu/Final_Project/ROS2_Myo_Connect/Final_Project_Code/install/myo_interfaces/include/myo_interfaces/myo_interfaces/msg/rosidl_typesupport_introspection_c__visibility_control.h
[2.100s] -- Up-to-date symlink: /home/jialuyu/Final_Project/ROS2_Myo_Connect/Final_Project_Code/install/myo_interfaces/include/myo_interfaces/myo_interfaces/msg/detail/emg_array__rosidl_typesupport_introspection_cpp.hpp
[2.100s] -- Up-to-date symlink: /home/jialuyu/Final_Project/ROS2_Myo_Connect/Final_Project_Code/install/myo_interfaces/include/myo_interfaces/myo_interfaces/msg/detail/myo_arm__rosidl_typesupport_introspection_cpp.hpp
[2.100s] -- Up-to-date symlink: /home/jialuyu/Final_Project/ROS2_Myo_Connect/Final_Project_Code/install/myo_interfaces/share/myo_interfaces/environment/pythonpath.sh
[2.100s] -- Up-to-date symlink: /home/jialuyu/Final_Project/ROS2_Myo_Connect/Final_Project_Code/install/myo_interfaces/share/myo_interfaces/environment/pythonpath.dsv
[2.100s] -- Up-to-date symlink: /home/jialuyu/Final_Project/ROS2_Myo_Connect/Final_Project_Code/install/myo_interfaces/lib/python3.10/site-packages/myo_interfaces-0.0.0-py3.10.egg-info/PKG-INFO
[2.101s] -- Up-to-date symlink: /home/jialuyu/Final_Project/ROS2_Myo_Connect/Final_Project_Code/install/myo_interfaces/lib/python3.10/site-packages/myo_interfaces-0.0.0-py3.10.egg-info/SOURCES.txt
[2.101s] -- Up-to-date symlink: /home/jialuyu/Final_Project/ROS2_Myo_Connect/Final_Project_Code/install/myo_interfaces/lib/python3.10/site-packages/myo_interfaces-0.0.0-py3.10.egg-info/dependency_links.txt
[2.101s] -- Up-to-date symlink: /home/jialuyu/Final_Project/ROS2_Myo_Connect/Final_Project_Code/install/myo_interfaces/lib/python3.10/site-packages/myo_interfaces-0.0.0-py3.10.egg-info/top_level.txt
[2.101s] -- Up-to-date symlink: /home/jialuyu/Final_Project/ROS2_Myo_Connect/Final_Project_Code/install/myo_interfaces/lib/python3.10/site-packages/myo_interfaces/__init__.py
[2.101s] -- Up-to-date symlink: /home/jialuyu/Final_Project/ROS2_Myo_Connect/Final_Project_Code/install/myo_interfaces/lib/python3.10/site-packages/myo_interfaces/_myo_interfaces_s.ep.rosidl_typesupport_c.c
[2.102s] -- Up-to-date symlink: /home/jialuyu/Final_Project/ROS2_Myo_Connect/Final_Project_Code/install/myo_interfaces/lib/python3.10/site-packages/myo_interfaces/_myo_interfaces_s.ep.rosidl_typesupport_fastrtps_c.c
[2.102s] -- Up-to-date symlink: /home/jialuyu/Final_Project/ROS2_Myo_Connect/Final_Project_Code/install/myo_interfaces/lib/python3.10/site-packages/myo_interfaces/_myo_interfaces_s.ep.rosidl_typesupport_introspection_c.c
[2.102s] -- Up-to-date symlink: /home/jialuyu/Final_Project/ROS2_Myo_Connect/Final_Project_Code/install/myo_interfaces/lib/python3.10/site-packages/myo_interfaces/libmyo_interfaces__rosidl_generator_py.so
[2.102s] -- Up-to-date symlink: /home/jialuyu/Final_Project/ROS2_Myo_Connect/Final_Project_Code/install/myo_interfaces/lib/python3.10/site-packages/myo_interfaces/msg/__init__.py
[2.102s] -- Up-to-date symlink: /home/jialuyu/Final_Project/ROS2_Myo_Connect/Final_Project_Code/install/myo_interfaces/lib/python3.10/site-packages/myo_interfaces/msg/_emg_array.py
[2.102s] -- Up-to-date symlink: /home/jialuyu/Final_Project/ROS2_Myo_Connect/Final_Project_Code/install/myo_interfaces/lib/python3.10/site-packages/myo_interfaces/msg/_emg_array_s.c
[2.102s] -- Up-to-date symlink: /home/jialuyu/Final_Project/ROS2_Myo_Connect/Final_Project_Code/install/myo_interfaces/lib/python3.10/site-packages/myo_interfaces/msg/_myo_arm.py
[2.102s] -- Up-to-date symlink: /home/jialuyu/Final_Project/ROS2_Myo_Connect/Final_Project_Code/install/myo_interfaces/lib/python3.10/site-packages/myo_interfaces/msg/_myo_arm_s.c
[2.103s] -- Up-to-date symlink: /home/jialuyu/Final_Project/ROS2_Myo_Connect/Final_Project_Code/install/myo_interfaces/lib/python3.10/site-packages/myo_interfaces/myo_interfaces_s__rosidl_typesupport_c.cpython-310-x86_64-linux-gnu.so
[2.103s] -- Up-to-date symlink: /home/jialuyu/Final_Project/ROS2_Myo_Connect/Final_Project_Code/install/myo_interfaces/lib/python3.10/site-packages/myo_interfaces/myo_interfaces_s__rosidl_typesupport_fastrtps_c.cpython-310-x86_64-linux-gnu.so
[2.103s] -- Up-to-date symlink: /home/jialuyu/Final_Project/ROS2_Myo_Connect/Final_Project_Code/install/myo_interfaces/lib/python3.10/site-packages/myo_interfaces/myo_interfaces_s__rosidl_typesupport_introspection_c.cpython-310-x86_64-linux-gnu.so
[2.103s] -- Up-to-date symlink: /home/jialuyu/Final_Project/ROS2_Myo_Connect/Final_Project_Code/install/myo_interfaces/lib/python3.10/site-packages/myo_interfaces/myo_interfaces_s__rosidl_typesupport_fastrtps_c.cpython-310-x86_64-linux-gnu.so
[2.103s] -- Up-to-date symlink: /home/jialuyu/Final_Project/ROS2_Myo_Connect/Final_Project_Code/install/myo_interfaces/lib/python3.10/site-packages/myo_interfaces/myo_interfaces_s__rosidl_typesupport_introspection_c.cpython-310-x86_64-linux-gnu.so
[2.104s] -- Up-to-date symlink: /home/jialuyu/Final_Project/ROS2_Myo_Connect/Final_Project_Code/install/myo_interfaces/lib/python3.10/site-packages/myo_interfaces/myo_interfaces_s__rosidl_typesupport_c.cpython-310-x86_64-linux-gnu.so
[2.104s] -- Up-to-date symlink: /home/jialuyu/Final_Project/ROS2_Myo_Connect/Final_Project_Code/install/myo_interfaces/share/myo_interfaces/msg/EmgArray.idl
[2.104s] -- Up-to-date symlink: /home/jialuyu/Final_Project/ROS2_Myo_Connect/Final_Project_Code/install/myo_interfaces/share/myo_interfaces/msg/MyoArm.idl
[2.104s] -- Up-to-date symlink: /home/jialuyu/Final_Project/ROS2_Myo_Connect/Final_Project_Code/install/myo_interfaces/share/myo_interfaces/msg/EmgArray.msg
[2.104s] -- Up-to-date symlink: /home/jialuyu/Final_Project/ROS2_Myo_Connect/Final_Project_Code/install/myo_interfaces/share/myo_interfaces/msg/MyoArm.msg
[2.104s] -- Up-to-date symlink: /home/jialuyu/Final_Project/ROS2_Myo_Connect/Final_Project_Code/install/myo_interfaces/share/ament_index/resource_index/package_run_dependencies/myo_interfaces
[2.105s] -- Up-to-date symlink: /home/jialuyu/Final_Project/ROS2_Myo_Connect/Final_Project_Code/install/myo_interfaces/share/ament_index/resource_index/parent_prefix_path/myo_interfaces
[2.105s] -- Up-to-date symlink: /home/jialuyu/Final_Project/ROS2_Myo_Connect/Final_Project_Code/install/myo_interfaces/share/myo_interfaces/environment/ament_prefix_path.sh
[2.105s] -- Up-to-date symlink: /home/jialuyu/Final_Project/ROS2_Myo_Connect/Final_Project_Code/install/myo_interfaces/share/myo_interfaces/environment/ament_prefix_path.dsv
[2.105s] -- Up-to-date symlink: /home/jialuyu/Final_Project/ROS2_Myo_Connect/Final_Project_Code/install/myo_interfaces/share/myo_interfaces/environment/path.sh
[2.105s] -- Up-to-date symlink: /home/jialuyu/Final_Project/ROS2_Myo_Connect/Final_Project_Code/install/myo_interfaces/share/myo_interfaces/environment/path.dsv
[2.105s] -- Up-to-date symlink: /home/jialuyu/Final_Project/ROS2_Myo_Connect/Final_Project_Code/install/myo_interfaces/share/myo_interfaces/local_setup.bash
[2.106s] -- Up-to-date symlink: /home/jialuyu/Final_Project/ROS2_Myo_Connect/Final_Project_Code/install/myo_interfaces/share/myo_interfaces/local_setup.sh
[2.106s] -- Up-to-date symlink: /home/jialuyu/Final_Project/ROS2_Myo_Connect/Final_Project_Code/install/myo_interfaces/share/myo_interfaces/local_setup.zsh
[2.106s] -- Up-to-date symlink: /home/jialuyu/Final_Project/ROS2_Myo_Connect/Final_Project_Code/install/myo_interfaces/share/myo_interfaces/local_setup.dsv
[2.106s] -- Symlinking: /home/jialuyu/Final_Project/ROS2_Myo_Connect/Final_Project_Code/install/myo_interfaces/share/myo_interfaces/package.dsv
[2.114s] -- Up-to-date symlink: /home/jialuyu/Final_Project/ROS2_Myo_Connect/Final_Project_Code/install/myo_interfaces/share/ament_index/resource_index/packages/myo_interfaces
[2.114s] -- Up-to-date symlink: /home/jialuyu/Final_Project/ROS2_Myo_Connect/Final_Project_Code/install/myo_interfaces/share/myo_interfaces/cmake/rosidl_cmake-extras.cmake
[2.114s] -- Up-to-date symlink: /home/jialuyu/Final_Project/ROS2_Myo_Connect/Final_Project_Code/install/myo_interfaces/share/myo_interfaces/cmake/ament_cmake_export_include_directories-extras.cmake
[2.115s] -- Up-to-date symlink: /home/jialuyu/Final_Project/ROS2_Myo_Connect/Final_Project_Code/install/myo_interfaces/share/myo_interfaces/cmake/ament_cmake_export_libraries-extras.cmake
[2.115s] -- Up-to-date symlink: /home/jialuyu/Final_Project/ROS2_Myo_Connect/Final_Project_Code/install/myo_interfaces/share/myo_interfaces/cmake/ament_cmake_export_targets-extras.cmake
[2.115s] -- Up-to-date symlink: /home/jialuyu/Final_Project/ROS2_Myo_Connect/Final_Project_Code/install/myo_interfaces/share/myo_interfaces/cmake/rosidl_cmake_export_typesupport_targets-extras.cmake
[2.115s] -- Up-to-date symlink: /home/jialuyu/Final_Project/ROS2_Myo_Connect/Final_Project_Code/install/myo_interfaces/share/myo_interfaces/cmake/ament_cmake_export_dependencies-extras.cmake
[2.115s] -- Up-to-date symlink: /home/jialuyu/Final_Project/ROS2_Myo_Connect/Final_Project_Code/install/myo_interfaces/share/myo_interfaces/cmake/rosidl_cmake_export_typesupport_libraries-extras.cmake
[2.115s] -- Up-to-date symlink: /home/jialuyu/Final_Project/ROS2_Myo_Connect/Final_Project_Code/install/myo_interfaces/share/myo_interfaces/cmake/myo_interfacesConfig.cmake
[2.115s] -- Up-to-date symlink: /home/jialuyu/Final_Project/ROS2_Myo_Connect/Final_Project_Code/install/myo_interfaces/share/myo_interfaces/cmake/myo_interfacesConfig-version.cmake
[2.116s] -- Up-to-date symlink: /home/jialuyu/Final_Project/ROS2_Myo_Connect/Final_Project_Code/install/myo_interfaces/share/myo_interfaces/package.xml
[2.116s] -- Up-to-date: /home/jialuyu/Final_Project/ROS2_Myo_Connect/Final_Project_Code/install/myo_interfaces/lib/libmyo_interfaces__rosidl_generator_c.so
[2.116s] -- Up-to-date: /home/jialuyu/Final_Project/ROS2_Myo_Connect/Final_Project_Code/install/myo_interfaces/lib/libmyo_interfaces__rosidl_typesupport_fastrtps_c.so
[2.116s] -- Up-to-date: /home/jialuyu/Final_Project/ROS2_Myo_Connect/Final_Project_Code/install/myo_interfaces/lib/libmyo_interfaces__rosidl_typesupport_fastrtps_cpp.so
[2.116s] -- Up-to-date: /home/jialuyu/Final_Project/ROS2_Myo_Connect/Final_Project_Code/install/myo_interfaces/lib/libmyo_interfaces__rosidl_typesupport_introspection_c.so
[2.117s] -- Up-to-date: /home/jialuyu/Final_Project/ROS2_Myo_Connect/Final_Project_Code/install/myo_interfaces/lib/libmyo_interfaces__rosidl_typesupport_c.so
[2.117s] -- Up-to-date: /home/jialuyu/Final_Project/ROS2_Myo_Connect/Final_Project_Code/install/myo_interfaces/lib/libmyo_interfaces__rosidl_typesupport_introspection_cpp.so
[2.117s] -- Up-to-date: /home/jialuyu/Final_Project/ROS2_Myo_Connect/Final_Project_Code/install/myo_interfaces/lib/libmyo_interfaces__rosidl_typesupport_cpp.so
[2.160s] Listing '/home/jialuyu/Final_Project/ROS2_Myo_Connect/Final_Project_Code/install/myo_interfaces/lib/python3.10/site-packages/myo_interfaces'...
[2.160s] Compiling '/home/jialuyu/Final_Project/ROS2_Myo_Connect/Final_Project_Code/install/myo_interfaces/lib/python3.10/site-packages/myo_interfaces/__init__.py'...
[2.160s] Listing '/home/jialuyu/Final_Project/ROS2_Myo_Connect/Final_Project_Code/install/myo_interfaces/lib/python3.10/site-packages/myo_interfaces/msg'...
[2.164s] -- Up-to-date: /home/jialuyu/Final_Project/ROS2_Myo_Connect/Final_Project_Code/install/myo_interfaces/lib/libmyo_interfaces__rosidl_generator_py.so
[2.164s] -- Up-to-date: /home/jialuyu/Final_Project/ROS2_Myo_Connect/Final_Project_Code/install/myo_interfaces/share/myo_interfaces/cmake/export_myo_interfaces__rosidl_generator_cExport.cmake
[2.164s] -- Up-to-date: /home/jialuyu/Final_Project/ROS2_Myo_Connect/Final_Project_Code/install/myo_interfaces/share/myo_interfaces/cmake/export_myo_interfaces__rosidl_generator_cExport-noconfig.cmake
[2.164s] -- Up-to-date: /home/jialuyu/Final_Project/ROS2_Myo_Connect/Final_Project_Code/install/myo_interfaces/share/myo_interfaces/cmake/export_myo_interfaces__rosidl_typesupport_fastrtps_cExport.cmake
[2.164s] -- Up-to-date: /home/jialuyu/Final_Project/ROS2_Myo_Connect/Final_Project_Code/install/myo_interfaces/share/myo_interfaces/cmake/export_myo_interfaces__rosidl_typesupport_fastrtps_cExport-noconfig.cmake
[2.165s] -- Up-to-date: /home/jialuyu/Final_Project/ROS2_Myo_Connect/Final_Project_Code/install/myo_interfaces/share/myo_interfaces/cmake/export_myo_interfaces__rosidl_generator_cppExport.cmake
[2.165s] -- Up-to-date: /home/jialuyu/Final_Project/ROS2_Myo_Connect/Final_Project_Code/install/myo_interfaces/share/myo_interfaces/cmake/export_myo_interfaces__rosidl_typesupport_fastrtps_cppExport.cmake
[2.165s] -- Up-to-date: /home/jialuyu/Final_Project/ROS2_Myo_Connect/Final_Project_Code/install/myo_interfaces/share/myo_interfaces/cmake/export_myo_interfaces__rosidl_typesupport_fastrtps_cppExport-noconfig.cmake
[2.165s] -- Up-to-date: /home/jialuyu/Final_Project/ROS2_Myo_Connect/Final_Project_Code/install/myo_interfaces/share/myo_interfaces/cmake/myo_interfaces__rosidl_typesupport_introspection_cExport.cmake
[2.165s] -- Up-to-date: /home/jialuyu/Final_Project/ROS2_Myo_Connect/Final_Project_Code/install/myo_interfaces/share/myo_interfaces/cmake/myo_interfaces__rosidl_typesupport_introspection_cExport-noconfig.cmake
[2.165s] -- Up-to-date: /home/jialuyu/Final_Project/ROS2_Myo_Connect/Final_Project_Code/install/myo_interfaces/share/myo_interfaces/cmake/myo_interfaces__rosidl_typesupport_cExport.cmake
[2.165s] -- Up-to-date: /home/jialuyu/Final_Project/ROS2_Myo_Connect/Final_Project_Code/install/myo_interfaces/share/myo_interfaces/cmake/myo_interfaces__rosidl_typesupport_cExport-noconfig.cmake
[2.165s] -- Up-to-date: /home/jialuyu/Final_Project/ROS2_Myo_Connect/Final_Project_Code/install/myo_interfaces/share/myo_interfaces/cmake/myo_interfaces__rosidl_typesupport_introspection_cppExport.cmake
[2.165s] -- Up-to-date: /home/jialuyu/Final_Project/ROS2_Myo_Connect/Final_Project_Code/install/myo_interfaces/share/myo_interfaces/cmake/myo_interfaces__rosidl_typesupport_introspection_cppExport-noconfig.cmake
[2.165s] -- Up-to-date: /home/jialuyu/Final_Project/ROS2_Myo_Connect/Final_Project_Code/install/myo_interfaces/share/myo_interfaces/cmake/myo_interfaces__rosidl_typesupport_cppExport.cmake
[2.165s] -- Up-to-date: /home/jialuyu/Final_Project/ROS2_Myo_Connect/Final_Project_Code/install/myo_interfaces/share/myo_interfaces/cmake/myo_interfaces__rosidl_typesupport_cppExport-noconfig.cmake
[2.165s] -- Up-to-date: /home/jialuyu/Final_Project/ROS2_Myo_Connect/Final_Project_Code/install/myo_interfaces/share/myo_interfaces/cmake/export_myo_interfaces__rosidl_generator_pyExport.cmake
[2.165s] -- Up-to-date: /home/jialuyu/Final_Project/ROS2_Myo_Connect/Final_Project_Code/install/myo_interfaces/share/myo_interfaces/cmake/export_myo_interfaces__rosidl_generator_pyExport-noconfig.cmake
[2.167s] Invoked command in '/home/jialuyu/Final_Project/ROS2_Myo_Connect/Final_Project_Code/build/myo_interfaces' returned '0': CMAKE_PREFIX_PATH=${CMAKE_PREFIX_PATH}:/home/jialuyu/Final_Project/ROS2_Myo_Connect/Final_Project_Code/install/ros_myo:/home/jialuyu/Final_Project/ROS2_Myo_Connect/Final_Project_Code/myo_data/ros_myo/install/ros_myo:/home/jialuyu/ws/interbotix/install/interbotix_xs_modules:/home/jialuyu/ws/interbotix/install/interbotix_common_modules:/home/jialuyu/Winter_Project/install/ros_april_tag:/home/jialuyu/Winter_Project/install/moveit_python:/home/jialuyu/Winter_Project/install/face_recognition_ros_node:/home/jialuyu/Winter_Project/install/care:/home/jialuyu/ws/final_project_ROS/install/trigger:/home/jialuyu/ws/final_project_ROS/install/control:/home/jialuyu/ws/final_project_ROS/install/image_yolo:/home/jialuyu/ws/final_project_ROS/install/gun_trajectory:/home/jialuyu/ws/final_project_ROS/install/audio_input:/home/jialuyu/ws/moveit_pincher/install/pickmeup:/home/jialuyu/ws/moveit_pincher/install/moveit_wrapper:/home/jialuyu/ws/moveit_pincher/install/diff_drive:/opt/ros/iron /usr/bin/cmake --install /home/jialuyu/Final_Project/ROS2_Myo_Connect/Final_Project_Code/build/myo_interfaces
