[1.470s] DEBUG:colcon:Command line arguments: ['/usr/bin/colcon', 'build', '--symlink-install']
[1.470s] DEBUG:colcon:Parsed command line arguments: Namespace(log_base=None, log_level=None, verb_name='build', build_base='build', install_base='install', merge_install=False, symlink_install=True, test_result_base=None, continue_on_error=False, executor='parallel', parallel_workers=32, event_handlers=None, ignore_user_meta=False, metas=['./colcon.meta'], base_paths=['.'], packages_ignore=None, packages_ignore_regex=None, paths=None, packages_up_to=None, packages_up_to_regex=None, packages_above=None, packages_above_and_dependencies=None, packages_above_depth=None, packages_select_by_dep=None, packages_skip_by_dep=None, packages_skip_up_to=None, packages_select_build_failed=False, packages_skip_build_finished=False, packages_select_test_failures=False, packages_skip_test_passed=False, packages_select=None, packages_skip=None, packages_select_regex=None, packages_skip_regex=None, packages_start=None, packages_end=None, allow_overriding=[], cmake_args=None, cmake_target=None, cmake_target_skip_unavailable=False, cmake_clean_cache=False, cmake_clean_first=False, cmake_force_configure=False, ament_cmake_args=None, catkin_cmake_args=None, catkin_skip_building_tests=False, mixin_files=None, mixin=None, verb_parser=<colcon_mixin.mixin.mixin_argument.MixinArgumentDecorator object at 0x7dcd76bc6620>, verb_extension=<colcon_core.verb.build.BuildVerb object at 0x7dcd76bff100>, main=<bound method BuildVerb.main of <colcon_core.verb.build.BuildVerb object at 0x7dcd76bff100>>, mixin_verb=('build',))
[1.519s] Level 1:colcon.colcon_core.package_discovery:discover_packages(colcon_meta) check parameters
[1.519s] Level 1:colcon.colcon_core.package_discovery:discover_packages(recursive) check parameters
[1.519s] Level 1:colcon.colcon_core.package_discovery:discover_packages(ignore) check parameters
[1.519s] Level 1:colcon.colcon_core.package_discovery:discover_packages(path) check parameters
[1.519s] Level 1:colcon.colcon_core.package_discovery:discover_packages(colcon_meta) discover
[1.519s] Level 1:colcon.colcon_core.package_discovery:discover_packages(recursive) discover
[1.519s] INFO:colcon.colcon_core.package_discovery:Crawling recursively for packages in '/home/jialuyu/Final_Project/ROS2_Myo_Connect'
[1.519s] Level 1:colcon.colcon_core.package_identification:_identify(.) by extensions ['ignore', 'ignore_ament_install']
[1.519s] Level 1:colcon.colcon_core.package_identification:_identify(.) by extension 'ignore'
[1.519s] Level 1:colcon.colcon_core.package_identification:_identify(.) by extension 'ignore_ament_install'
[1.519s] Level 1:colcon.colcon_core.package_identification:_identify(.) by extensions ['colcon_pkg']
[1.519s] Level 1:colcon.colcon_core.package_identification:_identify(.) by extension 'colcon_pkg'
[1.519s] Level 1:colcon.colcon_core.package_identification:_identify(.) by extensions ['colcon_meta']
[1.519s] Level 1:colcon.colcon_core.package_identification:_identify(.) by extension 'colcon_meta'
[1.519s] Level 1:colcon.colcon_core.package_identification:_identify(.) by extensions ['ros']
[1.519s] Level 1:colcon.colcon_core.package_identification:_identify(.) by extension 'ros'
[1.528s] Level 1:colcon.colcon_core.package_identification:_identify(.) by extensions ['cmake', 'python']
[1.529s] Level 1:colcon.colcon_core.package_identification:_identify(.) by extension 'cmake'
[1.529s] Level 1:colcon.colcon_core.package_identification:_identify(.) by extension 'python'
[1.529s] Level 1:colcon.colcon_core.package_identification:_identify(.) by extensions ['python_setup_py']
[1.529s] Level 1:colcon.colcon_core.package_identification:_identify(.) by extension 'python_setup_py'
[1.529s] Level 1:colcon.colcon_core.package_identification:_identify(Final_Project_Code) by extensions ['ignore', 'ignore_ament_install']
[1.529s] Level 1:colcon.colcon_core.package_identification:_identify(Final_Project_Code) by extension 'ignore'
[1.529s] Level 1:colcon.colcon_core.package_identification:_identify(Final_Project_Code) by extension 'ignore_ament_install'
[1.529s] Level 1:colcon.colcon_core.package_identification:_identify(Final_Project_Code) by extensions ['colcon_pkg']
[1.529s] Level 1:colcon.colcon_core.package_identification:_identify(Final_Project_Code) by extension 'colcon_pkg'
[1.529s] Level 1:colcon.colcon_core.package_identification:_identify(Final_Project_Code) by extensions ['colcon_meta']
[1.529s] Level 1:colcon.colcon_core.package_identification:_identify(Final_Project_Code) by extension 'colcon_meta'
[1.529s] Level 1:colcon.colcon_core.package_identification:_identify(Final_Project_Code) by extensions ['ros']
[1.529s] Level 1:colcon.colcon_core.package_identification:_identify(Final_Project_Code) by extension 'ros'
[1.529s] Level 1:colcon.colcon_core.package_identification:_identify(Final_Project_Code) by extensions ['cmake', 'python']
[1.529s] Level 1:colcon.colcon_core.package_identification:_identify(Final_Project_Code) by extension 'cmake'
[1.529s] Level 1:colcon.colcon_core.package_identification:_identify(Final_Project_Code) by extension 'python'
[1.529s] Level 1:colcon.colcon_core.package_identification:_identify(Final_Project_Code) by extensions ['python_setup_py']
[1.529s] Level 1:colcon.colcon_core.package_identification:_identify(Final_Project_Code) by extension 'python_setup_py'
[1.529s] Level 1:colcon.colcon_core.package_identification:_identify(Final_Project_Code/Myo_Connect) by extensions ['ignore', 'ignore_ament_install']
[1.529s] Level 1:colcon.colcon_core.package_identification:_identify(Final_Project_Code/Myo_Connect) by extension 'ignore'
[1.529s] Level 1:colcon.colcon_core.package_identification:_identify(Final_Project_Code/Myo_Connect) by extension 'ignore_ament_install'
[1.529s] Level 1:colcon.colcon_core.package_identification:_identify(Final_Project_Code/Myo_Connect) by extensions ['colcon_pkg']
[1.529s] Level 1:colcon.colcon_core.package_identification:_identify(Final_Project_Code/Myo_Connect) by extension 'colcon_pkg'
[1.530s] Level 1:colcon.colcon_core.package_identification:_identify(Final_Project_Code/Myo_Connect) by extensions ['colcon_meta']
[1.530s] Level 1:colcon.colcon_core.package_identification:_identify(Final_Project_Code/Myo_Connect) by extension 'colcon_meta'
[1.530s] Level 1:colcon.colcon_core.package_identification:_identify(Final_Project_Code/Myo_Connect) by extensions ['ros']
[1.530s] Level 1:colcon.colcon_core.package_identification:_identify(Final_Project_Code/Myo_Connect) by extension 'ros'
[1.530s] Level 1:colcon.colcon_core.package_identification:_identify(Final_Project_Code/Myo_Connect) by extensions ['cmake', 'python']
[1.530s] Level 1:colcon.colcon_core.package_identification:_identify(Final_Project_Code/Myo_Connect) by extension 'cmake'
[1.530s] Level 1:colcon.colcon_core.package_identification:_identify(Final_Project_Code/Myo_Connect) by extension 'python'
[1.530s] Level 1:colcon.colcon_core.package_identification:_identify(Final_Project_Code/Myo_Connect) by extensions ['python_setup_py']
[1.530s] Level 1:colcon.colcon_core.package_identification:_identify(Final_Project_Code/Myo_Connect) by extension 'python_setup_py'
[1.530s] Level 1:colcon.colcon_core.package_identification:_identify(Final_Project_Code/Myo_Connect/myo-raw) by extensions ['ignore', 'ignore_ament_install']
[1.530s] Level 1:colcon.colcon_core.package_identification:_identify(Final_Project_Code/Myo_Connect/myo-raw) by extension 'ignore'
[1.530s] Level 1:colcon.colcon_core.package_identification:_identify(Final_Project_Code/Myo_Connect/myo-raw) by extension 'ignore_ament_install'
[1.530s] Level 1:colcon.colcon_core.package_identification:_identify(Final_Project_Code/Myo_Connect/myo-raw) by extensions ['colcon_pkg']
[1.530s] Level 1:colcon.colcon_core.package_identification:_identify(Final_Project_Code/Myo_Connect/myo-raw) by extension 'colcon_pkg'
[1.530s] Level 1:colcon.colcon_core.package_identification:_identify(Final_Project_Code/Myo_Connect/myo-raw) by extensions ['colcon_meta']
[1.530s] Level 1:colcon.colcon_core.package_identification:_identify(Final_Project_Code/Myo_Connect/myo-raw) by extension 'colcon_meta'
[1.530s] Level 1:colcon.colcon_core.package_identification:_identify(Final_Project_Code/Myo_Connect/myo-raw) by extensions ['ros']
[1.530s] Level 1:colcon.colcon_core.package_identification:_identify(Final_Project_Code/Myo_Connect/myo-raw) by extension 'ros'
[1.530s] Level 1:colcon.colcon_core.package_identification:_identify(Final_Project_Code/Myo_Connect/myo-raw) by extensions ['cmake', 'python']
[1.530s] Level 1:colcon.colcon_core.package_identification:_identify(Final_Project_Code/Myo_Connect/myo-raw) by extension 'cmake'
[1.530s] Level 1:colcon.colcon_core.package_identification:_identify(Final_Project_Code/Myo_Connect/myo-raw) by extension 'python'
[1.530s] Level 1:colcon.colcon_core.package_identification:_identify(Final_Project_Code/Myo_Connect/myo-raw) by extensions ['python_setup_py']
[1.530s] Level 1:colcon.colcon_core.package_identification:_identify(Final_Project_Code/Myo_Connect/myo-raw) by extension 'python_setup_py'
[1.530s] Level 1:colcon.colcon_core.package_identification:_identify(Final_Project_Code/Myo_Connect/myo-raw/__pycache__) by extensions ['ignore', 'ignore_ament_install']
[1.530s] Level 1:colcon.colcon_core.package_identification:_identify(Final_Project_Code/Myo_Connect/myo-raw/__pycache__) by extension 'ignore'
[1.530s] Level 1:colcon.colcon_core.package_identification:_identify(Final_Project_Code/Myo_Connect/myo-raw/__pycache__) by extension 'ignore_ament_install'
[1.531s] Level 1:colcon.colcon_core.package_identification:_identify(Final_Project_Code/Myo_Connect/myo-raw/__pycache__) by extensions ['colcon_pkg']
[1.531s] Level 1:colcon.colcon_core.package_identification:_identify(Final_Project_Code/Myo_Connect/myo-raw/__pycache__) by extension 'colcon_pkg'
[1.531s] Level 1:colcon.colcon_core.package_identification:_identify(Final_Project_Code/Myo_Connect/myo-raw/__pycache__) by extensions ['colcon_meta']
[1.531s] Level 1:colcon.colcon_core.package_identification:_identify(Final_Project_Code/Myo_Connect/myo-raw/__pycache__) by extension 'colcon_meta'
[1.531s] Level 1:colcon.colcon_core.package_identification:_identify(Final_Project_Code/Myo_Connect/myo-raw/__pycache__) by extensions ['ros']
[1.531s] Level 1:colcon.colcon_core.package_identification:_identify(Final_Project_Code/Myo_Connect/myo-raw/__pycache__) by extension 'ros'
[1.531s] Level 1:colcon.colcon_core.package_identification:_identify(Final_Project_Code/Myo_Connect/myo-raw/__pycache__) by extensions ['cmake', 'python']
[1.531s] Level 1:colcon.colcon_core.package_identification:_identify(Final_Project_Code/Myo_Connect/myo-raw/__pycache__) by extension 'cmake'
[1.531s] Level 1:colcon.colcon_core.package_identification:_identify(Final_Project_Code/Myo_Connect/myo-raw/__pycache__) by extension 'python'
[1.531s] Level 1:colcon.colcon_core.package_identification:_identify(Final_Project_Code/Myo_Connect/myo-raw/__pycache__) by extensions ['python_setup_py']
[1.531s] Level 1:colcon.colcon_core.package_identification:_identify(Final_Project_Code/Myo_Connect/myo-raw/__pycache__) by extension 'python_setup_py'
[1.531s] Level 1:colcon.colcon_core.package_identification:_identify(Final_Project_Code/Myo_Connect/myo-raw/data) by extensions ['ignore', 'ignore_ament_install']
[1.531s] Level 1:colcon.colcon_core.package_identification:_identify(Final_Project_Code/Myo_Connect/myo-raw/data) by extension 'ignore'
[1.531s] Level 1:colcon.colcon_core.package_identification:_identify(Final_Project_Code/Myo_Connect/myo-raw/data) by extension 'ignore_ament_install'
[1.531s] Level 1:colcon.colcon_core.package_identification:_identify(Final_Project_Code/Myo_Connect/myo-raw/data) by extensions ['colcon_pkg']
[1.531s] Level 1:colcon.colcon_core.package_identification:_identify(Final_Project_Code/Myo_Connect/myo-raw/data) by extension 'colcon_pkg'
[1.531s] Level 1:colcon.colcon_core.package_identification:_identify(Final_Project_Code/Myo_Connect/myo-raw/data) by extensions ['colcon_meta']
[1.531s] Level 1:colcon.colcon_core.package_identification:_identify(Final_Project_Code/Myo_Connect/myo-raw/data) by extension 'colcon_meta'
[1.531s] Level 1:colcon.colcon_core.package_identification:_identify(Final_Project_Code/Myo_Connect/myo-raw/data) by extensions ['ros']
[1.531s] Level 1:colcon.colcon_core.package_identification:_identify(Final_Project_Code/Myo_Connect/myo-raw/data) by extension 'ros'
[1.531s] Level 1:colcon.colcon_core.package_identification:_identify(Final_Project_Code/Myo_Connect/myo-raw/data) by extensions ['cmake', 'python']
[1.531s] Level 1:colcon.colcon_core.package_identification:_identify(Final_Project_Code/Myo_Connect/myo-raw/data) by extension 'cmake'
[1.531s] Level 1:colcon.colcon_core.package_identification:_identify(Final_Project_Code/Myo_Connect/myo-raw/data) by extension 'python'
[1.531s] Level 1:colcon.colcon_core.package_identification:_identify(Final_Project_Code/Myo_Connect/myo-raw/data) by extensions ['python_setup_py']
[1.531s] Level 1:colcon.colcon_core.package_identification:_identify(Final_Project_Code/Myo_Connect/myo-raw/data) by extension 'python_setup_py'
[1.531s] Level 1:colcon.colcon_core.package_identification:_identify(Final_Project_Code/myo_data) by extensions ['ignore', 'ignore_ament_install']
[1.531s] Level 1:colcon.colcon_core.package_identification:_identify(Final_Project_Code/myo_data) by extension 'ignore'
[1.532s] Level 1:colcon.colcon_core.package_identification:_identify(Final_Project_Code/myo_data) by extension 'ignore_ament_install'
[1.532s] Level 1:colcon.colcon_core.package_identification:_identify(Final_Project_Code/myo_data) by extensions ['colcon_pkg']
[1.532s] Level 1:colcon.colcon_core.package_identification:_identify(Final_Project_Code/myo_data) by extension 'colcon_pkg'
[1.532s] Level 1:colcon.colcon_core.package_identification:_identify(Final_Project_Code/myo_data) by extensions ['colcon_meta']
[1.532s] Level 1:colcon.colcon_core.package_identification:_identify(Final_Project_Code/myo_data) by extension 'colcon_meta'
[1.532s] Level 1:colcon.colcon_core.package_identification:_identify(Final_Project_Code/myo_data) by extensions ['ros']
[1.532s] Level 1:colcon.colcon_core.package_identification:_identify(Final_Project_Code/myo_data) by extension 'ros'
[1.532s] Level 1:colcon.colcon_core.package_identification:_identify(Final_Project_Code/myo_data) by extensions ['cmake', 'python']
[1.532s] Level 1:colcon.colcon_core.package_identification:_identify(Final_Project_Code/myo_data) by extension 'cmake'
[1.532s] Level 1:colcon.colcon_core.package_identification:_identify(Final_Project_Code/myo_data) by extension 'python'
[1.532s] Level 1:colcon.colcon_core.package_identification:_identify(Final_Project_Code/myo_data) by extensions ['python_setup_py']
[1.532s] Level 1:colcon.colcon_core.package_identification:_identify(Final_Project_Code/myo_data) by extension 'python_setup_py'
[1.532s] Level 1:colcon.colcon_core.package_identification:_identify(Final_Project_Code/myo_data/myo_interfaces) by extensions ['ignore', 'ignore_ament_install']
[1.532s] Level 1:colcon.colcon_core.package_identification:_identify(Final_Project_Code/myo_data/myo_interfaces) by extension 'ignore'
[1.532s] Level 1:colcon.colcon_core.package_identification:_identify(Final_Project_Code/myo_data/myo_interfaces) by extension 'ignore_ament_install'
[1.532s] Level 1:colcon.colcon_core.package_identification:_identify(Final_Project_Code/myo_data/myo_interfaces) by extensions ['colcon_pkg']
[1.532s] Level 1:colcon.colcon_core.package_identification:_identify(Final_Project_Code/myo_data/myo_interfaces) by extension 'colcon_pkg'
[1.532s] Level 1:colcon.colcon_core.package_identification:_identify(Final_Project_Code/myo_data/myo_interfaces) by extensions ['colcon_meta']
[1.532s] Level 1:colcon.colcon_core.package_identification:_identify(Final_Project_Code/myo_data/myo_interfaces) by extension 'colcon_meta'
[1.532s] Level 1:colcon.colcon_core.package_identification:_identify(Final_Project_Code/myo_data/myo_interfaces) by extensions ['ros']
[1.532s] Level 1:colcon.colcon_core.package_identification:_identify(Final_Project_Code/myo_data/myo_interfaces) by extension 'ros'
[1.534s] DEBUG:colcon.colcon_core.package_identification:Package 'Final_Project_Code/myo_data/myo_interfaces' with type 'ros.ament_cmake' and name 'myo_interfaces'
[1.534s] Level 1:colcon.colcon_core.package_identification:_identify(Final_Project_Code/myo_data/ros_myo) by extensions ['ignore', 'ignore_ament_install']
[1.534s] Level 1:colcon.colcon_core.package_identification:_identify(Final_Project_Code/myo_data/ros_myo) by extension 'ignore'
[1.534s] Level 1:colcon.colcon_core.package_identification:_identify(Final_Project_Code/myo_data/ros_myo) by extension 'ignore_ament_install'
[1.534s] Level 1:colcon.colcon_core.package_identification:_identify(Final_Project_Code/myo_data/ros_myo) by extensions ['colcon_pkg']
[1.534s] Level 1:colcon.colcon_core.package_identification:_identify(Final_Project_Code/myo_data/ros_myo) by extension 'colcon_pkg'
[1.534s] Level 1:colcon.colcon_core.package_identification:_identify(Final_Project_Code/myo_data/ros_myo) by extensions ['colcon_meta']
[1.534s] Level 1:colcon.colcon_core.package_identification:_identify(Final_Project_Code/myo_data/ros_myo) by extension 'colcon_meta'
[1.534s] Level 1:colcon.colcon_core.package_identification:_identify(Final_Project_Code/myo_data/ros_myo) by extensions ['ros']
[1.534s] Level 1:colcon.colcon_core.package_identification:_identify(Final_Project_Code/myo_data/ros_myo) by extension 'ros'
[1.535s] DEBUG:colcon.colcon_core.package_identification:Package 'Final_Project_Code/myo_data/ros_myo' with type 'ros.ament_python' and name 'ros_myo'
[1.535s] Level 1:colcon.colcon_core.package_identification:_identify(build) by extensions ['ignore', 'ignore_ament_install']
[1.535s] Level 1:colcon.colcon_core.package_identification:_identify(build) by extension 'ignore'
[1.535s] Level 1:colcon.colcon_core.package_identification:_identify(build) ignored
[1.535s] Level 1:colcon.colcon_core.package_identification:_identify(install) by extensions ['ignore', 'ignore_ament_install']
[1.535s] Level 1:colcon.colcon_core.package_identification:_identify(install) by extension 'ignore'
[1.535s] Level 1:colcon.colcon_core.package_identification:_identify(install) ignored
[1.535s] Level 1:colcon.colcon_core.package_identification:_identify(log) by extensions ['ignore', 'ignore_ament_install']
[1.535s] Level 1:colcon.colcon_core.package_identification:_identify(log) by extension 'ignore'
[1.535s] Level 1:colcon.colcon_core.package_identification:_identify(log) ignored
[1.535s] Level 1:colcon.colcon_core.package_discovery:discover_packages(recursive) using defaults
[1.535s] Level 1:colcon.colcon_core.package_discovery:discover_packages(ignore) discover
[1.535s] Level 1:colcon.colcon_core.package_discovery:discover_packages(ignore) using defaults
[1.535s] Level 1:colcon.colcon_core.package_discovery:discover_packages(path) discover
[1.535s] Level 1:colcon.colcon_core.package_discovery:discover_packages(path) using defaults
[1.637s] Level 1:colcon.colcon_core.package_discovery:discover_packages(prefix_path) check parameters
[1.637s] Level 1:colcon.colcon_core.package_discovery:discover_packages(prefix_path) discover
[1.654s] WARNING:colcon.colcon_core.prefix_path.colcon:The path '/home/jialuyu/Final_Project/ROS2_Myo_Connect/Final_Project_Code/install' in the environment variable COLCON_PREFIX_PATH doesn't exist
[1.654s] WARNING:colcon.colcon_ros.prefix_path.ament:The path '/home/jialuyu/Final_Project/ROS2_Myo_Connect/Final_Project_Code/install/ros_myo' in the environment variable AMENT_PREFIX_PATH doesn't exist
[1.654s] WARNING:colcon.colcon_ros.prefix_path.ament:The path '/home/jialuyu/Final_Project/ROS2_Myo_Connect/Final_Project_Code/install/myo_interfaces' in the environment variable AMENT_PREFIX_PATH doesn't exist
[1.655s] WARNING:colcon.colcon_ros.prefix_path.catkin:The path '/home/jialuyu/Final_Project/ROS2_Myo_Connect/Final_Project_Code/install/myo_interfaces' in the environment variable CMAKE_PREFIX_PATH doesn't exist
[1.672s] DEBUG:colcon.colcon_installed_package_information.package_discovery:Found 8 installed packages in /home/jialuyu/ws/ws/franka/install
[1.689s] DEBUG:colcon.colcon_installed_package_information.package_discovery:Found 7 installed packages in /home/jialuyu/ws/final_project_ROS/install
[1.707s] DEBUG:colcon.colcon_installed_package_information.package_discovery:Found 21 installed packages in /home/jialuyu/ws/interbotix/install
[1.724s] DEBUG:colcon.colcon_installed_package_information.package_discovery:Found 1 installed packages in /home/jialuyu/ws/install
[1.741s] DEBUG:colcon.colcon_installed_package_information.package_discovery:Found 6 installed packages in /home/jialuyu/Winter_Project/install
[1.757s] DEBUG:colcon.colcon_installed_package_information.package_discovery:Found 3 installed packages in /home/jialuyu/ws/moveit_pincher/install
[1.775s] DEBUG:colcon.colcon_installed_package_information.package_discovery:Found 464 installed packages in /opt/ros/iron
[1.777s] Level 1:colcon.colcon_core.package_discovery:discover_packages(prefix_path) using defaults
[1.872s] Level 5:colcon.colcon_core.verb:set package 'myo_interfaces' build argument 'cmake_args' from command line to 'None'
[1.872s] Level 5:colcon.colcon_core.verb:set package 'myo_interfaces' build argument 'cmake_target' from command line to 'None'
[1.872s] Level 5:colcon.colcon_core.verb:set package 'myo_interfaces' build argument 'cmake_target_skip_unavailable' from command line to 'False'
[1.872s] Level 5:colcon.colcon_core.verb:set package 'myo_interfaces' build argument 'cmake_clean_cache' from command line to 'False'
[1.872s] Level 5:colcon.colcon_core.verb:set package 'myo_interfaces' build argument 'cmake_clean_first' from command line to 'False'
[1.872s] Level 5:colcon.colcon_core.verb:set package 'myo_interfaces' build argument 'cmake_force_configure' from command line to 'False'
[1.872s] Level 5:colcon.colcon_core.verb:set package 'myo_interfaces' build argument 'ament_cmake_args' from command line to 'None'
[1.872s] Level 5:colcon.colcon_core.verb:set package 'myo_interfaces' build argument 'catkin_cmake_args' from command line to 'None'
[1.872s] Level 5:colcon.colcon_core.verb:set package 'myo_interfaces' build argument 'catkin_skip_building_tests' from command line to 'False'
[1.872s] DEBUG:colcon.colcon_core.verb:Building package 'myo_interfaces' with the following arguments: {'ament_cmake_args': None, 'build_base': '/home/jialuyu/Final_Project/ROS2_Myo_Connect/build/myo_interfaces', 'catkin_cmake_args': None, 'catkin_skip_building_tests': False, 'cmake_args': None, 'cmake_clean_cache': False, 'cmake_clean_first': False, 'cmake_force_configure': False, 'cmake_target': None, 'cmake_target_skip_unavailable': False, 'install_base': '/home/jialuyu/Final_Project/ROS2_Myo_Connect/install/myo_interfaces', 'merge_install': False, 'path': '/home/jialuyu/Final_Project/ROS2_Myo_Connect/Final_Project_Code/myo_data/myo_interfaces', 'symlink_install': True, 'test_result_base': None}
[1.889s] Level 5:colcon.colcon_core.verb:set package 'ros_myo' build argument 'cmake_args' from command line to 'None'
[1.889s] Level 5:colcon.colcon_core.verb:set package 'ros_myo' build argument 'cmake_target' from command line to 'None'
[1.890s] Level 5:colcon.colcon_core.verb:set package 'ros_myo' build argument 'cmake_target_skip_unavailable' from command line to 'False'
[1.890s] Level 5:colcon.colcon_core.verb:set package 'ros_myo' build argument 'cmake_clean_cache' from command line to 'False'
[1.890s] Level 5:colcon.colcon_core.verb:set package 'ros_myo' build argument 'cmake_clean_first' from command line to 'False'
[1.890s] Level 5:colcon.colcon_core.verb:set package 'ros_myo' build argument 'cmake_force_configure' from command line to 'False'
[1.890s] Level 5:colcon.colcon_core.verb:set package 'ros_myo' build argument 'ament_cmake_args' from command line to 'None'
[1.890s] Level 5:colcon.colcon_core.verb:set package 'ros_myo' build argument 'catkin_cmake_args' from command line to 'None'
[1.890s] Level 5:colcon.colcon_core.verb:set package 'ros_myo' build argument 'catkin_skip_building_tests' from command line to 'False'
[1.890s] DEBUG:colcon.colcon_core.verb:Building package 'ros_myo' with the following arguments: {'ament_cmake_args': None, 'build_base': '/home/jialuyu/Final_Project/ROS2_Myo_Connect/build/ros_myo', 'catkin_cmake_args': None, 'catkin_skip_building_tests': False, 'cmake_args': None, 'cmake_clean_cache': False, 'cmake_clean_first': False, 'cmake_force_configure': False, 'cmake_target': None, 'cmake_target_skip_unavailable': False, 'install_base': '/home/jialuyu/Final_Project/ROS2_Myo_Connect/install/ros_myo', 'merge_install': False, 'path': '/home/jialuyu/Final_Project/ROS2_Myo_Connect/Final_Project_Code/myo_data/ros_myo', 'symlink_install': True, 'test_result_base': None}
[1.906s] INFO:colcon.colcon_core.executor:Executing jobs using 'parallel' executor
[1.924s] DEBUG:colcon.colcon_parallel_executor.executor.parallel:run_until_complete
[1.924s] INFO:colcon.colcon_ros.task.ament_cmake.build:Building ROS package in '/home/jialuyu/Final_Project/ROS2_Myo_Connect/Final_Project_Code/myo_data/myo_interfaces' with build type 'ament_cmake'
[1.924s] INFO:colcon.colcon_cmake.task.cmake.build:Building CMake package in '/home/jialuyu/Final_Project/ROS2_Myo_Connect/Final_Project_Code/myo_data/myo_interfaces'
[1.943s] INFO:colcon.colcon_core.plugin_system:Skipping extension 'colcon_core.shell.bat': Not used on non-Windows systems
[1.943s] INFO:colcon.colcon_core.shell:Skip shell extension 'powershell' for command environment: Not usable outside of PowerShell
[1.943s] DEBUG:colcon.colcon_core.shell:Skip shell extension 'dsv' for command environment
[2.086s] DEBUG:colcon.colcon_core.event_handler.log_command:Invoking command in '/home/jialuyu/Final_Project/ROS2_Myo_Connect/build/myo_interfaces': CMAKE_PREFIX_PATH=${CMAKE_PREFIX_PATH}:/home/jialuyu/Final_Project/ROS2_Myo_Connect/Final_Project_Code/install/ros_myo:/home/jialuyu/ws/interbotix/install/interbotix_xs_modules:/home/jialuyu/ws/interbotix/install/interbotix_common_modules:/home/jialuyu/Winter_Project/install/ros_april_tag:/home/jialuyu/Winter_Project/install/moveit_python:/home/jialuyu/Winter_Project/install/face_recognition_ros_node:/home/jialuyu/Winter_Project/install/care:/home/jialuyu/ws/final_project_ROS/install/trigger:/home/jialuyu/ws/final_project_ROS/install/control:/home/jialuyu/ws/final_project_ROS/install/image_yolo:/home/jialuyu/ws/final_project_ROS/install/gun_trajectory:/home/jialuyu/ws/final_project_ROS/install/audio_input:/home/jialuyu/ws/moveit_pincher/install/pickmeup:/home/jialuyu/ws/moveit_pincher/install/moveit_wrapper:/home/jialuyu/ws/moveit_pincher/install/diff_drive:/opt/ros/iron /usr/bin/cmake /home/jialuyu/Final_Project/ROS2_Myo_Connect/Final_Project_Code/myo_data/myo_interfaces -DAMENT_CMAKE_SYMLINK_INSTALL=1 -DCMAKE_INSTALL_PREFIX=/home/jialuyu/Final_Project/ROS2_Myo_Connect/install/myo_interfaces
[3.775s] DEBUG:colcon.colcon_core.event_handler.log_command:Invoked command in '/home/jialuyu/Final_Project/ROS2_Myo_Connect/build/myo_interfaces' returned '0': CMAKE_PREFIX_PATH=${CMAKE_PREFIX_PATH}:/home/jialuyu/Final_Project/ROS2_Myo_Connect/Final_Project_Code/install/ros_myo:/home/jialuyu/ws/interbotix/install/interbotix_xs_modules:/home/jialuyu/ws/interbotix/install/interbotix_common_modules:/home/jialuyu/Winter_Project/install/ros_april_tag:/home/jialuyu/Winter_Project/install/moveit_python:/home/jialuyu/Winter_Project/install/face_recognition_ros_node:/home/jialuyu/Winter_Project/install/care:/home/jialuyu/ws/final_project_ROS/install/trigger:/home/jialuyu/ws/final_project_ROS/install/control:/home/jialuyu/ws/final_project_ROS/install/image_yolo:/home/jialuyu/ws/final_project_ROS/install/gun_trajectory:/home/jialuyu/ws/final_project_ROS/install/audio_input:/home/jialuyu/ws/moveit_pincher/install/pickmeup:/home/jialuyu/ws/moveit_pincher/install/moveit_wrapper:/home/jialuyu/ws/moveit_pincher/install/diff_drive:/opt/ros/iron /usr/bin/cmake /home/jialuyu/Final_Project/ROS2_Myo_Connect/Final_Project_Code/myo_data/myo_interfaces -DAMENT_CMAKE_SYMLINK_INSTALL=1 -DCMAKE_INSTALL_PREFIX=/home/jialuyu/Final_Project/ROS2_Myo_Connect/install/myo_interfaces
[3.775s] DEBUG:colcon.colcon_core.event_handler.log_command:Invoking command in '/home/jialuyu/Final_Project/ROS2_Myo_Connect/build/myo_interfaces': CMAKE_PREFIX_PATH=${CMAKE_PREFIX_PATH}:/home/jialuyu/Final_Project/ROS2_Myo_Connect/Final_Project_Code/install/ros_myo:/home/jialuyu/ws/interbotix/install/interbotix_xs_modules:/home/jialuyu/ws/interbotix/install/interbotix_common_modules:/home/jialuyu/Winter_Project/install/ros_april_tag:/home/jialuyu/Winter_Project/install/moveit_python:/home/jialuyu/Winter_Project/install/face_recognition_ros_node:/home/jialuyu/Winter_Project/install/care:/home/jialuyu/ws/final_project_ROS/install/trigger:/home/jialuyu/ws/final_project_ROS/install/control:/home/jialuyu/ws/final_project_ROS/install/image_yolo:/home/jialuyu/ws/final_project_ROS/install/gun_trajectory:/home/jialuyu/ws/final_project_ROS/install/audio_input:/home/jialuyu/ws/moveit_pincher/install/pickmeup:/home/jialuyu/ws/moveit_pincher/install/moveit_wrapper:/home/jialuyu/ws/moveit_pincher/install/diff_drive:/opt/ros/iron /usr/bin/cmake --build /home/jialuyu/Final_Project/ROS2_Myo_Connect/build/myo_interfaces -- -j32 -l32
[5.700s] DEBUG:colcon.colcon_core.event_handler.log_command:Invoked command in '/home/jialuyu/Final_Project/ROS2_Myo_Connect/build/myo_interfaces' returned '0': CMAKE_PREFIX_PATH=${CMAKE_PREFIX_PATH}:/home/jialuyu/Final_Project/ROS2_Myo_Connect/Final_Project_Code/install/ros_myo:/home/jialuyu/ws/interbotix/install/interbotix_xs_modules:/home/jialuyu/ws/interbotix/install/interbotix_common_modules:/home/jialuyu/Winter_Project/install/ros_april_tag:/home/jialuyu/Winter_Project/install/moveit_python:/home/jialuyu/Winter_Project/install/face_recognition_ros_node:/home/jialuyu/Winter_Project/install/care:/home/jialuyu/ws/final_project_ROS/install/trigger:/home/jialuyu/ws/final_project_ROS/install/control:/home/jialuyu/ws/final_project_ROS/install/image_yolo:/home/jialuyu/ws/final_project_ROS/install/gun_trajectory:/home/jialuyu/ws/final_project_ROS/install/audio_input:/home/jialuyu/ws/moveit_pincher/install/pickmeup:/home/jialuyu/ws/moveit_pincher/install/moveit_wrapper:/home/jialuyu/ws/moveit_pincher/install/diff_drive:/opt/ros/iron /usr/bin/cmake --build /home/jialuyu/Final_Project/ROS2_Myo_Connect/build/myo_interfaces -- -j32 -l32
[5.798s] DEBUG:colcon.colcon_core.event_handler.log_command:Invoking command in '/home/jialuyu/Final_Project/ROS2_Myo_Connect/build/myo_interfaces': CMAKE_PREFIX_PATH=${CMAKE_PREFIX_PATH}:/home/jialuyu/Final_Project/ROS2_Myo_Connect/Final_Project_Code/install/ros_myo:/home/jialuyu/ws/interbotix/install/interbotix_xs_modules:/home/jialuyu/ws/interbotix/install/interbotix_common_modules:/home/jialuyu/Winter_Project/install/ros_april_tag:/home/jialuyu/Winter_Project/install/moveit_python:/home/jialuyu/Winter_Project/install/face_recognition_ros_node:/home/jialuyu/Winter_Project/install/care:/home/jialuyu/ws/final_project_ROS/install/trigger:/home/jialuyu/ws/final_project_ROS/install/control:/home/jialuyu/ws/final_project_ROS/install/image_yolo:/home/jialuyu/ws/final_project_ROS/install/gun_trajectory:/home/jialuyu/ws/final_project_ROS/install/audio_input:/home/jialuyu/ws/moveit_pincher/install/pickmeup:/home/jialuyu/ws/moveit_pincher/install/moveit_wrapper:/home/jialuyu/ws/moveit_pincher/install/diff_drive:/opt/ros/iron /usr/bin/cmake --install /home/jialuyu/Final_Project/ROS2_Myo_Connect/build/myo_interfaces
[6.330s] Level 1:colcon.colcon_core.environment:create_environment_scripts_only(myo_interfaces)
[6.331s] DEBUG:colcon.colcon_core.event_handler.log_command:Invoked command in '/home/jialuyu/Final_Project/ROS2_Myo_Connect/build/myo_interfaces' returned '0': CMAKE_PREFIX_PATH=${CMAKE_PREFIX_PATH}:/home/jialuyu/Final_Project/ROS2_Myo_Connect/Final_Project_Code/install/ros_myo:/home/jialuyu/ws/interbotix/install/interbotix_xs_modules:/home/jialuyu/ws/interbotix/install/interbotix_common_modules:/home/jialuyu/Winter_Project/install/ros_april_tag:/home/jialuyu/Winter_Project/install/moveit_python:/home/jialuyu/Winter_Project/install/face_recognition_ros_node:/home/jialuyu/Winter_Project/install/care:/home/jialuyu/ws/final_project_ROS/install/trigger:/home/jialuyu/ws/final_project_ROS/install/control:/home/jialuyu/ws/final_project_ROS/install/image_yolo:/home/jialuyu/ws/final_project_ROS/install/gun_trajectory:/home/jialuyu/ws/final_project_ROS/install/audio_input:/home/jialuyu/ws/moveit_pincher/install/pickmeup:/home/jialuyu/ws/moveit_pincher/install/moveit_wrapper:/home/jialuyu/ws/moveit_pincher/install/diff_drive:/opt/ros/iron /usr/bin/cmake --install /home/jialuyu/Final_Project/ROS2_Myo_Connect/build/myo_interfaces
[6.358s] Level 1:colcon.colcon_core.environment:checking '/home/jialuyu/Final_Project/ROS2_Myo_Connect/install/myo_interfaces' for CMake module files
[6.359s] Level 1:colcon.colcon_core.environment:checking '/home/jialuyu/Final_Project/ROS2_Myo_Connect/install/myo_interfaces' for CMake config files
[6.360s] Level 1:colcon.colcon_core.shell:create_environment_hook('myo_interfaces', 'cmake_prefix_path')
[6.377s] INFO:colcon.colcon_core.shell:Creating environment hook '/home/jialuyu/Final_Project/ROS2_Myo_Connect/install/myo_interfaces/share/myo_interfaces/hook/cmake_prefix_path.ps1'
[6.377s] INFO:colcon.colcon_core.shell:Creating environment descriptor '/home/jialuyu/Final_Project/ROS2_Myo_Connect/install/myo_interfaces/share/myo_interfaces/hook/cmake_prefix_path.dsv'
[6.377s] INFO:colcon.colcon_core.shell:Creating environment hook '/home/jialuyu/Final_Project/ROS2_Myo_Connect/install/myo_interfaces/share/myo_interfaces/hook/cmake_prefix_path.sh'
[6.378s] Level 1:colcon.colcon_core.environment:checking '/home/jialuyu/Final_Project/ROS2_Myo_Connect/install/myo_interfaces/lib'
[6.378s] Level 1:colcon.colcon_core.shell:create_environment_hook('myo_interfaces', 'ld_library_path_lib')
[6.395s] INFO:colcon.colcon_core.shell:Creating environment hook '/home/jialuyu/Final_Project/ROS2_Myo_Connect/install/myo_interfaces/share/myo_interfaces/hook/ld_library_path_lib.ps1'
[6.396s] INFO:colcon.colcon_core.shell:Creating environment descriptor '/home/jialuyu/Final_Project/ROS2_Myo_Connect/install/myo_interfaces/share/myo_interfaces/hook/ld_library_path_lib.dsv'
[6.396s] INFO:colcon.colcon_core.shell:Creating environment hook '/home/jialuyu/Final_Project/ROS2_Myo_Connect/install/myo_interfaces/share/myo_interfaces/hook/ld_library_path_lib.sh'
[6.396s] Level 1:colcon.colcon_core.environment:checking '/home/jialuyu/Final_Project/ROS2_Myo_Connect/install/myo_interfaces/bin'
[6.396s] Level 1:colcon.colcon_core.environment:checking '/home/jialuyu/Final_Project/ROS2_Myo_Connect/install/myo_interfaces/lib/pkgconfig/myo_interfaces.pc'
[6.396s] Level 1:colcon.colcon_core.environment:checking '/home/jialuyu/Final_Project/ROS2_Myo_Connect/install/myo_interfaces/lib/python3.10/site-packages'
[6.396s] Level 1:colcon.colcon_core.shell:create_environment_hook('myo_interfaces', 'pythonpath')
[6.413s] INFO:colcon.colcon_core.shell:Creating environment hook '/home/jialuyu/Final_Project/ROS2_Myo_Connect/install/myo_interfaces/share/myo_interfaces/hook/pythonpath.ps1'
[6.413s] INFO:colcon.colcon_core.shell:Creating environment descriptor '/home/jialuyu/Final_Project/ROS2_Myo_Connect/install/myo_interfaces/share/myo_interfaces/hook/pythonpath.dsv'
[6.414s] INFO:colcon.colcon_core.shell:Creating environment hook '/home/jialuyu/Final_Project/ROS2_Myo_Connect/install/myo_interfaces/share/myo_interfaces/hook/pythonpath.sh'
[6.414s] Level 1:colcon.colcon_core.environment:checking '/home/jialuyu/Final_Project/ROS2_Myo_Connect/install/myo_interfaces/bin'
[6.431s] INFO:colcon.colcon_core.shell:Creating package script '/home/jialuyu/Final_Project/ROS2_Myo_Connect/install/myo_interfaces/share/myo_interfaces/package.ps1'
[6.432s] INFO:colcon.colcon_core.shell:Creating package descriptor '/home/jialuyu/Final_Project/ROS2_Myo_Connect/install/myo_interfaces/share/myo_interfaces/package.dsv'
[6.432s] INFO:colcon.colcon_core.shell:Creating package script '/home/jialuyu/Final_Project/ROS2_Myo_Connect/install/myo_interfaces/share/myo_interfaces/package.sh'
[6.433s] INFO:colcon.colcon_core.shell:Creating package script '/home/jialuyu/Final_Project/ROS2_Myo_Connect/install/myo_interfaces/share/myo_interfaces/package.bash'
[6.433s] INFO:colcon.colcon_core.shell:Creating package script '/home/jialuyu/Final_Project/ROS2_Myo_Connect/install/myo_interfaces/share/myo_interfaces/package.zsh'
[6.434s] Level 1:colcon.colcon_core.environment:create_file_with_runtime_dependencies(/home/jialuyu/Final_Project/ROS2_Myo_Connect/install/myo_interfaces/share/colcon-core/packages/myo_interfaces)
[6.535s] Level 1:colcon.colcon_core.environment:create_environment_scripts_only(myo_interfaces)
[6.560s] Level 1:colcon.colcon_core.environment:checking '/home/jialuyu/Final_Project/ROS2_Myo_Connect/install/myo_interfaces' for CMake module files
[6.561s] Level 1:colcon.colcon_core.environment:checking '/home/jialuyu/Final_Project/ROS2_Myo_Connect/install/myo_interfaces' for CMake config files
[6.561s] Level 1:colcon.colcon_core.shell:create_environment_hook('myo_interfaces', 'cmake_prefix_path')
[6.578s] INFO:colcon.colcon_core.shell:Creating environment hook '/home/jialuyu/Final_Project/ROS2_Myo_Connect/install/myo_interfaces/share/myo_interfaces/hook/cmake_prefix_path.ps1'
[6.578s] INFO:colcon.colcon_core.shell:Creating environment descriptor '/home/jialuyu/Final_Project/ROS2_Myo_Connect/install/myo_interfaces/share/myo_interfaces/hook/cmake_prefix_path.dsv'
[6.579s] INFO:colcon.colcon_core.shell:Creating environment hook '/home/jialuyu/Final_Project/ROS2_Myo_Connect/install/myo_interfaces/share/myo_interfaces/hook/cmake_prefix_path.sh'
[6.579s] Level 1:colcon.colcon_core.environment:checking '/home/jialuyu/Final_Project/ROS2_Myo_Connect/install/myo_interfaces/lib'
[6.579s] Level 1:colcon.colcon_core.shell:create_environment_hook('myo_interfaces', 'ld_library_path_lib')
[6.596s] INFO:colcon.colcon_core.shell:Creating environment hook '/home/jialuyu/Final_Project/ROS2_Myo_Connect/install/myo_interfaces/share/myo_interfaces/hook/ld_library_path_lib.ps1'
[6.596s] INFO:colcon.colcon_core.shell:Creating environment descriptor '/home/jialuyu/Final_Project/ROS2_Myo_Connect/install/myo_interfaces/share/myo_interfaces/hook/ld_library_path_lib.dsv'
[6.596s] INFO:colcon.colcon_core.shell:Creating environment hook '/home/jialuyu/Final_Project/ROS2_Myo_Connect/install/myo_interfaces/share/myo_interfaces/hook/ld_library_path_lib.sh'
[6.597s] Level 1:colcon.colcon_core.environment:checking '/home/jialuyu/Final_Project/ROS2_Myo_Connect/install/myo_interfaces/bin'
[6.597s] Level 1:colcon.colcon_core.environment:checking '/home/jialuyu/Final_Project/ROS2_Myo_Connect/install/myo_interfaces/lib/pkgconfig/myo_interfaces.pc'
[6.597s] Level 1:colcon.colcon_core.environment:checking '/home/jialuyu/Final_Project/ROS2_Myo_Connect/install/myo_interfaces/lib/python3.10/site-packages'
[6.597s] Level 1:colcon.colcon_core.shell:create_environment_hook('myo_interfaces', 'pythonpath')
[6.614s] INFO:colcon.colcon_core.shell:Creating environment hook '/home/jialuyu/Final_Project/ROS2_Myo_Connect/install/myo_interfaces/share/myo_interfaces/hook/pythonpath.ps1'
[6.614s] INFO:colcon.colcon_core.shell:Creating environment descriptor '/home/jialuyu/Final_Project/ROS2_Myo_Connect/install/myo_interfaces/share/myo_interfaces/hook/pythonpath.dsv'
[6.614s] INFO:colcon.colcon_core.shell:Creating environment hook '/home/jialuyu/Final_Project/ROS2_Myo_Connect/install/myo_interfaces/share/myo_interfaces/hook/pythonpath.sh'
[6.615s] Level 1:colcon.colcon_core.environment:checking '/home/jialuyu/Final_Project/ROS2_Myo_Connect/install/myo_interfaces/bin'
[6.632s] INFO:colcon.colcon_core.shell:Creating package script '/home/jialuyu/Final_Project/ROS2_Myo_Connect/install/myo_interfaces/share/myo_interfaces/package.ps1'
[6.632s] INFO:colcon.colcon_core.shell:Creating package descriptor '/home/jialuyu/Final_Project/ROS2_Myo_Connect/install/myo_interfaces/share/myo_interfaces/package.dsv'
[6.632s] INFO:colcon.colcon_core.shell:Creating package script '/home/jialuyu/Final_Project/ROS2_Myo_Connect/install/myo_interfaces/share/myo_interfaces/package.sh'
[6.633s] INFO:colcon.colcon_core.shell:Creating package script '/home/jialuyu/Final_Project/ROS2_Myo_Connect/install/myo_interfaces/share/myo_interfaces/package.bash'
[6.633s] INFO:colcon.colcon_core.shell:Creating package script '/home/jialuyu/Final_Project/ROS2_Myo_Connect/install/myo_interfaces/share/myo_interfaces/package.zsh'
[6.633s] Level 1:colcon.colcon_core.environment:create_file_with_runtime_dependencies(/home/jialuyu/Final_Project/ROS2_Myo_Connect/install/myo_interfaces/share/colcon-core/packages/myo_interfaces)
[6.634s] INFO:colcon.colcon_ros.task.ament_python.build:Building ROS package in '/home/jialuyu/Final_Project/ROS2_Myo_Connect/Final_Project_Code/myo_data/ros_myo' with build type 'ament_python'
[6.634s] Level 1:colcon.colcon_core.shell:create_environment_hook('ros_myo', 'ament_prefix_path')
[6.651s] INFO:colcon.colcon_core.shell:Creating environment hook '/home/jialuyu/Final_Project/ROS2_Myo_Connect/install/ros_myo/share/ros_myo/hook/ament_prefix_path.ps1'
[6.652s] INFO:colcon.colcon_core.shell:Creating environment descriptor '/home/jialuyu/Final_Project/ROS2_Myo_Connect/install/ros_myo/share/ros_myo/hook/ament_prefix_path.dsv'
[6.652s] INFO:colcon.colcon_core.shell:Creating environment hook '/home/jialuyu/Final_Project/ROS2_Myo_Connect/install/ros_myo/share/ros_myo/hook/ament_prefix_path.sh'
[6.669s] INFO:colcon.colcon_core.shell:Skip shell extension 'powershell' for command environment: Not usable outside of PowerShell
[6.669s] DEBUG:colcon.colcon_core.shell:Skip shell extension 'dsv' for command environment
[7.098s] INFO:colcon.colcon_core.task.python.build:Building Python package in '/home/jialuyu/Final_Project/ROS2_Myo_Connect/Final_Project_Code/myo_data/ros_myo'
[7.115s] INFO:colcon.colcon_core.shell:Skip shell extension 'powershell' for command environment: Not usable outside of PowerShell
[7.115s] DEBUG:colcon.colcon_core.shell:Skip shell extension 'dsv' for command environment
[7.616s] DEBUG:colcon.colcon_core.event_handler.log_command:Invoking command in '/home/jialuyu/Final_Project/ROS2_Myo_Connect/build/ros_myo': AMENT_PREFIX_PATH=/home/jialuyu/Final_Project/ROS2_Myo_Connect/install/myo_interfaces:${AMENT_PREFIX_PATH} CMAKE_PREFIX_PATH=/home/jialuyu/Final_Project/ROS2_Myo_Connect/install/myo_interfaces:${CMAKE_PREFIX_PATH} LD_LIBRARY_PATH=/home/jialuyu/Final_Project/ROS2_Myo_Connect/install/myo_interfaces/lib:${LD_LIBRARY_PATH} PYTHONPATH=/home/jialuyu/Final_Project/ROS2_Myo_Connect/build/ros_myo/prefix_override:/home/jialuyu/Final_Project/ROS2_Myo_Connect/install/ros_myo/lib/python3.10/site-packages:/home/jialuyu/Final_Project/ROS2_Myo_Connect/install/myo_interfaces/lib/python3.10/site-packages:${PYTHONPATH} /usr/bin/python3 setup.py develop --editable --build-directory /home/jialuyu/Final_Project/ROS2_Myo_Connect/build/ros_myo/build --no-deps install_data
[8.130s] Level 1:colcon.colcon_core.shell:create_environment_hook('ros_myo', 'pythonpath_develop')
[8.130s] DEBUG:colcon.colcon_core.event_handler.log_command:Invoked command in '/home/jialuyu/Final_Project/ROS2_Myo_Connect/build/ros_myo' returned '0': AMENT_PREFIX_PATH=/home/jialuyu/Final_Project/ROS2_Myo_Connect/install/myo_interfaces:${AMENT_PREFIX_PATH} CMAKE_PREFIX_PATH=/home/jialuyu/Final_Project/ROS2_Myo_Connect/install/myo_interfaces:${CMAKE_PREFIX_PATH} LD_LIBRARY_PATH=/home/jialuyu/Final_Project/ROS2_Myo_Connect/install/myo_interfaces/lib:${LD_LIBRARY_PATH} PYTHONPATH=/home/jialuyu/Final_Project/ROS2_Myo_Connect/build/ros_myo/prefix_override:/home/jialuyu/Final_Project/ROS2_Myo_Connect/install/ros_myo/lib/python3.10/site-packages:/home/jialuyu/Final_Project/ROS2_Myo_Connect/install/myo_interfaces/lib/python3.10/site-packages:${PYTHONPATH} /usr/bin/python3 setup.py develop --editable --build-directory /home/jialuyu/Final_Project/ROS2_Myo_Connect/build/ros_myo/build --no-deps install_data
[8.148s] INFO:colcon.colcon_core.shell:Creating environment hook '/home/jialuyu/Final_Project/ROS2_Myo_Connect/build/ros_myo/share/ros_myo/hook/pythonpath_develop.ps1'
[8.148s] INFO:colcon.colcon_core.shell:Creating environment descriptor '/home/jialuyu/Final_Project/ROS2_Myo_Connect/build/ros_myo/share/ros_myo/hook/pythonpath_develop.dsv'
[8.149s] INFO:colcon.colcon_core.shell:Creating environment hook '/home/jialuyu/Final_Project/ROS2_Myo_Connect/build/ros_myo/share/ros_myo/hook/pythonpath_develop.sh'
[8.166s] Level 1:colcon.colcon_core.environment:checking '/home/jialuyu/Final_Project/ROS2_Myo_Connect/install/ros_myo' for CMake module files
[8.166s] Level 1:colcon.colcon_core.environment:checking '/home/jialuyu/Final_Project/ROS2_Myo_Connect/install/ros_myo' for CMake config files
[8.167s] Level 1:colcon.colcon_core.environment:checking '/home/jialuyu/Final_Project/ROS2_Myo_Connect/install/ros_myo/lib'
[8.167s] Level 1:colcon.colcon_core.environment:checking '/home/jialuyu/Final_Project/ROS2_Myo_Connect/install/ros_myo/bin'
[8.167s] Level 1:colcon.colcon_core.environment:checking '/home/jialuyu/Final_Project/ROS2_Myo_Connect/install/ros_myo/lib/pkgconfig/ros_myo.pc'
[8.167s] Level 1:colcon.colcon_core.environment:checking '/home/jialuyu/Final_Project/ROS2_Myo_Connect/install/ros_myo/lib/python3.10/site-packages'
[8.167s] Level 1:colcon.colcon_core.shell:create_environment_hook('ros_myo', 'pythonpath')
[8.184s] INFO:colcon.colcon_core.shell:Creating environment hook '/home/jialuyu/Final_Project/ROS2_Myo_Connect/install/ros_myo/share/ros_myo/hook/pythonpath.ps1'
[8.185s] INFO:colcon.colcon_core.shell:Creating environment descriptor '/home/jialuyu/Final_Project/ROS2_Myo_Connect/install/ros_myo/share/ros_myo/hook/pythonpath.dsv'
[8.185s] INFO:colcon.colcon_core.shell:Creating environment hook '/home/jialuyu/Final_Project/ROS2_Myo_Connect/install/ros_myo/share/ros_myo/hook/pythonpath.sh'
[8.185s] Level 1:colcon.colcon_core.environment:checking '/home/jialuyu/Final_Project/ROS2_Myo_Connect/install/ros_myo/bin'
[8.185s] Level 1:colcon.colcon_core.environment:create_environment_scripts_only(ros_myo)
[8.203s] INFO:colcon.colcon_core.shell:Creating package script '/home/jialuyu/Final_Project/ROS2_Myo_Connect/install/ros_myo/share/ros_myo/package.ps1'
[8.203s] INFO:colcon.colcon_core.shell:Creating package descriptor '/home/jialuyu/Final_Project/ROS2_Myo_Connect/install/ros_myo/share/ros_myo/package.dsv'
[8.204s] INFO:colcon.colcon_core.shell:Creating package script '/home/jialuyu/Final_Project/ROS2_Myo_Connect/install/ros_myo/share/ros_myo/package.sh'
[8.204s] INFO:colcon.colcon_core.shell:Creating package script '/home/jialuyu/Final_Project/ROS2_Myo_Connect/install/ros_myo/share/ros_myo/package.bash'
[8.204s] INFO:colcon.colcon_core.shell:Creating package script '/home/jialuyu/Final_Project/ROS2_Myo_Connect/install/ros_myo/share/ros_myo/package.zsh'
[8.204s] Level 1:colcon.colcon_core.environment:create_file_with_runtime_dependencies(/home/jialuyu/Final_Project/ROS2_Myo_Connect/install/ros_myo/share/colcon-core/packages/ros_myo)
[8.205s] DEBUG:colcon.colcon_parallel_executor.executor.parallel:closing loop
[8.205s] DEBUG:colcon.colcon_parallel_executor.executor.parallel:loop closed
[8.205s] DEBUG:colcon.colcon_parallel_executor.executor.parallel:run_until_complete finished with '0'
[8.205s] DEBUG:colcon.colcon_core.event_reactor:joining thread
[8.216s] INFO:colcon.colcon_core.plugin_system:Skipping extension 'colcon_notification.desktop_notification.terminal_notifier': Not used on non-Darwin systems
[8.216s] INFO:colcon.colcon_core.plugin_system:Skipping extension 'colcon_notification.desktop_notification.win32': Not used on non-Windows systems
[8.216s] INFO:colcon.colcon_notification.desktop_notification:Sending desktop notification using 'notify2'
[8.224s] DEBUG:colcon.colcon_core.event_reactor:joined thread
[8.242s] INFO:colcon.colcon_core.shell:Creating prefix script '/home/jialuyu/Final_Project/ROS2_Myo_Connect/install/local_setup.ps1'
[8.243s] INFO:colcon.colcon_core.shell:Creating prefix util module '/home/jialuyu/Final_Project/ROS2_Myo_Connect/install/_local_setup_util_ps1.py'
[8.243s] INFO:colcon.colcon_core.shell:Creating prefix chain script '/home/jialuyu/Final_Project/ROS2_Myo_Connect/install/setup.ps1'
[8.262s] INFO:colcon.colcon_core.shell:Creating prefix script '/home/jialuyu/Final_Project/ROS2_Myo_Connect/install/local_setup.sh'
[8.263s] INFO:colcon.colcon_core.shell:Creating prefix util module '/home/jialuyu/Final_Project/ROS2_Myo_Connect/install/_local_setup_util_sh.py'
[8.263s] INFO:colcon.colcon_core.shell:Creating prefix chain script '/home/jialuyu/Final_Project/ROS2_Myo_Connect/install/setup.sh'
[8.282s] INFO:colcon.colcon_core.shell:Creating prefix script '/home/jialuyu/Final_Project/ROS2_Myo_Connect/install/local_setup.bash'
[8.282s] INFO:colcon.colcon_core.shell:Creating prefix chain script '/home/jialuyu/Final_Project/ROS2_Myo_Connect/install/setup.bash'
[8.301s] INFO:colcon.colcon_core.shell:Creating prefix script '/home/jialuyu/Final_Project/ROS2_Myo_Connect/install/local_setup.zsh'
[8.301s] INFO:colcon.colcon_core.shell:Creating prefix chain script '/home/jialuyu/Final_Project/ROS2_Myo_Connect/install/setup.zsh'
