[0.194s] Invoking command in '/home/jialuyu/Final_Project/ROS2_Myo_Connect/build/myo_interfaces': CMAKE_PREFIX_PATH=${CMAKE_PREFIX_PATH}:/home/jialuyu/Final_Project/ROS2_Myo_Connect/install/ros_myo:/home/jialuyu/Final_Project/ROS2_Myo_Connect/Final_Project_Code/install/ros_myo:/home/jialuyu/ws/interbotix/install/interbotix_xs_modules:/home/jialuyu/ws/interbotix/install/interbotix_common_modules:/home/jialuyu/Winter_Project/install/ros_april_tag:/home/jialuyu/Winter_Project/install/moveit_python:/home/jialuyu/Winter_Project/install/face_recognition_ros_node:/home/jialuyu/Winter_Project/install/care:/home/jialuyu/ws/final_project_ROS/install/trigger:/home/jialuyu/ws/final_project_ROS/install/control:/home/jialuyu/ws/final_project_ROS/install/image_yolo:/home/jialuyu/ws/final_project_ROS/install/gun_trajectory:/home/jialuyu/ws/final_project_ROS/install/audio_input:/home/jialuyu/ws/moveit_pincher/install/pickmeup:/home/jialuyu/ws/moveit_pincher/install/moveit_wrapper:/home/jialuyu/ws/moveit_pincher/install/diff_drive:/opt/ros/iron /usr/bin/cmake --build /home/jialuyu/Final_Project/ROS2_Myo_Connect/build/myo_interfaces -- -j32 -l32
[0.250s] [  2%] Built target myo_interfaces__rosidl_generator_type_description
[0.260s] [  2%] Built target ament_cmake_python_symlink_myo_interfaces
[0.263s] [35m[1mConsolidate compiler generated dependencies of target myo_interfaces__rosidl_generator_c[0m
[0.269s] [  4%] Built target myo_interfaces__cpp
[0.272s] [ 22%] Built target myo_interfaces__rosidl_generator_c
[0.281s] [35m[1mConsolidate compiler generated dependencies of target myo_interfaces__rosidl_typesupport_cpp[0m
[0.281s] [35m[1mConsolidate compiler generated dependencies of target myo_interfaces__rosidl_typesupport_introspection_c[0m
[0.281s] [35m[1mConsolidate compiler generated dependencies of target myo_interfaces__rosidl_typesupport_fastrtps_c[0m
[0.281s] [35m[1mConsolidate compiler generated dependencies of target myo_interfaces__rosidl_typesupport_fastrtps_cpp[0m
[0.281s] [35m[1mConsolidate compiler generated dependencies of target myo_interfaces__rosidl_typesupport_c[0m
[0.282s] [35m[1mConsolidate compiler generated dependencies of target myo_interfaces__rosidl_typesupport_introspection_cpp[0m
[0.289s] [ 31%] Built target myo_interfaces__rosidl_typesupport_introspection_c
[0.289s] [ 40%] Built target myo_interfaces__rosidl_typesupport_c
[0.290s] [ 50%] Built target myo_interfaces__rosidl_typesupport_cpp
[0.290s] [ 59%] Built target myo_interfaces__rosidl_typesupport_fastrtps_c
[0.291s] [ 68%] Built target myo_interfaces__rosidl_typesupport_fastrtps_cpp
[0.291s] [ 77%] Built target myo_interfaces__rosidl_typesupport_introspection_cpp
[0.305s] [ 77%] Built target myo_interfaces
[0.319s] [ 79%] Built target myo_interfaces__py
[0.327s] [35m[1mConsolidate compiler generated dependencies of target myo_interfaces__rosidl_generator_py[0m
[0.337s] [ 86%] Built target myo_interfaces__rosidl_generator_py
[0.344s] [35m[1mConsolidate compiler generated dependencies of target myo_interfaces__rosidl_typesupport_fastrtps_c__pyext[0m
[0.344s] [35m[1mConsolidate compiler generated dependencies of target myo_interfaces__rosidl_typesupport_introspection_c__pyext[0m
[0.344s] [35m[1mConsolidate compiler generated dependencies of target myo_interfaces__rosidl_typesupport_c__pyext[0m
[0.353s] [ 90%] Built target myo_interfaces__rosidl_typesupport_fastrtps_c__pyext
[0.353s] [ 95%] Built target myo_interfaces__rosidl_typesupport_introspection_c__pyext
[0.353s] [100%] Built target myo_interfaces__rosidl_typesupport_c__pyext
[0.537s] running egg_info
[0.537s] writing myo_interfaces.egg-info/PKG-INFO
[0.537s] writing dependency_links to myo_interfaces.egg-info/dependency_links.txt
[0.537s] writing top-level names to myo_interfaces.egg-info/top_level.txt
[0.539s] reading manifest file 'myo_interfaces.egg-info/SOURCES.txt'
[0.539s] writing manifest file 'myo_interfaces.egg-info/SOURCES.txt'
[0.558s] [100%] Built target ament_cmake_python_build_myo_interfaces_egg
[0.568s] Invoked command in '/home/jialuyu/Final_Project/ROS2_Myo_Connect/build/myo_interfaces' returned '0': CMAKE_PREFIX_PATH=${CMAKE_PREFIX_PATH}:/home/jialuyu/Final_Project/ROS2_Myo_Connect/install/ros_myo:/home/jialuyu/Final_Project/ROS2_Myo_Connect/Final_Project_Code/install/ros_myo:/home/jialuyu/ws/interbotix/install/interbotix_xs_modules:/home/jialuyu/ws/interbotix/install/interbotix_common_modules:/home/jialuyu/Winter_Project/install/ros_april_tag:/home/jialuyu/Winter_Project/install/moveit_python:/home/jialuyu/Winter_Project/install/face_recognition_ros_node:/home/jialuyu/Winter_Project/install/care:/home/jialuyu/ws/final_project_ROS/install/trigger:/home/jialuyu/ws/final_project_ROS/install/control:/home/jialuyu/ws/final_project_ROS/install/image_yolo:/home/jialuyu/ws/final_project_ROS/install/gun_trajectory:/home/jialuyu/ws/final_project_ROS/install/audio_input:/home/jialuyu/ws/moveit_pincher/install/pickmeup:/home/jialuyu/ws/moveit_pincher/install/moveit_wrapper:/home/jialuyu/ws/moveit_pincher/install/diff_drive:/opt/ros/iron /usr/bin/cmake --build /home/jialuyu/Final_Project/ROS2_Myo_Connect/build/myo_interfaces -- -j32 -l32
[0.643s] Invoking command in '/home/jialuyu/Final_Project/ROS2_Myo_Connect/build/myo_interfaces': CMAKE_PREFIX_PATH=${CMAKE_PREFIX_PATH}:/home/jialuyu/Final_Project/ROS2_Myo_Connect/install/ros_myo:/home/jialuyu/Final_Project/ROS2_Myo_Connect/Final_Project_Code/install/ros_myo:/home/jialuyu/ws/interbotix/install/interbotix_xs_modules:/home/jialuyu/ws/interbotix/install/interbotix_common_modules:/home/jialuyu/Winter_Project/install/ros_april_tag:/home/jialuyu/Winter_Project/install/moveit_python:/home/jialuyu/Winter_Project/install/face_recognition_ros_node:/home/jialuyu/Winter_Project/install/care:/home/jialuyu/ws/final_project_ROS/install/trigger:/home/jialuyu/ws/final_project_ROS/install/control:/home/jialuyu/ws/final_project_ROS/install/image_yolo:/home/jialuyu/ws/final_project_ROS/install/gun_trajectory:/home/jialuyu/ws/final_project_ROS/install/audio_input:/home/jialuyu/ws/moveit_pincher/install/pickmeup:/home/jialuyu/ws/moveit_pincher/install/moveit_wrapper:/home/jialuyu/ws/moveit_pincher/install/diff_drive:/opt/ros/iron /usr/bin/cmake --install /home/jialuyu/Final_Project/ROS2_Myo_Connect/build/myo_interfaces
[0.648s] -- Install configuration: ""
[0.649s] -- Execute custom install script
[0.649s] -- Up-to-date symlink: /home/jialuyu/Final_Project/ROS2_Myo_Connect/install/myo_interfaces/share/ament_index/resource_index/rosidl_interfaces/myo_interfaces
[0.649s] -- Up-to-date symlink: /home/jialuyu/Final_Project/ROS2_Myo_Connect/install/myo_interfaces/share/myo_interfaces/msg/EmgArray.json
[0.649s] -- Up-to-date symlink: /home/jialuyu/Final_Project/ROS2_Myo_Connect/install/myo_interfaces/share/myo_interfaces/msg/MyoArm.json
[0.650s] -- Up-to-date symlink: /home/jialuyu/Final_Project/ROS2_Myo_Connect/install/myo_interfaces/include/myo_interfaces/myo_interfaces/msg/detail/emg_array__functions.h
[0.650s] -- Up-to-date symlink: /home/jialuyu/Final_Project/ROS2_Myo_Connect/install/myo_interfaces/include/myo_interfaces/myo_interfaces/msg/detail/emg_array__struct.h
[0.650s] -- Up-to-date symlink: /home/jialuyu/Final_Project/ROS2_Myo_Connect/install/myo_interfaces/include/myo_interfaces/myo_interfaces/msg/detail/emg_array__type_support.h
[0.650s] -- Up-to-date symlink: /home/jialuyu/Final_Project/ROS2_Myo_Connect/install/myo_interfaces/include/myo_interfaces/myo_interfaces/msg/detail/myo_arm__functions.h
[0.650s] -- Up-to-date symlink: /home/jialuyu/Final_Project/ROS2_Myo_Connect/install/myo_interfaces/include/myo_interfaces/myo_interfaces/msg/detail/myo_arm__struct.h
[0.650s] -- Up-to-date symlink: /home/jialuyu/Final_Project/ROS2_Myo_Connect/install/myo_interfaces/include/myo_interfaces/myo_interfaces/msg/detail/myo_arm__type_support.h
[0.650s] -- Up-to-date symlink: /home/jialuyu/Final_Project/ROS2_Myo_Connect/install/myo_interfaces/include/myo_interfaces/myo_interfaces/msg/emg_array.h
[0.650s] -- Up-to-date symlink: /home/jialuyu/Final_Project/ROS2_Myo_Connect/install/myo_interfaces/include/myo_interfaces/myo_interfaces/msg/myo_arm.h
[0.650s] -- Up-to-date symlink: /home/jialuyu/Final_Project/ROS2_Myo_Connect/install/myo_interfaces/include/myo_interfaces/myo_interfaces/msg/rosidl_generator_c__visibility_control.h
[0.650s] -- Up-to-date symlink: /home/jialuyu/Final_Project/ROS2_Myo_Connect/install/myo_interfaces/share/myo_interfaces/environment/library_path.sh
[0.650s] -- Up-to-date symlink: /home/jialuyu/Final_Project/ROS2_Myo_Connect/install/myo_interfaces/share/myo_interfaces/environment/library_path.dsv
[0.651s] -- Up-to-date symlink: /home/jialuyu/Final_Project/ROS2_Myo_Connect/install/myo_interfaces/include/myo_interfaces/myo_interfaces/msg/detail/emg_array__rosidl_typesupport_fastrtps_c.h
[0.651s] -- Up-to-date symlink: /home/jialuyu/Final_Project/ROS2_Myo_Connect/install/myo_interfaces/include/myo_interfaces/myo_interfaces/msg/detail/myo_arm__rosidl_typesupport_fastrtps_c.h
[0.651s] -- Up-to-date symlink: /home/jialuyu/Final_Project/ROS2_Myo_Connect/install/myo_interfaces/include/myo_interfaces/myo_interfaces/msg/rosidl_typesupport_fastrtps_c__visibility_control.h
[0.651s] -- Up-to-date symlink: /home/jialuyu/Final_Project/ROS2_Myo_Connect/install/myo_interfaces/include/myo_interfaces/myo_interfaces/msg/detail/emg_array__builder.hpp
[0.651s] -- Up-to-date symlink: /home/jialuyu/Final_Project/ROS2_Myo_Connect/install/myo_interfaces/include/myo_interfaces/myo_interfaces/msg/detail/emg_array__struct.hpp
[0.651s] -- Up-to-date symlink: /home/jialuyu/Final_Project/ROS2_Myo_Connect/install/myo_interfaces/include/myo_interfaces/myo_interfaces/msg/detail/emg_array__traits.hpp
[0.651s] -- Up-to-date symlink: /home/jialuyu/Final_Project/ROS2_Myo_Connect/install/myo_interfaces/include/myo_interfaces/myo_interfaces/msg/detail/myo_arm__builder.hpp
[0.651s] -- Up-to-date symlink: /home/jialuyu/Final_Project/ROS2_Myo_Connect/install/myo_interfaces/include/myo_interfaces/myo_interfaces/msg/detail/myo_arm__struct.hpp
[0.651s] -- Up-to-date symlink: /home/jialuyu/Final_Project/ROS2_Myo_Connect/install/myo_interfaces/include/myo_interfaces/myo_interfaces/msg/detail/myo_arm__traits.hpp
[0.651s] -- Up-to-date symlink: /home/jialuyu/Final_Project/ROS2_Myo_Connect/install/myo_interfaces/include/myo_interfaces/myo_interfaces/msg/emg_array.hpp
[0.651s] -- Up-to-date symlink: /home/jialuyu/Final_Project/ROS2_Myo_Connect/install/myo_interfaces/include/myo_interfaces/myo_interfaces/msg/myo_arm.hpp
[0.652s] -- Up-to-date symlink: /home/jialuyu/Final_Project/ROS2_Myo_Connect/install/myo_interfaces/include/myo_interfaces/myo_interfaces/msg/detail/emg_array__rosidl_typesupport_fastrtps_cpp.hpp
[0.652s] -- Up-to-date symlink: /home/jialuyu/Final_Project/ROS2_Myo_Connect/install/myo_interfaces/include/myo_interfaces/myo_interfaces/msg/detail/myo_arm__rosidl_typesupport_fastrtps_cpp.hpp
[0.652s] -- Up-to-date symlink: /home/jialuyu/Final_Project/ROS2_Myo_Connect/install/myo_interfaces/include/myo_interfaces/myo_interfaces/msg/rosidl_typesupport_fastrtps_cpp__visibility_control.h
[0.652s] -- Up-to-date symlink: /home/jialuyu/Final_Project/ROS2_Myo_Connect/install/myo_interfaces/include/myo_interfaces/myo_interfaces/msg/detail/emg_array__rosidl_typesupport_introspection_c.h
[0.652s] -- Up-to-date symlink: /home/jialuyu/Final_Project/ROS2_Myo_Connect/install/myo_interfaces/include/myo_interfaces/myo_interfaces/msg/detail/myo_arm__rosidl_typesupport_introspection_c.h
[0.652s] -- Up-to-date symlink: /home/jialuyu/Final_Project/ROS2_Myo_Connect/install/myo_interfaces/include/myo_interfaces/myo_interfaces/msg/rosidl_typesupport_introspection_c__visibility_control.h
[0.652s] -- Up-to-date symlink: /home/jialuyu/Final_Project/ROS2_Myo_Connect/install/myo_interfaces/include/myo_interfaces/myo_interfaces/msg/detail/emg_array__rosidl_typesupport_introspection_cpp.hpp
[0.653s] -- Up-to-date symlink: /home/jialuyu/Final_Project/ROS2_Myo_Connect/install/myo_interfaces/include/myo_interfaces/myo_interfaces/msg/detail/myo_arm__rosidl_typesupport_introspection_cpp.hpp
[0.653s] -- Up-to-date symlink: /home/jialuyu/Final_Project/ROS2_Myo_Connect/install/myo_interfaces/share/myo_interfaces/environment/pythonpath.sh
[0.653s] -- Up-to-date symlink: /home/jialuyu/Final_Project/ROS2_Myo_Connect/install/myo_interfaces/share/myo_interfaces/environment/pythonpath.dsv
[0.653s] -- Up-to-date symlink: /home/jialuyu/Final_Project/ROS2_Myo_Connect/install/myo_interfaces/lib/python3.10/site-packages/myo_interfaces-0.0.0-py3.10.egg-info/PKG-INFO
[0.653s] -- Up-to-date symlink: /home/jialuyu/Final_Project/ROS2_Myo_Connect/install/myo_interfaces/lib/python3.10/site-packages/myo_interfaces-0.0.0-py3.10.egg-info/SOURCES.txt
[0.653s] -- Up-to-date symlink: /home/jialuyu/Final_Project/ROS2_Myo_Connect/install/myo_interfaces/lib/python3.10/site-packages/myo_interfaces-0.0.0-py3.10.egg-info/dependency_links.txt
[0.653s] -- Up-to-date symlink: /home/jialuyu/Final_Project/ROS2_Myo_Connect/install/myo_interfaces/lib/python3.10/site-packages/myo_interfaces-0.0.0-py3.10.egg-info/top_level.txt
[0.654s] -- Up-to-date symlink: /home/jialuyu/Final_Project/ROS2_Myo_Connect/install/myo_interfaces/lib/python3.10/site-packages/myo_interfaces/__init__.py
[0.654s] -- Up-to-date symlink: /home/jialuyu/Final_Project/ROS2_Myo_Connect/install/myo_interfaces/lib/python3.10/site-packages/myo_interfaces/_myo_interfaces_s.ep.rosidl_typesupport_c.c
[0.654s] -- Up-to-date symlink: /home/jialuyu/Final_Project/ROS2_Myo_Connect/install/myo_interfaces/lib/python3.10/site-packages/myo_interfaces/_myo_interfaces_s.ep.rosidl_typesupport_fastrtps_c.c
[0.654s] -- Up-to-date symlink: /home/jialuyu/Final_Project/ROS2_Myo_Connect/install/myo_interfaces/lib/python3.10/site-packages/myo_interfaces/_myo_interfaces_s.ep.rosidl_typesupport_introspection_c.c
[0.654s] -- Up-to-date symlink: /home/jialuyu/Final_Project/ROS2_Myo_Connect/install/myo_interfaces/lib/python3.10/site-packages/myo_interfaces/libmyo_interfaces__rosidl_generator_py.so
[0.654s] -- Up-to-date symlink: /home/jialuyu/Final_Project/ROS2_Myo_Connect/install/myo_interfaces/lib/python3.10/site-packages/myo_interfaces/msg/__init__.py
[0.654s] -- Up-to-date symlink: /home/jialuyu/Final_Project/ROS2_Myo_Connect/install/myo_interfaces/lib/python3.10/site-packages/myo_interfaces/msg/_emg_array.py
[0.654s] -- Up-to-date symlink: /home/jialuyu/Final_Project/ROS2_Myo_Connect/install/myo_interfaces/lib/python3.10/site-packages/myo_interfaces/msg/_emg_array_s.c
[0.654s] -- Up-to-date symlink: /home/jialuyu/Final_Project/ROS2_Myo_Connect/install/myo_interfaces/lib/python3.10/site-packages/myo_interfaces/msg/_myo_arm.py
[0.654s] -- Up-to-date symlink: /home/jialuyu/Final_Project/ROS2_Myo_Connect/install/myo_interfaces/lib/python3.10/site-packages/myo_interfaces/msg/_myo_arm_s.c
[0.654s] -- Up-to-date symlink: /home/jialuyu/Final_Project/ROS2_Myo_Connect/install/myo_interfaces/lib/python3.10/site-packages/myo_interfaces/myo_interfaces_s__rosidl_typesupport_c.cpython-310-x86_64-linux-gnu.so
[0.654s] -- Up-to-date symlink: /home/jialuyu/Final_Project/ROS2_Myo_Connect/install/myo_interfaces/lib/python3.10/site-packages/myo_interfaces/myo_interfaces_s__rosidl_typesupport_fastrtps_c.cpython-310-x86_64-linux-gnu.so
[0.654s] -- Up-to-date symlink: /home/jialuyu/Final_Project/ROS2_Myo_Connect/install/myo_interfaces/lib/python3.10/site-packages/myo_interfaces/myo_interfaces_s__rosidl_typesupport_introspection_c.cpython-310-x86_64-linux-gnu.so
[0.655s] -- Up-to-date symlink: /home/jialuyu/Final_Project/ROS2_Myo_Connect/install/myo_interfaces/lib/python3.10/site-packages/myo_interfaces/myo_interfaces_s__rosidl_typesupport_fastrtps_c.cpython-310-x86_64-linux-gnu.so
[0.655s] -- Up-to-date symlink: /home/jialuyu/Final_Project/ROS2_Myo_Connect/install/myo_interfaces/lib/python3.10/site-packages/myo_interfaces/myo_interfaces_s__rosidl_typesupport_introspection_c.cpython-310-x86_64-linux-gnu.so
[0.655s] -- Up-to-date symlink: /home/jialuyu/Final_Project/ROS2_Myo_Connect/install/myo_interfaces/lib/python3.10/site-packages/myo_interfaces/myo_interfaces_s__rosidl_typesupport_c.cpython-310-x86_64-linux-gnu.so
[0.655s] -- Up-to-date symlink: /home/jialuyu/Final_Project/ROS2_Myo_Connect/install/myo_interfaces/share/myo_interfaces/msg/EmgArray.idl
[0.655s] -- Up-to-date symlink: /home/jialuyu/Final_Project/ROS2_Myo_Connect/install/myo_interfaces/share/myo_interfaces/msg/MyoArm.idl
[0.655s] -- Up-to-date symlink: /home/jialuyu/Final_Project/ROS2_Myo_Connect/install/myo_interfaces/share/myo_interfaces/msg/EmgArray.msg
[0.655s] -- Up-to-date symlink: /home/jialuyu/Final_Project/ROS2_Myo_Connect/install/myo_interfaces/share/myo_interfaces/msg/MyoArm.msg
[0.655s] -- Up-to-date symlink: /home/jialuyu/Final_Project/ROS2_Myo_Connect/install/myo_interfaces/share/ament_index/resource_index/package_run_dependencies/myo_interfaces
[0.655s] -- Up-to-date symlink: /home/jialuyu/Final_Project/ROS2_Myo_Connect/install/myo_interfaces/share/ament_index/resource_index/parent_prefix_path/myo_interfaces
[0.656s] -- Up-to-date symlink: /home/jialuyu/Final_Project/ROS2_Myo_Connect/install/myo_interfaces/share/myo_interfaces/environment/ament_prefix_path.sh
[0.656s] -- Up-to-date symlink: /home/jialuyu/Final_Project/ROS2_Myo_Connect/install/myo_interfaces/share/myo_interfaces/environment/ament_prefix_path.dsv
[0.656s] -- Up-to-date symlink: /home/jialuyu/Final_Project/ROS2_Myo_Connect/install/myo_interfaces/share/myo_interfaces/environment/path.sh
[0.656s] -- Up-to-date symlink: /home/jialuyu/Final_Project/ROS2_Myo_Connect/install/myo_interfaces/share/myo_interfaces/environment/path.dsv
[0.656s] -- Up-to-date symlink: /home/jialuyu/Final_Project/ROS2_Myo_Connect/install/myo_interfaces/share/myo_interfaces/local_setup.bash
[0.656s] -- Up-to-date symlink: /home/jialuyu/Final_Project/ROS2_Myo_Connect/install/myo_interfaces/share/myo_interfaces/local_setup.sh
[0.656s] -- Up-to-date symlink: /home/jialuyu/Final_Project/ROS2_Myo_Connect/install/myo_interfaces/share/myo_interfaces/local_setup.zsh
[0.656s] -- Up-to-date symlink: /home/jialuyu/Final_Project/ROS2_Myo_Connect/install/myo_interfaces/share/myo_interfaces/local_setup.dsv
[0.656s] -- Symlinking: /home/jialuyu/Final_Project/ROS2_Myo_Connect/install/myo_interfaces/share/myo_interfaces/package.dsv
[0.663s] -- Up-to-date symlink: /home/jialuyu/Final_Project/ROS2_Myo_Connect/install/myo_interfaces/share/ament_index/resource_index/packages/myo_interfaces
[0.663s] -- Up-to-date symlink: /home/jialuyu/Final_Project/ROS2_Myo_Connect/install/myo_interfaces/share/myo_interfaces/cmake/rosidl_cmake-extras.cmake
[0.663s] -- Up-to-date symlink: /home/jialuyu/Final_Project/ROS2_Myo_Connect/install/myo_interfaces/share/myo_interfaces/cmake/ament_cmake_export_include_directories-extras.cmake
[0.663s] -- Up-to-date symlink: /home/jialuyu/Final_Project/ROS2_Myo_Connect/install/myo_interfaces/share/myo_interfaces/cmake/ament_cmake_export_libraries-extras.cmake
[0.663s] -- Up-to-date symlink: /home/jialuyu/Final_Project/ROS2_Myo_Connect/install/myo_interfaces/share/myo_interfaces/cmake/ament_cmake_export_targets-extras.cmake
[0.663s] -- Up-to-date symlink: /home/jialuyu/Final_Project/ROS2_Myo_Connect/install/myo_interfaces/share/myo_interfaces/cmake/rosidl_cmake_export_typesupport_targets-extras.cmake
[0.663s] -- Up-to-date symlink: /home/jialuyu/Final_Project/ROS2_Myo_Connect/install/myo_interfaces/share/myo_interfaces/cmake/ament_cmake_export_dependencies-extras.cmake
[0.663s] -- Up-to-date symlink: /home/jialuyu/Final_Project/ROS2_Myo_Connect/install/myo_interfaces/share/myo_interfaces/cmake/rosidl_cmake_export_typesupport_libraries-extras.cmake
[0.663s] -- Up-to-date symlink: /home/jialuyu/Final_Project/ROS2_Myo_Connect/install/myo_interfaces/share/myo_interfaces/cmake/myo_interfacesConfig.cmake
[0.663s] -- Up-to-date symlink: /home/jialuyu/Final_Project/ROS2_Myo_Connect/install/myo_interfaces/share/myo_interfaces/cmake/myo_interfacesConfig-version.cmake
[0.664s] -- Up-to-date symlink: /home/jialuyu/Final_Project/ROS2_Myo_Connect/install/myo_interfaces/share/myo_interfaces/package.xml
[0.664s] -- Up-to-date: /home/jialuyu/Final_Project/ROS2_Myo_Connect/install/myo_interfaces/lib/libmyo_interfaces__rosidl_generator_c.so
[0.664s] -- Up-to-date: /home/jialuyu/Final_Project/ROS2_Myo_Connect/install/myo_interfaces/lib/libmyo_interfaces__rosidl_typesupport_fastrtps_c.so
[0.664s] -- Up-to-date: /home/jialuyu/Final_Project/ROS2_Myo_Connect/install/myo_interfaces/lib/libmyo_interfaces__rosidl_typesupport_fastrtps_cpp.so
[0.664s] -- Up-to-date: /home/jialuyu/Final_Project/ROS2_Myo_Connect/install/myo_interfaces/lib/libmyo_interfaces__rosidl_typesupport_introspection_c.so
[0.664s] -- Up-to-date: /home/jialuyu/Final_Project/ROS2_Myo_Connect/install/myo_interfaces/lib/libmyo_interfaces__rosidl_typesupport_c.so
[0.664s] -- Up-to-date: /home/jialuyu/Final_Project/ROS2_Myo_Connect/install/myo_interfaces/lib/libmyo_interfaces__rosidl_typesupport_introspection_cpp.so
[0.665s] -- Up-to-date: /home/jialuyu/Final_Project/ROS2_Myo_Connect/install/myo_interfaces/lib/libmyo_interfaces__rosidl_typesupport_cpp.so
[0.700s] Listing '/home/jialuyu/Final_Project/ROS2_Myo_Connect/install/myo_interfaces/lib/python3.10/site-packages/myo_interfaces'...
[0.700s] Listing '/home/jialuyu/Final_Project/ROS2_Myo_Connect/install/myo_interfaces/lib/python3.10/site-packages/myo_interfaces/msg'...
[0.703s] -- Up-to-date: /home/jialuyu/Final_Project/ROS2_Myo_Connect/install/myo_interfaces/lib/libmyo_interfaces__rosidl_generator_py.so
[0.703s] -- Up-to-date: /home/jialuyu/Final_Project/ROS2_Myo_Connect/install/myo_interfaces/share/myo_interfaces/cmake/export_myo_interfaces__rosidl_generator_cExport.cmake
[0.703s] -- Up-to-date: /home/jialuyu/Final_Project/ROS2_Myo_Connect/install/myo_interfaces/share/myo_interfaces/cmake/export_myo_interfaces__rosidl_generator_cExport-noconfig.cmake
[0.703s] -- Up-to-date: /home/jialuyu/Final_Project/ROS2_Myo_Connect/install/myo_interfaces/share/myo_interfaces/cmake/export_myo_interfaces__rosidl_typesupport_fastrtps_cExport.cmake
[0.703s] -- Up-to-date: /home/jialuyu/Final_Project/ROS2_Myo_Connect/install/myo_interfaces/share/myo_interfaces/cmake/export_myo_interfaces__rosidl_typesupport_fastrtps_cExport-noconfig.cmake
[0.703s] -- Up-to-date: /home/jialuyu/Final_Project/ROS2_Myo_Connect/install/myo_interfaces/share/myo_interfaces/cmake/export_myo_interfaces__rosidl_generator_cppExport.cmake
[0.704s] -- Up-to-date: /home/jialuyu/Final_Project/ROS2_Myo_Connect/install/myo_interfaces/share/myo_interfaces/cmake/export_myo_interfaces__rosidl_typesupport_fastrtps_cppExport.cmake
[0.704s] -- Up-to-date: /home/jialuyu/Final_Project/ROS2_Myo_Connect/install/myo_interfaces/share/myo_interfaces/cmake/export_myo_interfaces__rosidl_typesupport_fastrtps_cppExport-noconfig.cmake
[0.704s] -- Up-to-date: /home/jialuyu/Final_Project/ROS2_Myo_Connect/install/myo_interfaces/share/myo_interfaces/cmake/myo_interfaces__rosidl_typesupport_introspection_cExport.cmake
[0.704s] -- Up-to-date: /home/jialuyu/Final_Project/ROS2_Myo_Connect/install/myo_interfaces/share/myo_interfaces/cmake/myo_interfaces__rosidl_typesupport_introspection_cExport-noconfig.cmake
[0.704s] -- Up-to-date: /home/jialuyu/Final_Project/ROS2_Myo_Connect/install/myo_interfaces/share/myo_interfaces/cmake/myo_interfaces__rosidl_typesupport_cExport.cmake
[0.704s] -- Up-to-date: /home/jialuyu/Final_Project/ROS2_Myo_Connect/install/myo_interfaces/share/myo_interfaces/cmake/myo_interfaces__rosidl_typesupport_cExport-noconfig.cmake
[0.704s] -- Up-to-date: /home/jialuyu/Final_Project/ROS2_Myo_Connect/install/myo_interfaces/share/myo_interfaces/cmake/myo_interfaces__rosidl_typesupport_introspection_cppExport.cmake
[0.704s] -- Up-to-date: /home/jialuyu/Final_Project/ROS2_Myo_Connect/install/myo_interfaces/share/myo_interfaces/cmake/myo_interfaces__rosidl_typesupport_introspection_cppExport-noconfig.cmake
[0.704s] -- Up-to-date: /home/jialuyu/Final_Project/ROS2_Myo_Connect/install/myo_interfaces/share/myo_interfaces/cmake/myo_interfaces__rosidl_typesupport_cppExport.cmake
[0.704s] -- Up-to-date: /home/jialuyu/Final_Project/ROS2_Myo_Connect/install/myo_interfaces/share/myo_interfaces/cmake/myo_interfaces__rosidl_typesupport_cppExport-noconfig.cmake
[0.704s] -- Up-to-date: /home/jialuyu/Final_Project/ROS2_Myo_Connect/install/myo_interfaces/share/myo_interfaces/cmake/export_myo_interfaces__rosidl_generator_pyExport.cmake
[0.704s] -- Up-to-date: /home/jialuyu/Final_Project/ROS2_Myo_Connect/install/myo_interfaces/share/myo_interfaces/cmake/export_myo_interfaces__rosidl_generator_pyExport-noconfig.cmake
[0.705s] Invoked command in '/home/jialuyu/Final_Project/ROS2_Myo_Connect/build/myo_interfaces' returned '0': CMAKE_PREFIX_PATH=${CMAKE_PREFIX_PATH}:/home/jialuyu/Final_Project/ROS2_Myo_Connect/install/ros_myo:/home/jialuyu/Final_Project/ROS2_Myo_Connect/Final_Project_Code/install/ros_myo:/home/jialuyu/ws/interbotix/install/interbotix_xs_modules:/home/jialuyu/ws/interbotix/install/interbotix_common_modules:/home/jialuyu/Winter_Project/install/ros_april_tag:/home/jialuyu/Winter_Project/install/moveit_python:/home/jialuyu/Winter_Project/install/face_recognition_ros_node:/home/jialuyu/Winter_Project/install/care:/home/jialuyu/ws/final_project_ROS/install/trigger:/home/jialuyu/ws/final_project_ROS/install/control:/home/jialuyu/ws/final_project_ROS/install/image_yolo:/home/jialuyu/ws/final_project_ROS/install/gun_trajectory:/home/jialuyu/ws/final_project_ROS/install/audio_input:/home/jialuyu/ws/moveit_pincher/install/pickmeup:/home/jialuyu/ws/moveit_pincher/install/moveit_wrapper:/home/jialuyu/ws/moveit_pincher/install/diff_drive:/opt/ros/iron /usr/bin/cmake --install /home/jialuyu/Final_Project/ROS2_Myo_Connect/build/myo_interfaces
