-- Found ament_cmake: 2.0.4 (/opt/ros/iron/share/ament_cmake/cmake)
-- Override CMake install command with custom implementation using symlinks instead of copying resources
-- Found geometry_msgs: 5.0.0 (/opt/ros/iron/share/geometry_msgs/cmake)
-- Found rosidl_generator_c: 4.0.1 (/opt/ros/iron/share/rosidl_generator_c/cmake)
-- Found rosidl_generator_cpp: 4.0.1 (/opt/ros/iron/share/rosidl_generator_cpp/cmake)
-- Using all available rosidl_typesupport_c: rosidl_typesupport_fastrtps_c;rosidl_typesupport_introspection_c
-- Using all available rosidl_typesupport_cpp: rosidl_typesupport_fastrtps_cpp;rosidl_typesupport_introspection_cpp
-- Found rosidl_default_generators: 1.5.0 (/opt/ros/iron/share/rosidl_default_generators/cmake)
-- Found rosidl_adapter: 4.0.1 (/opt/ros/iron/share/rosidl_adapter/cmake)
-- Found ament_cmake_ros: 0.11.2 (/opt/ros/iron/share/ament_cmake_ros/cmake)
-- Using all available rosidl_typesupport_c: rosidl_typesupport_fastrtps_c;rosidl_typesupport_introspection_c
-- Using all available rosidl_typesupport_cpp: rosidl_typesupport_fastrtps_cpp;rosidl_typesupport_introspection_cpp
-- Found python_cmake_module: 0.10.2 (/opt/ros/iron/share/python_cmake_module/cmake)
-- Using PYTHON_EXECUTABLE: /usr/bin/python3
-- Using PYTHON_INCLUDE_DIRS: /usr/include/python3.10
-- Using PYTHON_LIBRARIES: /usr/lib/x86_64-linux-gnu/libpython3.10.so
-- Found ament_lint_auto: 0.14.3 (/opt/ros/iron/share/ament_lint_auto/cmake)
-- Added test 'copyright' to check source files copyright and LICENSE
-- Added test 'lint_cmake' to check CMake code style
-- Added test 'xmllint' to check XML markup files
-- Configuring done
-- Generating done
-- Build files have been written to: /home/jialuyu/Final_Project/ROS2_Myo_Connect/Final_Project_Code/build/myo_interfaces
[  2%] [34m[1mGenerating type hashes for ROS interfaces[0m
[  2%] Built target ament_cmake_python_symlink_myo_interfaces
[  2%] Built target myo_interfaces__rosidl_generator_type_description
[  4%] [34m[1mGenerating C code for ROS interfaces[0m
running egg_info
writing myo_interfaces.egg-info/PKG-INFO
writing dependency_links to myo_interfaces.egg-info/dependency_links.txt
writing top-level names to myo_interfaces.egg-info/top_level.txt
reading manifest file 'myo_interfaces.egg-info/SOURCES.txt'
writing manifest file 'myo_interfaces.egg-info/SOURCES.txt'
[  6%] [34m[1mGenerating C++ code for ROS interfaces[0m
[  6%] Built target ament_cmake_python_build_myo_interfaces_egg
[  6%] Built target myo_interfaces__cpp
[35m[1mConsolidate compiler generated dependencies of target myo_interfaces__rosidl_generator_c[0m
[  9%] [32mBuilding C object CMakeFiles/myo_interfaces__rosidl_generator_c.dir/rosidl_generator_c/myo_interfaces/msg/detail/emg_array__description.c.o[0m
[ 11%] [32mBuilding C object CMakeFiles/myo_interfaces__rosidl_generator_c.dir/rosidl_generator_c/myo_interfaces/msg/detail/emg_array__functions.c.o[0m
[ 13%] [32mBuilding C object CMakeFiles/myo_interfaces__rosidl_generator_c.dir/rosidl_generator_c/myo_interfaces/msg/detail/emg_array__type_support.c.o[0m
[ 18%] [32mBuilding C object CMakeFiles/myo_interfaces__rosidl_generator_c.dir/rosidl_generator_c/myo_interfaces/msg/detail/myo_arm__description.c.o[0m
[ 18%] [32mBuilding C object CMakeFiles/myo_interfaces__rosidl_generator_c.dir/rosidl_generator_c/myo_interfaces/msg/detail/myo_arm__functions.c.o[0m
[ 20%] [32mBuilding C object CMakeFiles/myo_interfaces__rosidl_generator_c.dir/rosidl_generator_c/myo_interfaces/msg/detail/myo_arm__type_support.c.o[0m
[ 22%] [32m[1mLinking C shared library libmyo_interfaces__rosidl_generator_c.so[0m
[ 22%] Built target myo_interfaces__rosidl_generator_c
[ 25%] [34m[1mGenerating C++ type support dispatch for ROS interfaces[0m
[ 29%] [34m[1mGenerating C type support for eProsima Fast-RTPS[0m
[ 29%] [34m[1mGenerating C++ type support for eProsima Fast-RTPS[0m
[ 31%] [34m[1mGenerating C introspection for ROS interfaces[0m
[ 36%] [34m[1mGenerating C type support dispatch for ROS interfaces[0m
[ 36%] [34m[1mGenerating C++ introspection for ROS interfaces[0m
[35m[1mConsolidate compiler generated dependencies of target myo_interfaces__rosidl_typesupport_introspection_c[0m
[35m[1mConsolidate compiler generated dependencies of target myo_interfaces__rosidl_typesupport_fastrtps_cpp[0m
[ 38%] [32mBuilding C object CMakeFiles/myo_interfaces__rosidl_typesupport_introspection_c.dir/rosidl_typesupport_introspection_c/myo_interfaces/msg/detail/emg_array__type_support.c.o[0m
[ 40%] [32mBuilding C object CMakeFiles/myo_interfaces__rosidl_typesupport_introspection_c.dir/rosidl_typesupport_introspection_c/myo_interfaces/msg/detail/myo_arm__type_support.c.o[0m
[ 43%] [32mBuilding CXX object CMakeFiles/myo_interfaces__rosidl_typesupport_fastrtps_cpp.dir/rosidl_typesupport_fastrtps_cpp/myo_interfaces/msg/detail/dds_fastrtps/emg_array__type_support.cpp.o[0m
[ 45%] [32mBuilding CXX object CMakeFiles/myo_interfaces__rosidl_typesupport_fastrtps_cpp.dir/rosidl_typesupport_fastrtps_cpp/myo_interfaces/msg/detail/dds_fastrtps/myo_arm__type_support.cpp.o[0m
[ 47%] [32m[1mLinking C shared library libmyo_interfaces__rosidl_typesupport_introspection_c.so[0m
[35m[1mConsolidate compiler generated dependencies of target myo_interfaces__rosidl_typesupport_c[0m
[35m[1mConsolidate compiler generated dependencies of target myo_interfaces__rosidl_typesupport_cpp[0m
[ 50%] [32mBuilding CXX object CMakeFiles/myo_interfaces__rosidl_typesupport_cpp.dir/rosidl_typesupport_cpp/myo_interfaces/msg/myo_arm__type_support.cpp.o[0m
[ 52%] [32mBuilding CXX object CMakeFiles/myo_interfaces__rosidl_typesupport_c.dir/rosidl_typesupport_c/myo_interfaces/msg/emg_array__type_support.cpp.o[0m
[ 54%] [32mBuilding CXX object CMakeFiles/myo_interfaces__rosidl_typesupport_c.dir/rosidl_typesupport_c/myo_interfaces/msg/myo_arm__type_support.cpp.o[0m
[ 56%] [32mBuilding CXX object CMakeFiles/myo_interfaces__rosidl_typesupport_cpp.dir/rosidl_typesupport_cpp/myo_interfaces/msg/emg_array__type_support.cpp.o[0m
[35m[1mConsolidate compiler generated dependencies of target myo_interfaces__rosidl_typesupport_introspection_cpp[0m
[ 56%] Built target myo_interfaces__rosidl_typesupport_introspection_c
[ 59%] [32mBuilding CXX object CMakeFiles/myo_interfaces__rosidl_typesupport_introspection_cpp.dir/rosidl_typesupport_introspection_cpp/myo_interfaces/msg/detail/emg_array__type_support.cpp.o[0m
[ 61%] [32mBuilding CXX object CMakeFiles/myo_interfaces__rosidl_typesupport_introspection_cpp.dir/rosidl_typesupport_introspection_cpp/myo_interfaces/msg/detail/myo_arm__type_support.cpp.o[0m
[35m[1mConsolidate compiler generated dependencies of target myo_interfaces__rosidl_typesupport_fastrtps_c[0m
[ 65%] [32mBuilding CXX object CMakeFiles/myo_interfaces__rosidl_typesupport_fastrtps_c.dir/rosidl_typesupport_fastrtps_c/myo_interfaces/msg/detail/myo_arm__type_support_c.cpp.o[0m
[ 65%] [32mBuilding CXX object CMakeFiles/myo_interfaces__rosidl_typesupport_fastrtps_c.dir/rosidl_typesupport_fastrtps_c/myo_interfaces/msg/detail/emg_array__type_support_c.cpp.o[0m
[ 68%] [32m[1mLinking CXX shared library libmyo_interfaces__rosidl_typesupport_c.so[0m
[ 68%] Built target myo_interfaces__rosidl_typesupport_c
[ 70%] [32m[1mLinking CXX shared library libmyo_interfaces__rosidl_typesupport_cpp.so[0m
[ 72%] [32m[1mLinking CXX shared library libmyo_interfaces__rosidl_typesupport_fastrtps_cpp.so[0m
[ 72%] Built target myo_interfaces__rosidl_typesupport_cpp
[ 72%] Built target myo_interfaces__rosidl_typesupport_fastrtps_cpp
[ 75%] [32m[1mLinking CXX shared library libmyo_interfaces__rosidl_typesupport_fastrtps_c.so[0m
[ 77%] [32m[1mLinking CXX shared library libmyo_interfaces__rosidl_typesupport_introspection_cpp.so[0m
[ 77%] Built target myo_interfaces__rosidl_typesupport_fastrtps_c
[ 77%] Built target myo_interfaces__rosidl_typesupport_introspection_cpp
[ 77%] Built target myo_interfaces
[ 79%] [34m[1mGenerating Python code for ROS interfaces[0m
[ 79%] Built target myo_interfaces__py
[35m[1mConsolidate compiler generated dependencies of target myo_interfaces__rosidl_generator_py[0m
[ 81%] [32mBuilding C object CMakeFiles/myo_interfaces__rosidl_generator_py.dir/rosidl_generator_py/myo_interfaces/msg/_emg_array_s.c.o[0m
[ 84%] [32mBuilding C object CMakeFiles/myo_interfaces__rosidl_generator_py.dir/rosidl_generator_py/myo_interfaces/msg/_myo_arm_s.c.o[0m
[ 86%] [32m[1mLinking C shared library rosidl_generator_py/myo_interfaces/libmyo_interfaces__rosidl_generator_py.so[0m
[ 86%] Built target myo_interfaces__rosidl_generator_py
[35m[1mConsolidate compiler generated dependencies of target myo_interfaces__rosidl_typesupport_fastrtps_c__pyext[0m
[35m[1mConsolidate compiler generated dependencies of target myo_interfaces__rosidl_typesupport_introspection_c__pyext[0m
[35m[1mConsolidate compiler generated dependencies of target myo_interfaces__rosidl_typesupport_c__pyext[0m
[ 90%] [32mBuilding C object CMakeFiles/myo_interfaces__rosidl_typesupport_fastrtps_c__pyext.dir/rosidl_generator_py/myo_interfaces/_myo_interfaces_s.ep.rosidl_typesupport_fastrtps_c.c.o[0m
[ 90%] [32mBuilding C object CMakeFiles/myo_interfaces__rosidl_typesupport_introspection_c__pyext.dir/rosidl_generator_py/myo_interfaces/_myo_interfaces_s.ep.rosidl_typesupport_introspection_c.c.o[0m
[ 93%] [32mBuilding C object CMakeFiles/myo_interfaces__rosidl_typesupport_c__pyext.dir/rosidl_generator_py/myo_interfaces/_myo_interfaces_s.ep.rosidl_typesupport_c.c.o[0m
[ 95%] [32m[1mLinking C shared library rosidl_generator_py/myo_interfaces/myo_interfaces_s__rosidl_typesupport_c.cpython-310-x86_64-linux-gnu.so[0m
[ 97%] [32m[1mLinking C shared library rosidl_generator_py/myo_interfaces/myo_interfaces_s__rosidl_typesupport_fastrtps_c.cpython-310-x86_64-linux-gnu.so[0m
[100%] [32m[1mLinking C shared library rosidl_generator_py/myo_interfaces/myo_interfaces_s__rosidl_typesupport_introspection_c.cpython-310-x86_64-linux-gnu.so[0m
[100%] Built target myo_interfaces__rosidl_typesupport_c__pyext
[100%] Built target myo_interfaces__rosidl_typesupport_fastrtps_c__pyext
[100%] Built target myo_interfaces__rosidl_typesupport_introspection_c__pyext
-- Install configuration: ""
-- Execute custom install script
-- Up-to-date symlink: /home/jialuyu/Final_Project/ROS2_Myo_Connect/Final_Project_Code/install/myo_interfaces/share/ament_index/resource_index/rosidl_interfaces/myo_interfaces
-- Up-to-date symlink: /home/jialuyu/Final_Project/ROS2_Myo_Connect/Final_Project_Code/install/myo_interfaces/share/myo_interfaces/msg/EmgArray.json
-- Up-to-date symlink: /home/jialuyu/Final_Project/ROS2_Myo_Connect/Final_Project_Code/install/myo_interfaces/share/myo_interfaces/msg/MyoArm.json
-- Up-to-date symlink: /home/jialuyu/Final_Project/ROS2_Myo_Connect/Final_Project_Code/install/myo_interfaces/include/myo_interfaces/myo_interfaces/msg/detail/emg_array__functions.h
-- Up-to-date symlink: /home/jialuyu/Final_Project/ROS2_Myo_Connect/Final_Project_Code/install/myo_interfaces/include/myo_interfaces/myo_interfaces/msg/detail/emg_array__struct.h
-- Up-to-date symlink: /home/jialuyu/Final_Project/ROS2_Myo_Connect/Final_Project_Code/install/myo_interfaces/include/myo_interfaces/myo_interfaces/msg/detail/emg_array__type_support.h
-- Up-to-date symlink: /home/jialuyu/Final_Project/ROS2_Myo_Connect/Final_Project_Code/install/myo_interfaces/include/myo_interfaces/myo_interfaces/msg/detail/myo_arm__functions.h
-- Up-to-date symlink: /home/jialuyu/Final_Project/ROS2_Myo_Connect/Final_Project_Code/install/myo_interfaces/include/myo_interfaces/myo_interfaces/msg/detail/myo_arm__struct.h
-- Up-to-date symlink: /home/jialuyu/Final_Project/ROS2_Myo_Connect/Final_Project_Code/install/myo_interfaces/include/myo_interfaces/myo_interfaces/msg/detail/myo_arm__type_support.h
-- Up-to-date symlink: /home/jialuyu/Final_Project/ROS2_Myo_Connect/Final_Project_Code/install/myo_interfaces/include/myo_interfaces/myo_interfaces/msg/emg_array.h
-- Up-to-date symlink: /home/jialuyu/Final_Project/ROS2_Myo_Connect/Final_Project_Code/install/myo_interfaces/include/myo_interfaces/myo_interfaces/msg/myo_arm.h
-- Up-to-date symlink: /home/jialuyu/Final_Project/ROS2_Myo_Connect/Final_Project_Code/install/myo_interfaces/include/myo_interfaces/myo_interfaces/msg/rosidl_generator_c__visibility_control.h
-- Up-to-date symlink: /home/jialuyu/Final_Project/ROS2_Myo_Connect/Final_Project_Code/install/myo_interfaces/share/myo_interfaces/environment/library_path.sh
-- Up-to-date symlink: /home/jialuyu/Final_Project/ROS2_Myo_Connect/Final_Project_Code/install/myo_interfaces/share/myo_interfaces/environment/library_path.dsv
-- Up-to-date symlink: /home/jialuyu/Final_Project/ROS2_Myo_Connect/Final_Project_Code/install/myo_interfaces/include/myo_interfaces/myo_interfaces/msg/detail/emg_array__rosidl_typesupport_fastrtps_c.h
-- Up-to-date symlink: /home/jialuyu/Final_Project/ROS2_Myo_Connect/Final_Project_Code/install/myo_interfaces/include/myo_interfaces/myo_interfaces/msg/detail/myo_arm__rosidl_typesupport_fastrtps_c.h
-- Up-to-date symlink: /home/jialuyu/Final_Project/ROS2_Myo_Connect/Final_Project_Code/install/myo_interfaces/include/myo_interfaces/myo_interfaces/msg/rosidl_typesupport_fastrtps_c__visibility_control.h
-- Up-to-date symlink: /home/jialuyu/Final_Project/ROS2_Myo_Connect/Final_Project_Code/install/myo_interfaces/include/myo_interfaces/myo_interfaces/msg/detail/emg_array__builder.hpp
-- Up-to-date symlink: /home/jialuyu/Final_Project/ROS2_Myo_Connect/Final_Project_Code/install/myo_interfaces/include/myo_interfaces/myo_interfaces/msg/detail/emg_array__struct.hpp
-- Up-to-date symlink: /home/jialuyu/Final_Project/ROS2_Myo_Connect/Final_Project_Code/install/myo_interfaces/include/myo_interfaces/myo_interfaces/msg/detail/emg_array__traits.hpp
-- Up-to-date symlink: /home/jialuyu/Final_Project/ROS2_Myo_Connect/Final_Project_Code/install/myo_interfaces/include/myo_interfaces/myo_interfaces/msg/detail/myo_arm__builder.hpp
-- Up-to-date symlink: /home/jialuyu/Final_Project/ROS2_Myo_Connect/Final_Project_Code/install/myo_interfaces/include/myo_interfaces/myo_interfaces/msg/detail/myo_arm__struct.hpp
-- Up-to-date symlink: /home/jialuyu/Final_Project/ROS2_Myo_Connect/Final_Project_Code/install/myo_interfaces/include/myo_interfaces/myo_interfaces/msg/detail/myo_arm__traits.hpp
-- Up-to-date symlink: /home/jialuyu/Final_Project/ROS2_Myo_Connect/Final_Project_Code/install/myo_interfaces/include/myo_interfaces/myo_interfaces/msg/emg_array.hpp
-- Up-to-date symlink: /home/jialuyu/Final_Project/ROS2_Myo_Connect/Final_Project_Code/install/myo_interfaces/include/myo_interfaces/myo_interfaces/msg/myo_arm.hpp
-- Up-to-date symlink: /home/jialuyu/Final_Project/ROS2_Myo_Connect/Final_Project_Code/install/myo_interfaces/include/myo_interfaces/myo_interfaces/msg/detail/emg_array__rosidl_typesupport_fastrtps_cpp.hpp
-- Up-to-date symlink: /home/jialuyu/Final_Project/ROS2_Myo_Connect/Final_Project_Code/install/myo_interfaces/include/myo_interfaces/myo_interfaces/msg/detail/myo_arm__rosidl_typesupport_fastrtps_cpp.hpp
-- Up-to-date symlink: /home/jialuyu/Final_Project/ROS2_Myo_Connect/Final_Project_Code/install/myo_interfaces/include/myo_interfaces/myo_interfaces/msg/rosidl_typesupport_fastrtps_cpp__visibility_control.h
-- Up-to-date symlink: /home/jialuyu/Final_Project/ROS2_Myo_Connect/Final_Project_Code/install/myo_interfaces/include/myo_interfaces/myo_interfaces/msg/detail/emg_array__rosidl_typesupport_introspection_c.h
-- Up-to-date symlink: /home/jialuyu/Final_Project/ROS2_Myo_Connect/Final_Project_Code/install/myo_interfaces/include/myo_interfaces/myo_interfaces/msg/detail/myo_arm__rosidl_typesupport_introspection_c.h
-- Up-to-date symlink: /home/jialuyu/Final_Project/ROS2_Myo_Connect/Final_Project_Code/install/myo_interfaces/include/myo_interfaces/myo_interfaces/msg/rosidl_typesupport_introspection_c__visibility_control.h
-- Up-to-date symlink: /home/jialuyu/Final_Project/ROS2_Myo_Connect/Final_Project_Code/install/myo_interfaces/include/myo_interfaces/myo_interfaces/msg/detail/emg_array__rosidl_typesupport_introspection_cpp.hpp
-- Up-to-date symlink: /home/jialuyu/Final_Project/ROS2_Myo_Connect/Final_Project_Code/install/myo_interfaces/include/myo_interfaces/myo_interfaces/msg/detail/myo_arm__rosidl_typesupport_introspection_cpp.hpp
-- Up-to-date symlink: /home/jialuyu/Final_Project/ROS2_Myo_Connect/Final_Project_Code/install/myo_interfaces/share/myo_interfaces/environment/pythonpath.sh
-- Up-to-date symlink: /home/jialuyu/Final_Project/ROS2_Myo_Connect/Final_Project_Code/install/myo_interfaces/share/myo_interfaces/environment/pythonpath.dsv
-- Up-to-date symlink: /home/jialuyu/Final_Project/ROS2_Myo_Connect/Final_Project_Code/install/myo_interfaces/lib/python3.10/site-packages/myo_interfaces-0.0.0-py3.10.egg-info/PKG-INFO
-- Up-to-date symlink: /home/jialuyu/Final_Project/ROS2_Myo_Connect/Final_Project_Code/install/myo_interfaces/lib/python3.10/site-packages/myo_interfaces-0.0.0-py3.10.egg-info/SOURCES.txt
-- Up-to-date symlink: /home/jialuyu/Final_Project/ROS2_Myo_Connect/Final_Project_Code/install/myo_interfaces/lib/python3.10/site-packages/myo_interfaces-0.0.0-py3.10.egg-info/dependency_links.txt
-- Up-to-date symlink: /home/jialuyu/Final_Project/ROS2_Myo_Connect/Final_Project_Code/install/myo_interfaces/lib/python3.10/site-packages/myo_interfaces-0.0.0-py3.10.egg-info/top_level.txt
-- Up-to-date symlink: /home/jialuyu/Final_Project/ROS2_Myo_Connect/Final_Project_Code/install/myo_interfaces/lib/python3.10/site-packages/myo_interfaces/__init__.py
-- Up-to-date symlink: /home/jialuyu/Final_Project/ROS2_Myo_Connect/Final_Project_Code/install/myo_interfaces/lib/python3.10/site-packages/myo_interfaces/_myo_interfaces_s.ep.rosidl_typesupport_c.c
-- Up-to-date symlink: /home/jialuyu/Final_Project/ROS2_Myo_Connect/Final_Project_Code/install/myo_interfaces/lib/python3.10/site-packages/myo_interfaces/_myo_interfaces_s.ep.rosidl_typesupport_fastrtps_c.c
-- Up-to-date symlink: /home/jialuyu/Final_Project/ROS2_Myo_Connect/Final_Project_Code/install/myo_interfaces/lib/python3.10/site-packages/myo_interfaces/_myo_interfaces_s.ep.rosidl_typesupport_introspection_c.c
-- Up-to-date symlink: /home/jialuyu/Final_Project/ROS2_Myo_Connect/Final_Project_Code/install/myo_interfaces/lib/python3.10/site-packages/myo_interfaces/libmyo_interfaces__rosidl_generator_py.so
-- Up-to-date symlink: /home/jialuyu/Final_Project/ROS2_Myo_Connect/Final_Project_Code/install/myo_interfaces/lib/python3.10/site-packages/myo_interfaces/msg/__init__.py
-- Up-to-date symlink: /home/jialuyu/Final_Project/ROS2_Myo_Connect/Final_Project_Code/install/myo_interfaces/lib/python3.10/site-packages/myo_interfaces/msg/_emg_array.py
-- Up-to-date symlink: /home/jialuyu/Final_Project/ROS2_Myo_Connect/Final_Project_Code/install/myo_interfaces/lib/python3.10/site-packages/myo_interfaces/msg/_emg_array_s.c
-- Up-to-date symlink: /home/jialuyu/Final_Project/ROS2_Myo_Connect/Final_Project_Code/install/myo_interfaces/lib/python3.10/site-packages/myo_interfaces/msg/_myo_arm.py
-- Up-to-date symlink: /home/jialuyu/Final_Project/ROS2_Myo_Connect/Final_Project_Code/install/myo_interfaces/lib/python3.10/site-packages/myo_interfaces/msg/_myo_arm_s.c
-- Up-to-date symlink: /home/jialuyu/Final_Project/ROS2_Myo_Connect/Final_Project_Code/install/myo_interfaces/lib/python3.10/site-packages/myo_interfaces/myo_interfaces_s__rosidl_typesupport_c.cpython-310-x86_64-linux-gnu.so
-- Up-to-date symlink: /home/jialuyu/Final_Project/ROS2_Myo_Connect/Final_Project_Code/install/myo_interfaces/lib/python3.10/site-packages/myo_interfaces/myo_interfaces_s__rosidl_typesupport_fastrtps_c.cpython-310-x86_64-linux-gnu.so
-- Up-to-date symlink: /home/jialuyu/Final_Project/ROS2_Myo_Connect/Final_Project_Code/install/myo_interfaces/lib/python3.10/site-packages/myo_interfaces/myo_interfaces_s__rosidl_typesupport_introspection_c.cpython-310-x86_64-linux-gnu.so
-- Up-to-date symlink: /home/jialuyu/Final_Project/ROS2_Myo_Connect/Final_Project_Code/install/myo_interfaces/lib/python3.10/site-packages/myo_interfaces/myo_interfaces_s__rosidl_typesupport_fastrtps_c.cpython-310-x86_64-linux-gnu.so
-- Up-to-date symlink: /home/jialuyu/Final_Project/ROS2_Myo_Connect/Final_Project_Code/install/myo_interfaces/lib/python3.10/site-packages/myo_interfaces/myo_interfaces_s__rosidl_typesupport_introspection_c.cpython-310-x86_64-linux-gnu.so
-- Up-to-date symlink: /home/jialuyu/Final_Project/ROS2_Myo_Connect/Final_Project_Code/install/myo_interfaces/lib/python3.10/site-packages/myo_interfaces/myo_interfaces_s__rosidl_typesupport_c.cpython-310-x86_64-linux-gnu.so
-- Up-to-date symlink: /home/jialuyu/Final_Project/ROS2_Myo_Connect/Final_Project_Code/install/myo_interfaces/share/myo_interfaces/msg/EmgArray.idl
-- Up-to-date symlink: /home/jialuyu/Final_Project/ROS2_Myo_Connect/Final_Project_Code/install/myo_interfaces/share/myo_interfaces/msg/MyoArm.idl
-- Up-to-date symlink: /home/jialuyu/Final_Project/ROS2_Myo_Connect/Final_Project_Code/install/myo_interfaces/share/myo_interfaces/msg/EmgArray.msg
-- Up-to-date symlink: /home/jialuyu/Final_Project/ROS2_Myo_Connect/Final_Project_Code/install/myo_interfaces/share/myo_interfaces/msg/MyoArm.msg
-- Up-to-date symlink: /home/jialuyu/Final_Project/ROS2_Myo_Connect/Final_Project_Code/install/myo_interfaces/share/ament_index/resource_index/package_run_dependencies/myo_interfaces
-- Up-to-date symlink: /home/jialuyu/Final_Project/ROS2_Myo_Connect/Final_Project_Code/install/myo_interfaces/share/ament_index/resource_index/parent_prefix_path/myo_interfaces
-- Up-to-date symlink: /home/jialuyu/Final_Project/ROS2_Myo_Connect/Final_Project_Code/install/myo_interfaces/share/myo_interfaces/environment/ament_prefix_path.sh
-- Up-to-date symlink: /home/jialuyu/Final_Project/ROS2_Myo_Connect/Final_Project_Code/install/myo_interfaces/share/myo_interfaces/environment/ament_prefix_path.dsv
-- Up-to-date symlink: /home/jialuyu/Final_Project/ROS2_Myo_Connect/Final_Project_Code/install/myo_interfaces/share/myo_interfaces/environment/path.sh
-- Up-to-date symlink: /home/jialuyu/Final_Project/ROS2_Myo_Connect/Final_Project_Code/install/myo_interfaces/share/myo_interfaces/environment/path.dsv
-- Up-to-date symlink: /home/jialuyu/Final_Project/ROS2_Myo_Connect/Final_Project_Code/install/myo_interfaces/share/myo_interfaces/local_setup.bash
-- Up-to-date symlink: /home/jialuyu/Final_Project/ROS2_Myo_Connect/Final_Project_Code/install/myo_interfaces/share/myo_interfaces/local_setup.sh
-- Up-to-date symlink: /home/jialuyu/Final_Project/ROS2_Myo_Connect/Final_Project_Code/install/myo_interfaces/share/myo_interfaces/local_setup.zsh
-- Up-to-date symlink: /home/jialuyu/Final_Project/ROS2_Myo_Connect/Final_Project_Code/install/myo_interfaces/share/myo_interfaces/local_setup.dsv
-- Symlinking: /home/jialuyu/Final_Project/ROS2_Myo_Connect/Final_Project_Code/install/myo_interfaces/share/myo_interfaces/package.dsv
-- Up-to-date symlink: /home/jialuyu/Final_Project/ROS2_Myo_Connect/Final_Project_Code/install/myo_interfaces/share/ament_index/resource_index/packages/myo_interfaces
-- Up-to-date symlink: /home/jialuyu/Final_Project/ROS2_Myo_Connect/Final_Project_Code/install/myo_interfaces/share/myo_interfaces/cmake/rosidl_cmake-extras.cmake
-- Up-to-date symlink: /home/jialuyu/Final_Project/ROS2_Myo_Connect/Final_Project_Code/install/myo_interfaces/share/myo_interfaces/cmake/ament_cmake_export_include_directories-extras.cmake
-- Up-to-date symlink: /home/jialuyu/Final_Project/ROS2_Myo_Connect/Final_Project_Code/install/myo_interfaces/share/myo_interfaces/cmake/ament_cmake_export_libraries-extras.cmake
-- Up-to-date symlink: /home/jialuyu/Final_Project/ROS2_Myo_Connect/Final_Project_Code/install/myo_interfaces/share/myo_interfaces/cmake/ament_cmake_export_targets-extras.cmake
-- Up-to-date symlink: /home/jialuyu/Final_Project/ROS2_Myo_Connect/Final_Project_Code/install/myo_interfaces/share/myo_interfaces/cmake/rosidl_cmake_export_typesupport_targets-extras.cmake
-- Up-to-date symlink: /home/jialuyu/Final_Project/ROS2_Myo_Connect/Final_Project_Code/install/myo_interfaces/share/myo_interfaces/cmake/ament_cmake_export_dependencies-extras.cmake
-- Up-to-date symlink: /home/jialuyu/Final_Project/ROS2_Myo_Connect/Final_Project_Code/install/myo_interfaces/share/myo_interfaces/cmake/rosidl_cmake_export_typesupport_libraries-extras.cmake
-- Up-to-date symlink: /home/jialuyu/Final_Project/ROS2_Myo_Connect/Final_Project_Code/install/myo_interfaces/share/myo_interfaces/cmake/myo_interfacesConfig.cmake
-- Up-to-date symlink: /home/jialuyu/Final_Project/ROS2_Myo_Connect/Final_Project_Code/install/myo_interfaces/share/myo_interfaces/cmake/myo_interfacesConfig-version.cmake
-- Up-to-date symlink: /home/jialuyu/Final_Project/ROS2_Myo_Connect/Final_Project_Code/install/myo_interfaces/share/myo_interfaces/package.xml
-- Installing: /home/jialuyu/Final_Project/ROS2_Myo_Connect/Final_Project_Code/install/myo_interfaces/lib/libmyo_interfaces__rosidl_generator_c.so
-- Set runtime path of "/home/jialuyu/Final_Project/ROS2_Myo_Connect/Final_Project_Code/install/myo_interfaces/lib/libmyo_interfaces__rosidl_generator_c.so" to ""
-- Installing: /home/jialuyu/Final_Project/ROS2_Myo_Connect/Final_Project_Code/install/myo_interfaces/lib/libmyo_interfaces__rosidl_typesupport_fastrtps_c.so
-- Set runtime path of "/home/jialuyu/Final_Project/ROS2_Myo_Connect/Final_Project_Code/install/myo_interfaces/lib/libmyo_interfaces__rosidl_typesupport_fastrtps_c.so" to ""
-- Installing: /home/jialuyu/Final_Project/ROS2_Myo_Connect/Final_Project_Code/install/myo_interfaces/lib/libmyo_interfaces__rosidl_typesupport_fastrtps_cpp.so
-- Set runtime path of "/home/jialuyu/Final_Project/ROS2_Myo_Connect/Final_Project_Code/install/myo_interfaces/lib/libmyo_interfaces__rosidl_typesupport_fastrtps_cpp.so" to ""
-- Installing: /home/jialuyu/Final_Project/ROS2_Myo_Connect/Final_Project_Code/install/myo_interfaces/lib/libmyo_interfaces__rosidl_typesupport_introspection_c.so
-- Set runtime path of "/home/jialuyu/Final_Project/ROS2_Myo_Connect/Final_Project_Code/install/myo_interfaces/lib/libmyo_interfaces__rosidl_typesupport_introspection_c.so" to ""
-- Installing: /home/jialuyu/Final_Project/ROS2_Myo_Connect/Final_Project_Code/install/myo_interfaces/lib/libmyo_interfaces__rosidl_typesupport_c.so
-- Set runtime path of "/home/jialuyu/Final_Project/ROS2_Myo_Connect/Final_Project_Code/install/myo_interfaces/lib/libmyo_interfaces__rosidl_typesupport_c.so" to ""
-- Installing: /home/jialuyu/Final_Project/ROS2_Myo_Connect/Final_Project_Code/install/myo_interfaces/lib/libmyo_interfaces__rosidl_typesupport_introspection_cpp.so
-- Set runtime path of "/home/jialuyu/Final_Project/ROS2_Myo_Connect/Final_Project_Code/install/myo_interfaces/lib/libmyo_interfaces__rosidl_typesupport_introspection_cpp.so" to ""
-- Installing: /home/jialuyu/Final_Project/ROS2_Myo_Connect/Final_Project_Code/install/myo_interfaces/lib/libmyo_interfaces__rosidl_typesupport_cpp.so
-- Set runtime path of "/home/jialuyu/Final_Project/ROS2_Myo_Connect/Final_Project_Code/install/myo_interfaces/lib/libmyo_interfaces__rosidl_typesupport_cpp.so" to ""
Listing '/home/jialuyu/Final_Project/ROS2_Myo_Connect/Final_Project_Code/install/myo_interfaces/lib/python3.10/site-packages/myo_interfaces'...
Compiling '/home/jialuyu/Final_Project/ROS2_Myo_Connect/Final_Project_Code/install/myo_interfaces/lib/python3.10/site-packages/myo_interfaces/__init__.py'...
Listing '/home/jialuyu/Final_Project/ROS2_Myo_Connect/Final_Project_Code/install/myo_interfaces/lib/python3.10/site-packages/myo_interfaces/msg'...
Compiling '/home/jialuyu/Final_Project/ROS2_Myo_Connect/Final_Project_Code/install/myo_interfaces/lib/python3.10/site-packages/myo_interfaces/msg/__init__.py'...
Compiling '/home/jialuyu/Final_Project/ROS2_Myo_Connect/Final_Project_Code/install/myo_interfaces/lib/python3.10/site-packages/myo_interfaces/msg/_emg_array.py'...
Compiling '/home/jialuyu/Final_Project/ROS2_Myo_Connect/Final_Project_Code/install/myo_interfaces/lib/python3.10/site-packages/myo_interfaces/msg/_myo_arm.py'...
-- Installing: /home/jialuyu/Final_Project/ROS2_Myo_Connect/Final_Project_Code/install/myo_interfaces/lib/libmyo_interfaces__rosidl_generator_py.so
-- Set runtime path of "/home/jialuyu/Final_Project/ROS2_Myo_Connect/Final_Project_Code/install/myo_interfaces/lib/libmyo_interfaces__rosidl_generator_py.so" to ""
-- Up-to-date: /home/jialuyu/Final_Project/ROS2_Myo_Connect/Final_Project_Code/install/myo_interfaces/share/myo_interfaces/cmake/export_myo_interfaces__rosidl_generator_cExport.cmake
-- Up-to-date: /home/jialuyu/Final_Project/ROS2_Myo_Connect/Final_Project_Code/install/myo_interfaces/share/myo_interfaces/cmake/export_myo_interfaces__rosidl_generator_cExport-noconfig.cmake
-- Up-to-date: /home/jialuyu/Final_Project/ROS2_Myo_Connect/Final_Project_Code/install/myo_interfaces/share/myo_interfaces/cmake/export_myo_interfaces__rosidl_typesupport_fastrtps_cExport.cmake
-- Up-to-date: /home/jialuyu/Final_Project/ROS2_Myo_Connect/Final_Project_Code/install/myo_interfaces/share/myo_interfaces/cmake/export_myo_interfaces__rosidl_typesupport_fastrtps_cExport-noconfig.cmake
-- Up-to-date: /home/jialuyu/Final_Project/ROS2_Myo_Connect/Final_Project_Code/install/myo_interfaces/share/myo_interfaces/cmake/export_myo_interfaces__rosidl_generator_cppExport.cmake
-- Up-to-date: /home/jialuyu/Final_Project/ROS2_Myo_Connect/Final_Project_Code/install/myo_interfaces/share/myo_interfaces/cmake/export_myo_interfaces__rosidl_typesupport_fastrtps_cppExport.cmake
-- Up-to-date: /home/jialuyu/Final_Project/ROS2_Myo_Connect/Final_Project_Code/install/myo_interfaces/share/myo_interfaces/cmake/export_myo_interfaces__rosidl_typesupport_fastrtps_cppExport-noconfig.cmake
-- Up-to-date: /home/jialuyu/Final_Project/ROS2_Myo_Connect/Final_Project_Code/install/myo_interfaces/share/myo_interfaces/cmake/myo_interfaces__rosidl_typesupport_introspection_cExport.cmake
-- Up-to-date: /home/jialuyu/Final_Project/ROS2_Myo_Connect/Final_Project_Code/install/myo_interfaces/share/myo_interfaces/cmake/myo_interfaces__rosidl_typesupport_introspection_cExport-noconfig.cmake
-- Up-to-date: /home/jialuyu/Final_Project/ROS2_Myo_Connect/Final_Project_Code/install/myo_interfaces/share/myo_interfaces/cmake/myo_interfaces__rosidl_typesupport_cExport.cmake
-- Up-to-date: /home/jialuyu/Final_Project/ROS2_Myo_Connect/Final_Project_Code/install/myo_interfaces/share/myo_interfaces/cmake/myo_interfaces__rosidl_typesupport_cExport-noconfig.cmake
-- Up-to-date: /home/jialuyu/Final_Project/ROS2_Myo_Connect/Final_Project_Code/install/myo_interfaces/share/myo_interfaces/cmake/myo_interfaces__rosidl_typesupport_introspection_cppExport.cmake
-- Up-to-date: /home/jialuyu/Final_Project/ROS2_Myo_Connect/Final_Project_Code/install/myo_interfaces/share/myo_interfaces/cmake/myo_interfaces__rosidl_typesupport_introspection_cppExport-noconfig.cmake
-- Up-to-date: /home/jialuyu/Final_Project/ROS2_Myo_Connect/Final_Project_Code/install/myo_interfaces/share/myo_interfaces/cmake/myo_interfaces__rosidl_typesupport_cppExport.cmake
-- Up-to-date: /home/jialuyu/Final_Project/ROS2_Myo_Connect/Final_Project_Code/install/myo_interfaces/share/myo_interfaces/cmake/myo_interfaces__rosidl_typesupport_cppExport-noconfig.cmake
-- Up-to-date: /home/jialuyu/Final_Project/ROS2_Myo_Connect/Final_Project_Code/install/myo_interfaces/share/myo_interfaces/cmake/export_myo_interfaces__rosidl_generator_pyExport.cmake
-- Up-to-date: /home/jialuyu/Final_Project/ROS2_Myo_Connect/Final_Project_Code/install/myo_interfaces/share/myo_interfaces/cmake/export_myo_interfaces__rosidl_generator_pyExport-noconfig.cmake
