[1.476s] DEBUG:colcon:Command line arguments: ['/usr/bin/colcon', 'build', '--symlink-install']
[1.476s] DEBUG:colcon:Parsed command line arguments: Namespace(log_base=None, log_level=None, verb_name='build', build_base='build', install_base='install', merge_install=False, symlink_install=True, test_result_base=None, continue_on_error=False, executor='parallel', parallel_workers=32, event_handlers=None, ignore_user_meta=False, metas=['./colcon.meta'], base_paths=['.'], packages_ignore=None, packages_ignore_regex=None, paths=None, packages_up_to=None, packages_up_to_regex=None, packages_above=None, packages_above_and_dependencies=None, packages_above_depth=None, packages_select_by_dep=None, packages_skip_by_dep=None, packages_skip_up_to=None, packages_select_build_failed=False, packages_skip_build_finished=False, packages_select_test_failures=False, packages_skip_test_passed=False, packages_select=None, packages_skip=None, packages_select_regex=None, packages_skip_regex=None, packages_start=None, packages_end=None, allow_overriding=[], cmake_args=None, cmake_target=None, cmake_target_skip_unavailable=False, cmake_clean_cache=False, cmake_clean_first=False, cmake_force_configure=False, ament_cmake_args=None, catkin_cmake_args=None, catkin_skip_building_tests=False, mixin_files=None, mixin=None, verb_parser=<colcon_mixin.mixin.mixin_argument.MixinArgumentDecorator object at 0x72731cef2320>, verb_extension=<colcon_core.verb.build.BuildVerb object at 0x72731ce9a710>, main=<bound method BuildVerb.main of <colcon_core.verb.build.BuildVerb object at 0x72731ce9a710>>, mixin_verb=('build',))
[1.525s] Level 1:colcon.colcon_core.package_discovery:discover_packages(colcon_meta) check parameters
[1.525s] Level 1:colcon.colcon_core.package_discovery:discover_packages(recursive) check parameters
[1.525s] Level 1:colcon.colcon_core.package_discovery:discover_packages(ignore) check parameters
[1.525s] Level 1:colcon.colcon_core.package_discovery:discover_packages(path) check parameters
[1.525s] Level 1:colcon.colcon_core.package_discovery:discover_packages(colcon_meta) discover
[1.525s] Level 1:colcon.colcon_core.package_discovery:discover_packages(recursive) discover
[1.525s] INFO:colcon.colcon_core.package_discovery:Crawling recursively for packages in '/home/jialuyu/Final_Project/ROS2_Myo_Connect'
[1.525s] Level 1:colcon.colcon_core.package_identification:_identify(.) by extensions ['ignore', 'ignore_ament_install']
[1.525s] Level 1:colcon.colcon_core.package_identification:_identify(.) by extension 'ignore'
[1.525s] Level 1:colcon.colcon_core.package_identification:_identify(.) by extension 'ignore_ament_install'
[1.525s] Level 1:colcon.colcon_core.package_identification:_identify(.) by extensions ['colcon_pkg']
[1.525s] Level 1:colcon.colcon_core.package_identification:_identify(.) by extension 'colcon_pkg'
[1.525s] Level 1:colcon.colcon_core.package_identification:_identify(.) by extensions ['colcon_meta']
[1.525s] Level 1:colcon.colcon_core.package_identification:_identify(.) by extension 'colcon_meta'
[1.525s] Level 1:colcon.colcon_core.package_identification:_identify(.) by extensions ['ros']
[1.525s] Level 1:colcon.colcon_core.package_identification:_identify(.) by extension 'ros'
[1.534s] Level 1:colcon.colcon_core.package_identification:_identify(.) by extensions ['cmake', 'python']
[1.534s] Level 1:colcon.colcon_core.package_identification:_identify(.) by extension 'cmake'
[1.534s] Level 1:colcon.colcon_core.package_identification:_identify(.) by extension 'python'
[1.534s] Level 1:colcon.colcon_core.package_identification:_identify(.) by extensions ['python_setup_py']
[1.534s] Level 1:colcon.colcon_core.package_identification:_identify(.) by extension 'python_setup_py'
[1.535s] Level 1:colcon.colcon_core.package_identification:_identify(Final_Project_Code) by extensions ['ignore', 'ignore_ament_install']
[1.535s] Level 1:colcon.colcon_core.package_identification:_identify(Final_Project_Code) by extension 'ignore'
[1.535s] Level 1:colcon.colcon_core.package_identification:_identify(Final_Project_Code) by extension 'ignore_ament_install'
[1.535s] Level 1:colcon.colcon_core.package_identification:_identify(Final_Project_Code) by extensions ['colcon_pkg']
[1.535s] Level 1:colcon.colcon_core.package_identification:_identify(Final_Project_Code) by extension 'colcon_pkg'
[1.535s] Level 1:colcon.colcon_core.package_identification:_identify(Final_Project_Code) by extensions ['colcon_meta']
[1.535s] Level 1:colcon.colcon_core.package_identification:_identify(Final_Project_Code) by extension 'colcon_meta'
[1.535s] Level 1:colcon.colcon_core.package_identification:_identify(Final_Project_Code) by extensions ['ros']
[1.535s] Level 1:colcon.colcon_core.package_identification:_identify(Final_Project_Code) by extension 'ros'
[1.535s] Level 1:colcon.colcon_core.package_identification:_identify(Final_Project_Code) by extensions ['cmake', 'python']
[1.535s] Level 1:colcon.colcon_core.package_identification:_identify(Final_Project_Code) by extension 'cmake'
[1.535s] Level 1:colcon.colcon_core.package_identification:_identify(Final_Project_Code) by extension 'python'
[1.535s] Level 1:colcon.colcon_core.package_identification:_identify(Final_Project_Code) by extensions ['python_setup_py']
[1.535s] Level 1:colcon.colcon_core.package_identification:_identify(Final_Project_Code) by extension 'python_setup_py'
[1.535s] Level 1:colcon.colcon_core.package_identification:_identify(Final_Project_Code/Myo_Connect) by extensions ['ignore', 'ignore_ament_install']
[1.535s] Level 1:colcon.colcon_core.package_identification:_identify(Final_Project_Code/Myo_Connect) by extension 'ignore'
[1.535s] Level 1:colcon.colcon_core.package_identification:_identify(Final_Project_Code/Myo_Connect) by extension 'ignore_ament_install'
[1.535s] Level 1:colcon.colcon_core.package_identification:_identify(Final_Project_Code/Myo_Connect) by extensions ['colcon_pkg']
[1.535s] Level 1:colcon.colcon_core.package_identification:_identify(Final_Project_Code/Myo_Connect) by extension 'colcon_pkg'
[1.535s] Level 1:colcon.colcon_core.package_identification:_identify(Final_Project_Code/Myo_Connect) by extensions ['colcon_meta']
[1.535s] Level 1:colcon.colcon_core.package_identification:_identify(Final_Project_Code/Myo_Connect) by extension 'colcon_meta'
[1.535s] Level 1:colcon.colcon_core.package_identification:_identify(Final_Project_Code/Myo_Connect) by extensions ['ros']
[1.535s] Level 1:colcon.colcon_core.package_identification:_identify(Final_Project_Code/Myo_Connect) by extension 'ros'
[1.535s] Level 1:colcon.colcon_core.package_identification:_identify(Final_Project_Code/Myo_Connect) by extensions ['cmake', 'python']
[1.535s] Level 1:colcon.colcon_core.package_identification:_identify(Final_Project_Code/Myo_Connect) by extension 'cmake'
[1.536s] Level 1:colcon.colcon_core.package_identification:_identify(Final_Project_Code/Myo_Connect) by extension 'python'
[1.536s] Level 1:colcon.colcon_core.package_identification:_identify(Final_Project_Code/Myo_Connect) by extensions ['python_setup_py']
[1.536s] Level 1:colcon.colcon_core.package_identification:_identify(Final_Project_Code/Myo_Connect) by extension 'python_setup_py'
[1.536s] Level 1:colcon.colcon_core.package_identification:_identify(Final_Project_Code/Myo_Connect/myo-raw) by extensions ['ignore', 'ignore_ament_install']
[1.536s] Level 1:colcon.colcon_core.package_identification:_identify(Final_Project_Code/Myo_Connect/myo-raw) by extension 'ignore'
[1.536s] Level 1:colcon.colcon_core.package_identification:_identify(Final_Project_Code/Myo_Connect/myo-raw) by extension 'ignore_ament_install'
[1.536s] Level 1:colcon.colcon_core.package_identification:_identify(Final_Project_Code/Myo_Connect/myo-raw) by extensions ['colcon_pkg']
[1.536s] Level 1:colcon.colcon_core.package_identification:_identify(Final_Project_Code/Myo_Connect/myo-raw) by extension 'colcon_pkg'
[1.536s] Level 1:colcon.colcon_core.package_identification:_identify(Final_Project_Code/Myo_Connect/myo-raw) by extensions ['colcon_meta']
[1.536s] Level 1:colcon.colcon_core.package_identification:_identify(Final_Project_Code/Myo_Connect/myo-raw) by extension 'colcon_meta'
[1.536s] Level 1:colcon.colcon_core.package_identification:_identify(Final_Project_Code/Myo_Connect/myo-raw) by extensions ['ros']
[1.536s] Level 1:colcon.colcon_core.package_identification:_identify(Final_Project_Code/Myo_Connect/myo-raw) by extension 'ros'
[1.536s] Level 1:colcon.colcon_core.package_identification:_identify(Final_Project_Code/Myo_Connect/myo-raw) by extensions ['cmake', 'python']
[1.536s] Level 1:colcon.colcon_core.package_identification:_identify(Final_Project_Code/Myo_Connect/myo-raw) by extension 'cmake'
[1.536s] Level 1:colcon.colcon_core.package_identification:_identify(Final_Project_Code/Myo_Connect/myo-raw) by extension 'python'
[1.536s] Level 1:colcon.colcon_core.package_identification:_identify(Final_Project_Code/Myo_Connect/myo-raw) by extensions ['python_setup_py']
[1.536s] Level 1:colcon.colcon_core.package_identification:_identify(Final_Project_Code/Myo_Connect/myo-raw) by extension 'python_setup_py'
[1.536s] Level 1:colcon.colcon_core.package_identification:_identify(Final_Project_Code/Myo_Connect/myo-raw/__pycache__) by extensions ['ignore', 'ignore_ament_install']
[1.536s] Level 1:colcon.colcon_core.package_identification:_identify(Final_Project_Code/Myo_Connect/myo-raw/__pycache__) by extension 'ignore'
[1.536s] Level 1:colcon.colcon_core.package_identification:_identify(Final_Project_Code/Myo_Connect/myo-raw/__pycache__) by extension 'ignore_ament_install'
[1.536s] Level 1:colcon.colcon_core.package_identification:_identify(Final_Project_Code/Myo_Connect/myo-raw/__pycache__) by extensions ['colcon_pkg']
[1.536s] Level 1:colcon.colcon_core.package_identification:_identify(Final_Project_Code/Myo_Connect/myo-raw/__pycache__) by extension 'colcon_pkg'
[1.536s] Level 1:colcon.colcon_core.package_identification:_identify(Final_Project_Code/Myo_Connect/myo-raw/__pycache__) by extensions ['colcon_meta']
[1.536s] Level 1:colcon.colcon_core.package_identification:_identify(Final_Project_Code/Myo_Connect/myo-raw/__pycache__) by extension 'colcon_meta'
[1.536s] Level 1:colcon.colcon_core.package_identification:_identify(Final_Project_Code/Myo_Connect/myo-raw/__pycache__) by extensions ['ros']
[1.536s] Level 1:colcon.colcon_core.package_identification:_identify(Final_Project_Code/Myo_Connect/myo-raw/__pycache__) by extension 'ros'
[1.537s] Level 1:colcon.colcon_core.package_identification:_identify(Final_Project_Code/Myo_Connect/myo-raw/__pycache__) by extensions ['cmake', 'python']
[1.537s] Level 1:colcon.colcon_core.package_identification:_identify(Final_Project_Code/Myo_Connect/myo-raw/__pycache__) by extension 'cmake'
[1.537s] Level 1:colcon.colcon_core.package_identification:_identify(Final_Project_Code/Myo_Connect/myo-raw/__pycache__) by extension 'python'
[1.537s] Level 1:colcon.colcon_core.package_identification:_identify(Final_Project_Code/Myo_Connect/myo-raw/__pycache__) by extensions ['python_setup_py']
[1.537s] Level 1:colcon.colcon_core.package_identification:_identify(Final_Project_Code/Myo_Connect/myo-raw/__pycache__) by extension 'python_setup_py'
[1.537s] Level 1:colcon.colcon_core.package_identification:_identify(Final_Project_Code/Myo_Connect/myo-raw/data) by extensions ['ignore', 'ignore_ament_install']
[1.537s] Level 1:colcon.colcon_core.package_identification:_identify(Final_Project_Code/Myo_Connect/myo-raw/data) by extension 'ignore'
[1.537s] Level 1:colcon.colcon_core.package_identification:_identify(Final_Project_Code/Myo_Connect/myo-raw/data) by extension 'ignore_ament_install'
[1.537s] Level 1:colcon.colcon_core.package_identification:_identify(Final_Project_Code/Myo_Connect/myo-raw/data) by extensions ['colcon_pkg']
[1.537s] Level 1:colcon.colcon_core.package_identification:_identify(Final_Project_Code/Myo_Connect/myo-raw/data) by extension 'colcon_pkg'
[1.537s] Level 1:colcon.colcon_core.package_identification:_identify(Final_Project_Code/Myo_Connect/myo-raw/data) by extensions ['colcon_meta']
[1.537s] Level 1:colcon.colcon_core.package_identification:_identify(Final_Project_Code/Myo_Connect/myo-raw/data) by extension 'colcon_meta'
[1.537s] Level 1:colcon.colcon_core.package_identification:_identify(Final_Project_Code/Myo_Connect/myo-raw/data) by extensions ['ros']
[1.537s] Level 1:colcon.colcon_core.package_identification:_identify(Final_Project_Code/Myo_Connect/myo-raw/data) by extension 'ros'
[1.537s] Level 1:colcon.colcon_core.package_identification:_identify(Final_Project_Code/Myo_Connect/myo-raw/data) by extensions ['cmake', 'python']
[1.537s] Level 1:colcon.colcon_core.package_identification:_identify(Final_Project_Code/Myo_Connect/myo-raw/data) by extension 'cmake'
[1.537s] Level 1:colcon.colcon_core.package_identification:_identify(Final_Project_Code/Myo_Connect/myo-raw/data) by extension 'python'
[1.537s] Level 1:colcon.colcon_core.package_identification:_identify(Final_Project_Code/Myo_Connect/myo-raw/data) by extensions ['python_setup_py']
[1.537s] Level 1:colcon.colcon_core.package_identification:_identify(Final_Project_Code/Myo_Connect/myo-raw/data) by extension 'python_setup_py'
[1.537s] Level 1:colcon.colcon_core.package_identification:_identify(Final_Project_Code/myo_data) by extensions ['ignore', 'ignore_ament_install']
[1.537s] Level 1:colcon.colcon_core.package_identification:_identify(Final_Project_Code/myo_data) by extension 'ignore'
[1.537s] Level 1:colcon.colcon_core.package_identification:_identify(Final_Project_Code/myo_data) by extension 'ignore_ament_install'
[1.537s] Level 1:colcon.colcon_core.package_identification:_identify(Final_Project_Code/myo_data) by extensions ['colcon_pkg']
[1.537s] Level 1:colcon.colcon_core.package_identification:_identify(Final_Project_Code/myo_data) by extension 'colcon_pkg'
[1.537s] Level 1:colcon.colcon_core.package_identification:_identify(Final_Project_Code/myo_data) by extensions ['colcon_meta']
[1.537s] Level 1:colcon.colcon_core.package_identification:_identify(Final_Project_Code/myo_data) by extension 'colcon_meta'
[1.538s] Level 1:colcon.colcon_core.package_identification:_identify(Final_Project_Code/myo_data) by extensions ['ros']
[1.538s] Level 1:colcon.colcon_core.package_identification:_identify(Final_Project_Code/myo_data) by extension 'ros'
[1.538s] Level 1:colcon.colcon_core.package_identification:_identify(Final_Project_Code/myo_data) by extensions ['cmake', 'python']
[1.538s] Level 1:colcon.colcon_core.package_identification:_identify(Final_Project_Code/myo_data) by extension 'cmake'
[1.538s] Level 1:colcon.colcon_core.package_identification:_identify(Final_Project_Code/myo_data) by extension 'python'
[1.538s] Level 1:colcon.colcon_core.package_identification:_identify(Final_Project_Code/myo_data) by extensions ['python_setup_py']
[1.538s] Level 1:colcon.colcon_core.package_identification:_identify(Final_Project_Code/myo_data) by extension 'python_setup_py'
[1.538s] Level 1:colcon.colcon_core.package_identification:_identify(Final_Project_Code/myo_data/myo_interfaces) by extensions ['ignore', 'ignore_ament_install']
[1.538s] Level 1:colcon.colcon_core.package_identification:_identify(Final_Project_Code/myo_data/myo_interfaces) by extension 'ignore'
[1.538s] Level 1:colcon.colcon_core.package_identification:_identify(Final_Project_Code/myo_data/myo_interfaces) by extension 'ignore_ament_install'
[1.538s] Level 1:colcon.colcon_core.package_identification:_identify(Final_Project_Code/myo_data/myo_interfaces) by extensions ['colcon_pkg']
[1.538s] Level 1:colcon.colcon_core.package_identification:_identify(Final_Project_Code/myo_data/myo_interfaces) by extension 'colcon_pkg'
[1.538s] Level 1:colcon.colcon_core.package_identification:_identify(Final_Project_Code/myo_data/myo_interfaces) by extensions ['colcon_meta']
[1.538s] Level 1:colcon.colcon_core.package_identification:_identify(Final_Project_Code/myo_data/myo_interfaces) by extension 'colcon_meta'
[1.538s] Level 1:colcon.colcon_core.package_identification:_identify(Final_Project_Code/myo_data/myo_interfaces) by extensions ['ros']
[1.538s] Level 1:colcon.colcon_core.package_identification:_identify(Final_Project_Code/myo_data/myo_interfaces) by extension 'ros'
[1.540s] DEBUG:colcon.colcon_core.package_identification:Package 'Final_Project_Code/myo_data/myo_interfaces' with type 'ros.ament_cmake' and name 'myo_interfaces'
[1.540s] Level 1:colcon.colcon_core.package_identification:_identify(Final_Project_Code/myo_data/ros_myo) by extensions ['ignore', 'ignore_ament_install']
[1.540s] Level 1:colcon.colcon_core.package_identification:_identify(Final_Project_Code/myo_data/ros_myo) by extension 'ignore'
[1.540s] Level 1:colcon.colcon_core.package_identification:_identify(Final_Project_Code/myo_data/ros_myo) by extension 'ignore_ament_install'
[1.540s] Level 1:colcon.colcon_core.package_identification:_identify(Final_Project_Code/myo_data/ros_myo) by extensions ['colcon_pkg']
[1.540s] Level 1:colcon.colcon_core.package_identification:_identify(Final_Project_Code/myo_data/ros_myo) by extension 'colcon_pkg'
[1.540s] Level 1:colcon.colcon_core.package_identification:_identify(Final_Project_Code/myo_data/ros_myo) by extensions ['colcon_meta']
[1.540s] Level 1:colcon.colcon_core.package_identification:_identify(Final_Project_Code/myo_data/ros_myo) by extension 'colcon_meta'
[1.540s] Level 1:colcon.colcon_core.package_identification:_identify(Final_Project_Code/myo_data/ros_myo) by extensions ['ros']
[1.540s] Level 1:colcon.colcon_core.package_identification:_identify(Final_Project_Code/myo_data/ros_myo) by extension 'ros'
[1.541s] DEBUG:colcon.colcon_core.package_identification:Package 'Final_Project_Code/myo_data/ros_myo' with type 'ros.ament_python' and name 'ros_myo'
[1.541s] Level 1:colcon.colcon_core.package_identification:_identify(build) by extensions ['ignore', 'ignore_ament_install']
[1.541s] Level 1:colcon.colcon_core.package_identification:_identify(build) by extension 'ignore'
[1.541s] Level 1:colcon.colcon_core.package_identification:_identify(build) ignored
[1.541s] Level 1:colcon.colcon_core.package_identification:_identify(install) by extensions ['ignore', 'ignore_ament_install']
[1.541s] Level 1:colcon.colcon_core.package_identification:_identify(install) by extension 'ignore'
[1.541s] Level 1:colcon.colcon_core.package_identification:_identify(install) ignored
[1.541s] Level 1:colcon.colcon_core.package_identification:_identify(log) by extensions ['ignore', 'ignore_ament_install']
[1.541s] Level 1:colcon.colcon_core.package_identification:_identify(log) by extension 'ignore'
[1.541s] Level 1:colcon.colcon_core.package_identification:_identify(log) ignored
[1.541s] Level 1:colcon.colcon_core.package_discovery:discover_packages(recursive) using defaults
[1.541s] Level 1:colcon.colcon_core.package_discovery:discover_packages(ignore) discover
[1.541s] Level 1:colcon.colcon_core.package_discovery:discover_packages(ignore) using defaults
[1.541s] Level 1:colcon.colcon_core.package_discovery:discover_packages(path) discover
[1.541s] Level 1:colcon.colcon_core.package_discovery:discover_packages(path) using defaults
[1.644s] Level 1:colcon.colcon_core.package_discovery:discover_packages(prefix_path) check parameters
[1.644s] Level 1:colcon.colcon_core.package_discovery:discover_packages(prefix_path) discover
[1.661s] WARNING:colcon.colcon_core.prefix_path.colcon:The path '/home/jialuyu/Final_Project/ROS2_Myo_Connect/Final_Project_Code/install' in the environment variable COLCON_PREFIX_PATH doesn't exist
[1.661s] WARNING:colcon.colcon_ros.prefix_path.ament:The path '/home/jialuyu/Final_Project/ROS2_Myo_Connect/Final_Project_Code/install/ros_myo' in the environment variable AMENT_PREFIX_PATH doesn't exist
[1.661s] WARNING:colcon.colcon_ros.prefix_path.ament:The path '/home/jialuyu/Final_Project/ROS2_Myo_Connect/Final_Project_Code/install/myo_interfaces' in the environment variable AMENT_PREFIX_PATH doesn't exist
[1.662s] WARNING:colcon.colcon_ros.prefix_path.catkin:The path '/home/jialuyu/Final_Project/ROS2_Myo_Connect/Final_Project_Code/install/myo_interfaces' in the environment variable CMAKE_PREFIX_PATH doesn't exist
[1.680s] DEBUG:colcon.colcon_installed_package_information.package_discovery:Found 2 installed packages in /home/jialuyu/Final_Project/ROS2_Myo_Connect/install
[1.697s] DEBUG:colcon.colcon_installed_package_information.package_discovery:Found 8 installed packages in /home/jialuyu/ws/ws/franka/install
[1.714s] DEBUG:colcon.colcon_installed_package_information.package_discovery:Found 7 installed packages in /home/jialuyu/ws/final_project_ROS/install
[1.732s] DEBUG:colcon.colcon_installed_package_information.package_discovery:Found 21 installed packages in /home/jialuyu/ws/interbotix/install
[1.749s] DEBUG:colcon.colcon_installed_package_information.package_discovery:Found 1 installed packages in /home/jialuyu/ws/install
[1.766s] DEBUG:colcon.colcon_installed_package_information.package_discovery:Found 6 installed packages in /home/jialuyu/Winter_Project/install
[1.783s] DEBUG:colcon.colcon_installed_package_information.package_discovery:Found 3 installed packages in /home/jialuyu/ws/moveit_pincher/install
[1.801s] DEBUG:colcon.colcon_installed_package_information.package_discovery:Found 464 installed packages in /opt/ros/iron
[1.803s] Level 1:colcon.colcon_core.package_discovery:discover_packages(prefix_path) using defaults
[1.899s] Level 5:colcon.colcon_core.verb:set package 'myo_interfaces' build argument 'cmake_args' from command line to 'None'
[1.899s] Level 5:colcon.colcon_core.verb:set package 'myo_interfaces' build argument 'cmake_target' from command line to 'None'
[1.899s] Level 5:colcon.colcon_core.verb:set package 'myo_interfaces' build argument 'cmake_target_skip_unavailable' from command line to 'False'
[1.899s] Level 5:colcon.colcon_core.verb:set package 'myo_interfaces' build argument 'cmake_clean_cache' from command line to 'False'
[1.899s] Level 5:colcon.colcon_core.verb:set package 'myo_interfaces' build argument 'cmake_clean_first' from command line to 'False'
[1.899s] Level 5:colcon.colcon_core.verb:set package 'myo_interfaces' build argument 'cmake_force_configure' from command line to 'False'
[1.899s] Level 5:colcon.colcon_core.verb:set package 'myo_interfaces' build argument 'ament_cmake_args' from command line to 'None'
[1.899s] Level 5:colcon.colcon_core.verb:set package 'myo_interfaces' build argument 'catkin_cmake_args' from command line to 'None'
[1.899s] Level 5:colcon.colcon_core.verb:set package 'myo_interfaces' build argument 'catkin_skip_building_tests' from command line to 'False'
[1.899s] DEBUG:colcon.colcon_core.verb:Building package 'myo_interfaces' with the following arguments: {'ament_cmake_args': None, 'build_base': '/home/jialuyu/Final_Project/ROS2_Myo_Connect/build/myo_interfaces', 'catkin_cmake_args': None, 'catkin_skip_building_tests': False, 'cmake_args': None, 'cmake_clean_cache': False, 'cmake_clean_first': False, 'cmake_force_configure': False, 'cmake_target': None, 'cmake_target_skip_unavailable': False, 'install_base': '/home/jialuyu/Final_Project/ROS2_Myo_Connect/install/myo_interfaces', 'merge_install': False, 'path': '/home/jialuyu/Final_Project/ROS2_Myo_Connect/Final_Project_Code/myo_data/myo_interfaces', 'symlink_install': True, 'test_result_base': None}
