[1.625s] DEBUG:colcon:Command line arguments: ['/usr/bin/colcon', 'build', '--packages-select', 'myo_interfaces']
[1.625s] DEBUG:colcon:Parsed command line arguments: Namespace(log_base=None, log_level=None, verb_name='build', build_base='build', install_base='install', merge_install=False, symlink_install=False, test_result_base=None, continue_on_error=False, executor='parallel', parallel_workers=32, event_handlers=None, ignore_user_meta=False, metas=['./colcon.meta'], base_paths=['.'], packages_ignore=None, packages_ignore_regex=None, paths=None, packages_up_to=None, packages_up_to_regex=None, packages_above=None, packages_above_and_dependencies=None, packages_above_depth=None, packages_select_by_dep=None, packages_skip_by_dep=None, packages_skip_up_to=None, packages_select_build_failed=False, packages_skip_build_finished=False, packages_select_test_failures=False, packages_skip_test_passed=False, packages_select=['myo_interfaces'], packages_skip=None, packages_select_regex=None, packages_skip_regex=None, packages_start=None, packages_end=None, allow_overriding=[], cmake_args=None, cmake_target=None, cmake_target_skip_unavailable=False, cmake_clean_cache=False, cmake_clean_first=False, cmake_force_configure=False, ament_cmake_args=None, catkin_cmake_args=None, catkin_skip_building_tests=False, mixin_files=None, mixin=None, verb_parser=<colcon_mixin.mixin.mixin_argument.MixinArgumentDecorator object at 0x77c90d34bd60>, verb_extension=<colcon_core.verb.build.BuildVerb object at 0x77c90d4b1240>, main=<bound method BuildVerb.main of <colcon_core.verb.build.BuildVerb object at 0x77c90d4b1240>>, mixin_verb=('build',))
[1.675s] Level 1:colcon.colcon_core.package_discovery:discover_packages(colcon_meta) check parameters
[1.676s] Level 1:colcon.colcon_core.package_discovery:discover_packages(recursive) check parameters
[1.676s] Level 1:colcon.colcon_core.package_discovery:discover_packages(ignore) check parameters
[1.676s] Level 1:colcon.colcon_core.package_discovery:discover_packages(path) check parameters
[1.676s] Level 1:colcon.colcon_core.package_discovery:discover_packages(colcon_meta) discover
[1.676s] Level 1:colcon.colcon_core.package_discovery:discover_packages(recursive) discover
[1.676s] INFO:colcon.colcon_core.package_discovery:Crawling recursively for packages in '/home/jialuyu/Final_Project/ROS2_Myo_Connect/Final_Project_Code'
[1.676s] Level 1:colcon.colcon_core.package_identification:_identify(.) by extensions ['ignore', 'ignore_ament_install']
[1.676s] Level 1:colcon.colcon_core.package_identification:_identify(.) by extension 'ignore'
[1.676s] Level 1:colcon.colcon_core.package_identification:_identify(.) by extension 'ignore_ament_install'
[1.676s] Level 1:colcon.colcon_core.package_identification:_identify(.) by extensions ['colcon_pkg']
[1.676s] Level 1:colcon.colcon_core.package_identification:_identify(.) by extension 'colcon_pkg'
[1.676s] Level 1:colcon.colcon_core.package_identification:_identify(.) by extensions ['colcon_meta']
[1.676s] Level 1:colcon.colcon_core.package_identification:_identify(.) by extension 'colcon_meta'
[1.676s] Level 1:colcon.colcon_core.package_identification:_identify(.) by extensions ['ros']
[1.676s] Level 1:colcon.colcon_core.package_identification:_identify(.) by extension 'ros'
[1.686s] Level 1:colcon.colcon_core.package_identification:_identify(.) by extensions ['cmake', 'python']
[1.686s] Level 1:colcon.colcon_core.package_identification:_identify(.) by extension 'cmake'
[1.686s] Level 1:colcon.colcon_core.package_identification:_identify(.) by extension 'python'
[1.686s] Level 1:colcon.colcon_core.package_identification:_identify(.) by extensions ['python_setup_py']
[1.686s] Level 1:colcon.colcon_core.package_identification:_identify(.) by extension 'python_setup_py'
[1.686s] Level 1:colcon.colcon_core.package_identification:_identify(Myo_Connect) by extensions ['ignore', 'ignore_ament_install']
[1.686s] Level 1:colcon.colcon_core.package_identification:_identify(Myo_Connect) by extension 'ignore'
[1.686s] Level 1:colcon.colcon_core.package_identification:_identify(Myo_Connect) by extension 'ignore_ament_install'
[1.686s] Level 1:colcon.colcon_core.package_identification:_identify(Myo_Connect) by extensions ['colcon_pkg']
[1.686s] Level 1:colcon.colcon_core.package_identification:_identify(Myo_Connect) by extension 'colcon_pkg'
[1.686s] Level 1:colcon.colcon_core.package_identification:_identify(Myo_Connect) by extensions ['colcon_meta']
[1.686s] Level 1:colcon.colcon_core.package_identification:_identify(Myo_Connect) by extension 'colcon_meta'
[1.686s] Level 1:colcon.colcon_core.package_identification:_identify(Myo_Connect) by extensions ['ros']
[1.686s] Level 1:colcon.colcon_core.package_identification:_identify(Myo_Connect) by extension 'ros'
[1.687s] Level 1:colcon.colcon_core.package_identification:_identify(Myo_Connect) by extensions ['cmake', 'python']
[1.687s] Level 1:colcon.colcon_core.package_identification:_identify(Myo_Connect) by extension 'cmake'
[1.687s] Level 1:colcon.colcon_core.package_identification:_identify(Myo_Connect) by extension 'python'
[1.687s] Level 1:colcon.colcon_core.package_identification:_identify(Myo_Connect) by extensions ['python_setup_py']
[1.687s] Level 1:colcon.colcon_core.package_identification:_identify(Myo_Connect) by extension 'python_setup_py'
[1.687s] Level 1:colcon.colcon_core.package_identification:_identify(Myo_Connect/myo-raw) by extensions ['ignore', 'ignore_ament_install']
[1.687s] Level 1:colcon.colcon_core.package_identification:_identify(Myo_Connect/myo-raw) by extension 'ignore'
[1.687s] Level 1:colcon.colcon_core.package_identification:_identify(Myo_Connect/myo-raw) by extension 'ignore_ament_install'
[1.687s] Level 1:colcon.colcon_core.package_identification:_identify(Myo_Connect/myo-raw) by extensions ['colcon_pkg']
[1.687s] Level 1:colcon.colcon_core.package_identification:_identify(Myo_Connect/myo-raw) by extension 'colcon_pkg'
[1.687s] Level 1:colcon.colcon_core.package_identification:_identify(Myo_Connect/myo-raw) by extensions ['colcon_meta']
[1.687s] Level 1:colcon.colcon_core.package_identification:_identify(Myo_Connect/myo-raw) by extension 'colcon_meta'
[1.687s] Level 1:colcon.colcon_core.package_identification:_identify(Myo_Connect/myo-raw) by extensions ['ros']
[1.687s] Level 1:colcon.colcon_core.package_identification:_identify(Myo_Connect/myo-raw) by extension 'ros'
[1.687s] Level 1:colcon.colcon_core.package_identification:_identify(Myo_Connect/myo-raw) by extensions ['cmake', 'python']
[1.687s] Level 1:colcon.colcon_core.package_identification:_identify(Myo_Connect/myo-raw) by extension 'cmake'
[1.687s] Level 1:colcon.colcon_core.package_identification:_identify(Myo_Connect/myo-raw) by extension 'python'
[1.687s] Level 1:colcon.colcon_core.package_identification:_identify(Myo_Connect/myo-raw) by extensions ['python_setup_py']
[1.687s] Level 1:colcon.colcon_core.package_identification:_identify(Myo_Connect/myo-raw) by extension 'python_setup_py'
[1.687s] Level 1:colcon.colcon_core.package_identification:_identify(Myo_Connect/myo-raw/__pycache__) by extensions ['ignore', 'ignore_ament_install']
[1.688s] Level 1:colcon.colcon_core.package_identification:_identify(Myo_Connect/myo-raw/__pycache__) by extension 'ignore'
[1.688s] Level 1:colcon.colcon_core.package_identification:_identify(Myo_Connect/myo-raw/__pycache__) by extension 'ignore_ament_install'
[1.688s] Level 1:colcon.colcon_core.package_identification:_identify(Myo_Connect/myo-raw/__pycache__) by extensions ['colcon_pkg']
[1.688s] Level 1:colcon.colcon_core.package_identification:_identify(Myo_Connect/myo-raw/__pycache__) by extension 'colcon_pkg'
[1.688s] Level 1:colcon.colcon_core.package_identification:_identify(Myo_Connect/myo-raw/__pycache__) by extensions ['colcon_meta']
[1.688s] Level 1:colcon.colcon_core.package_identification:_identify(Myo_Connect/myo-raw/__pycache__) by extension 'colcon_meta'
[1.688s] Level 1:colcon.colcon_core.package_identification:_identify(Myo_Connect/myo-raw/__pycache__) by extensions ['ros']
[1.688s] Level 1:colcon.colcon_core.package_identification:_identify(Myo_Connect/myo-raw/__pycache__) by extension 'ros'
[1.688s] Level 1:colcon.colcon_core.package_identification:_identify(Myo_Connect/myo-raw/__pycache__) by extensions ['cmake', 'python']
[1.688s] Level 1:colcon.colcon_core.package_identification:_identify(Myo_Connect/myo-raw/__pycache__) by extension 'cmake'
[1.688s] Level 1:colcon.colcon_core.package_identification:_identify(Myo_Connect/myo-raw/__pycache__) by extension 'python'
[1.688s] Level 1:colcon.colcon_core.package_identification:_identify(Myo_Connect/myo-raw/__pycache__) by extensions ['python_setup_py']
[1.688s] Level 1:colcon.colcon_core.package_identification:_identify(Myo_Connect/myo-raw/__pycache__) by extension 'python_setup_py'
[1.688s] Level 1:colcon.colcon_core.package_identification:_identify(Myo_Connect/myo-raw/data) by extensions ['ignore', 'ignore_ament_install']
[1.688s] Level 1:colcon.colcon_core.package_identification:_identify(Myo_Connect/myo-raw/data) by extension 'ignore'
[1.688s] Level 1:colcon.colcon_core.package_identification:_identify(Myo_Connect/myo-raw/data) by extension 'ignore_ament_install'
[1.688s] Level 1:colcon.colcon_core.package_identification:_identify(Myo_Connect/myo-raw/data) by extensions ['colcon_pkg']
[1.688s] Level 1:colcon.colcon_core.package_identification:_identify(Myo_Connect/myo-raw/data) by extension 'colcon_pkg'
[1.688s] Level 1:colcon.colcon_core.package_identification:_identify(Myo_Connect/myo-raw/data) by extensions ['colcon_meta']
[1.688s] Level 1:colcon.colcon_core.package_identification:_identify(Myo_Connect/myo-raw/data) by extension 'colcon_meta'
[1.688s] Level 1:colcon.colcon_core.package_identification:_identify(Myo_Connect/myo-raw/data) by extensions ['ros']
[1.688s] Level 1:colcon.colcon_core.package_identification:_identify(Myo_Connect/myo-raw/data) by extension 'ros'
[1.689s] Level 1:colcon.colcon_core.package_identification:_identify(Myo_Connect/myo-raw/data) by extensions ['cmake', 'python']
[1.689s] Level 1:colcon.colcon_core.package_identification:_identify(Myo_Connect/myo-raw/data) by extension 'cmake'
[1.689s] Level 1:colcon.colcon_core.package_identification:_identify(Myo_Connect/myo-raw/data) by extension 'python'
[1.689s] Level 1:colcon.colcon_core.package_identification:_identify(Myo_Connect/myo-raw/data) by extensions ['python_setup_py']
[1.689s] Level 1:colcon.colcon_core.package_identification:_identify(Myo_Connect/myo-raw/data) by extension 'python_setup_py'
[1.689s] Level 1:colcon.colcon_core.package_identification:_identify(build) by extensions ['ignore', 'ignore_ament_install']
[1.689s] Level 1:colcon.colcon_core.package_identification:_identify(build) by extension 'ignore'
[1.689s] Level 1:colcon.colcon_core.package_identification:_identify(build) ignored
[1.689s] Level 1:colcon.colcon_core.package_identification:_identify(install) by extensions ['ignore', 'ignore_ament_install']
[1.689s] Level 1:colcon.colcon_core.package_identification:_identify(install) by extension 'ignore'
[1.689s] Level 1:colcon.colcon_core.package_identification:_identify(install) ignored
[1.689s] Level 1:colcon.colcon_core.package_identification:_identify(log) by extensions ['ignore', 'ignore_ament_install']
[1.689s] Level 1:colcon.colcon_core.package_identification:_identify(log) by extension 'ignore'
[1.689s] Level 1:colcon.colcon_core.package_identification:_identify(log) ignored
[1.689s] Level 1:colcon.colcon_core.package_identification:_identify(myo_data) by extensions ['ignore', 'ignore_ament_install']
[1.689s] Level 1:colcon.colcon_core.package_identification:_identify(myo_data) by extension 'ignore'
[1.689s] Level 1:colcon.colcon_core.package_identification:_identify(myo_data) by extension 'ignore_ament_install'
[1.690s] Level 1:colcon.colcon_core.package_identification:_identify(myo_data) by extensions ['colcon_pkg']
[1.690s] Level 1:colcon.colcon_core.package_identification:_identify(myo_data) by extension 'colcon_pkg'
[1.690s] Level 1:colcon.colcon_core.package_identification:_identify(myo_data) by extensions ['colcon_meta']
[1.690s] Level 1:colcon.colcon_core.package_identification:_identify(myo_data) by extension 'colcon_meta'
[1.690s] Level 1:colcon.colcon_core.package_identification:_identify(myo_data) by extensions ['ros']
[1.690s] Level 1:colcon.colcon_core.package_identification:_identify(myo_data) by extension 'ros'
[1.690s] Level 1:colcon.colcon_core.package_identification:_identify(myo_data) by extensions ['cmake', 'python']
[1.690s] Level 1:colcon.colcon_core.package_identification:_identify(myo_data) by extension 'cmake'
[1.690s] Level 1:colcon.colcon_core.package_identification:_identify(myo_data) by extension 'python'
[1.690s] Level 1:colcon.colcon_core.package_identification:_identify(myo_data) by extensions ['python_setup_py']
[1.690s] Level 1:colcon.colcon_core.package_identification:_identify(myo_data) by extension 'python_setup_py'
[1.690s] Level 1:colcon.colcon_core.package_identification:_identify(myo_data/myo_interfaces) by extensions ['ignore', 'ignore_ament_install']
[1.690s] Level 1:colcon.colcon_core.package_identification:_identify(myo_data/myo_interfaces) by extension 'ignore'
[1.690s] Level 1:colcon.colcon_core.package_identification:_identify(myo_data/myo_interfaces) by extension 'ignore_ament_install'
[1.690s] Level 1:colcon.colcon_core.package_identification:_identify(myo_data/myo_interfaces) by extensions ['colcon_pkg']
[1.690s] Level 1:colcon.colcon_core.package_identification:_identify(myo_data/myo_interfaces) by extension 'colcon_pkg'
[1.690s] Level 1:colcon.colcon_core.package_identification:_identify(myo_data/myo_interfaces) by extensions ['colcon_meta']
[1.690s] Level 1:colcon.colcon_core.package_identification:_identify(myo_data/myo_interfaces) by extension 'colcon_meta'
[1.690s] Level 1:colcon.colcon_core.package_identification:_identify(myo_data/myo_interfaces) by extensions ['ros']
[1.690s] Level 1:colcon.colcon_core.package_identification:_identify(myo_data/myo_interfaces) by extension 'ros'
[1.692s] DEBUG:colcon.colcon_core.package_identification:Package 'myo_data/myo_interfaces' with type 'ros.ament_cmake' and name 'myo_interfaces'
[1.692s] Level 1:colcon.colcon_core.package_identification:_identify(myo_data/ros_myo) by extensions ['ignore', 'ignore_ament_install']
[1.693s] Level 1:colcon.colcon_core.package_identification:_identify(myo_data/ros_myo) by extension 'ignore'
[1.693s] Level 1:colcon.colcon_core.package_identification:_identify(myo_data/ros_myo) by extension 'ignore_ament_install'
[1.693s] Level 1:colcon.colcon_core.package_identification:_identify(myo_data/ros_myo) by extensions ['colcon_pkg']
[1.693s] Level 1:colcon.colcon_core.package_identification:_identify(myo_data/ros_myo) by extension 'colcon_pkg'
[1.693s] Level 1:colcon.colcon_core.package_identification:_identify(myo_data/ros_myo) by extensions ['colcon_meta']
[1.693s] Level 1:colcon.colcon_core.package_identification:_identify(myo_data/ros_myo) by extension 'colcon_meta'
[1.693s] Level 1:colcon.colcon_core.package_identification:_identify(myo_data/ros_myo) by extensions ['ros']
[1.693s] Level 1:colcon.colcon_core.package_identification:_identify(myo_data/ros_myo) by extension 'ros'
[1.693s] DEBUG:colcon.colcon_core.package_identification:Package 'myo_data/ros_myo' with type 'ros.ament_python' and name 'ros_myo'
[1.693s] Level 1:colcon.colcon_core.package_discovery:discover_packages(recursive) using defaults
[1.693s] Level 1:colcon.colcon_core.package_discovery:discover_packages(ignore) discover
[1.693s] Level 1:colcon.colcon_core.package_discovery:discover_packages(ignore) using defaults
[1.693s] Level 1:colcon.colcon_core.package_discovery:discover_packages(path) discover
[1.694s] Level 1:colcon.colcon_core.package_discovery:discover_packages(path) using defaults
[1.766s] INFO:colcon.colcon_core.package_selection:Skipping not selected package 'ros_myo' in 'myo_data/ros_myo'
[1.802s] Level 1:colcon.colcon_core.package_discovery:discover_packages(prefix_path) check parameters
[1.802s] Level 1:colcon.colcon_core.package_discovery:discover_packages(prefix_path) discover
[1.839s] DEBUG:colcon.colcon_installed_package_information.package_discovery:Found 2 installed packages in /home/jialuyu/Final_Project/ROS2_Myo_Connect/Final_Project_Code/install
[1.858s] DEBUG:colcon.colcon_installed_package_information.package_discovery:Found 1 installed packages in /home/jialuyu/Final_Project/ROS2_Myo_Connect/Final_Project_Code/myo_data/ros_myo/install
[1.877s] DEBUG:colcon.colcon_installed_package_information.package_discovery:Found 8 installed packages in /home/jialuyu/ws/ws/franka/install
[1.895s] DEBUG:colcon.colcon_installed_package_information.package_discovery:Found 7 installed packages in /home/jialuyu/ws/final_project_ROS/install
[1.913s] DEBUG:colcon.colcon_installed_package_information.package_discovery:Found 21 installed packages in /home/jialuyu/ws/interbotix/install
[1.930s] DEBUG:colcon.colcon_installed_package_information.package_discovery:Found 1 installed packages in /home/jialuyu/ws/install
[1.949s] DEBUG:colcon.colcon_installed_package_information.package_discovery:Found 6 installed packages in /home/jialuyu/Winter_Project/install
[1.968s] DEBUG:colcon.colcon_installed_package_information.package_discovery:Found 3 installed packages in /home/jialuyu/ws/moveit_pincher/install
[1.988s] DEBUG:colcon.colcon_installed_package_information.package_discovery:Found 464 installed packages in /opt/ros/iron
[1.990s] Level 1:colcon.colcon_core.package_discovery:discover_packages(prefix_path) using defaults
[2.090s] Level 5:colcon.colcon_core.verb:set package 'myo_interfaces' build argument 'cmake_args' from command line to 'None'
[2.090s] Level 5:colcon.colcon_core.verb:set package 'myo_interfaces' build argument 'cmake_target' from command line to 'None'
[2.090s] Level 5:colcon.colcon_core.verb:set package 'myo_interfaces' build argument 'cmake_target_skip_unavailable' from command line to 'False'
[2.090s] Level 5:colcon.colcon_core.verb:set package 'myo_interfaces' build argument 'cmake_clean_cache' from command line to 'False'
[2.090s] Level 5:colcon.colcon_core.verb:set package 'myo_interfaces' build argument 'cmake_clean_first' from command line to 'False'
[2.090s] Level 5:colcon.colcon_core.verb:set package 'myo_interfaces' build argument 'cmake_force_configure' from command line to 'False'
[2.090s] Level 5:colcon.colcon_core.verb:set package 'myo_interfaces' build argument 'ament_cmake_args' from command line to 'None'
[2.090s] Level 5:colcon.colcon_core.verb:set package 'myo_interfaces' build argument 'catkin_cmake_args' from command line to 'None'
[2.090s] Level 5:colcon.colcon_core.verb:set package 'myo_interfaces' build argument 'catkin_skip_building_tests' from command line to 'False'
[2.090s] DEBUG:colcon.colcon_core.verb:Building package 'myo_interfaces' with the following arguments: {'ament_cmake_args': None, 'build_base': '/home/jialuyu/Final_Project/ROS2_Myo_Connect/Final_Project_Code/build/myo_interfaces', 'catkin_cmake_args': None, 'catkin_skip_building_tests': False, 'cmake_args': None, 'cmake_clean_cache': False, 'cmake_clean_first': False, 'cmake_force_configure': False, 'cmake_target': None, 'cmake_target_skip_unavailable': False, 'install_base': '/home/jialuyu/Final_Project/ROS2_Myo_Connect/Final_Project_Code/install/myo_interfaces', 'merge_install': False, 'path': '/home/jialuyu/Final_Project/ROS2_Myo_Connect/Final_Project_Code/myo_data/myo_interfaces', 'symlink_install': False, 'test_result_base': None}
[2.108s] INFO:colcon.colcon_core.executor:Executing jobs using 'parallel' executor
[2.126s] DEBUG:colcon.colcon_parallel_executor.executor.parallel:run_until_complete
[2.126s] INFO:colcon.colcon_ros.task.ament_cmake.build:Building ROS package in '/home/jialuyu/Final_Project/ROS2_Myo_Connect/Final_Project_Code/myo_data/myo_interfaces' with build type 'ament_cmake'
[2.126s] INFO:colcon.colcon_cmake.task.cmake.build:Building CMake package in '/home/jialuyu/Final_Project/ROS2_Myo_Connect/Final_Project_Code/myo_data/myo_interfaces'
[2.147s] INFO:colcon.colcon_core.plugin_system:Skipping extension 'colcon_core.shell.bat': Not used on non-Windows systems
[2.147s] INFO:colcon.colcon_core.shell:Skip shell extension 'powershell' for command environment: Not usable outside of PowerShell
[2.147s] DEBUG:colcon.colcon_core.shell:Skip shell extension 'dsv' for command environment
[2.394s] DEBUG:colcon.colcon_core.event_handler.log_command:Invoking command in '/home/jialuyu/Final_Project/ROS2_Myo_Connect/Final_Project_Code/build/myo_interfaces': CMAKE_PREFIX_PATH=${CMAKE_PREFIX_PATH}:/home/jialuyu/Final_Project/ROS2_Myo_Connect/Final_Project_Code/install/ros_myo:/home/jialuyu/Final_Project/ROS2_Myo_Connect/Final_Project_Code/myo_data/ros_myo/install/ros_myo:/home/jialuyu/ws/interbotix/install/interbotix_xs_modules:/home/jialuyu/ws/interbotix/install/interbotix_common_modules:/home/jialuyu/Winter_Project/install/ros_april_tag:/home/jialuyu/Winter_Project/install/moveit_python:/home/jialuyu/Winter_Project/install/face_recognition_ros_node:/home/jialuyu/Winter_Project/install/care:/home/jialuyu/ws/final_project_ROS/install/trigger:/home/jialuyu/ws/final_project_ROS/install/control:/home/jialuyu/ws/final_project_ROS/install/image_yolo:/home/jialuyu/ws/final_project_ROS/install/gun_trajectory:/home/jialuyu/ws/final_project_ROS/install/audio_input:/home/jialuyu/ws/moveit_pincher/install/pickmeup:/home/jialuyu/ws/moveit_pincher/install/moveit_wrapper:/home/jialuyu/ws/moveit_pincher/install/diff_drive:/opt/ros/iron /usr/bin/cmake /home/jialuyu/Final_Project/ROS2_Myo_Connect/Final_Project_Code/myo_data/myo_interfaces -DCMAKE_INSTALL_PREFIX=/home/jialuyu/Final_Project/ROS2_Myo_Connect/Final_Project_Code/install/myo_interfaces
[3.665s] DEBUG:colcon.colcon_core.event_handler.log_command:Invoked command in '/home/jialuyu/Final_Project/ROS2_Myo_Connect/Final_Project_Code/build/myo_interfaces' returned '0': CMAKE_PREFIX_PATH=${CMAKE_PREFIX_PATH}:/home/jialuyu/Final_Project/ROS2_Myo_Connect/Final_Project_Code/install/ros_myo:/home/jialuyu/Final_Project/ROS2_Myo_Connect/Final_Project_Code/myo_data/ros_myo/install/ros_myo:/home/jialuyu/ws/interbotix/install/interbotix_xs_modules:/home/jialuyu/ws/interbotix/install/interbotix_common_modules:/home/jialuyu/Winter_Project/install/ros_april_tag:/home/jialuyu/Winter_Project/install/moveit_python:/home/jialuyu/Winter_Project/install/face_recognition_ros_node:/home/jialuyu/Winter_Project/install/care:/home/jialuyu/ws/final_project_ROS/install/trigger:/home/jialuyu/ws/final_project_ROS/install/control:/home/jialuyu/ws/final_project_ROS/install/image_yolo:/home/jialuyu/ws/final_project_ROS/install/gun_trajectory:/home/jialuyu/ws/final_project_ROS/install/audio_input:/home/jialuyu/ws/moveit_pincher/install/pickmeup:/home/jialuyu/ws/moveit_pincher/install/moveit_wrapper:/home/jialuyu/ws/moveit_pincher/install/diff_drive:/opt/ros/iron /usr/bin/cmake /home/jialuyu/Final_Project/ROS2_Myo_Connect/Final_Project_Code/myo_data/myo_interfaces -DCMAKE_INSTALL_PREFIX=/home/jialuyu/Final_Project/ROS2_Myo_Connect/Final_Project_Code/install/myo_interfaces
[3.668s] DEBUG:colcon.colcon_core.event_handler.log_command:Invoking command in '/home/jialuyu/Final_Project/ROS2_Myo_Connect/Final_Project_Code/build/myo_interfaces': CMAKE_PREFIX_PATH=${CMAKE_PREFIX_PATH}:/home/jialuyu/Final_Project/ROS2_Myo_Connect/Final_Project_Code/install/ros_myo:/home/jialuyu/Final_Project/ROS2_Myo_Connect/Final_Project_Code/myo_data/ros_myo/install/ros_myo:/home/jialuyu/ws/interbotix/install/interbotix_xs_modules:/home/jialuyu/ws/interbotix/install/interbotix_common_modules:/home/jialuyu/Winter_Project/install/ros_april_tag:/home/jialuyu/Winter_Project/install/moveit_python:/home/jialuyu/Winter_Project/install/face_recognition_ros_node:/home/jialuyu/Winter_Project/install/care:/home/jialuyu/ws/final_project_ROS/install/trigger:/home/jialuyu/ws/final_project_ROS/install/control:/home/jialuyu/ws/final_project_ROS/install/image_yolo:/home/jialuyu/ws/final_project_ROS/install/gun_trajectory:/home/jialuyu/ws/final_project_ROS/install/audio_input:/home/jialuyu/ws/moveit_pincher/install/pickmeup:/home/jialuyu/ws/moveit_pincher/install/moveit_wrapper:/home/jialuyu/ws/moveit_pincher/install/diff_drive:/opt/ros/iron /usr/bin/cmake --build /home/jialuyu/Final_Project/ROS2_Myo_Connect/Final_Project_Code/build/myo_interfaces -- -j32 -l32
[4.142s] DEBUG:colcon.colcon_core.event_handler.log_command:Invoked command in '/home/jialuyu/Final_Project/ROS2_Myo_Connect/Final_Project_Code/build/myo_interfaces' returned '0': CMAKE_PREFIX_PATH=${CMAKE_PREFIX_PATH}:/home/jialuyu/Final_Project/ROS2_Myo_Connect/Final_Project_Code/install/ros_myo:/home/jialuyu/Final_Project/ROS2_Myo_Connect/Final_Project_Code/myo_data/ros_myo/install/ros_myo:/home/jialuyu/ws/interbotix/install/interbotix_xs_modules:/home/jialuyu/ws/interbotix/install/interbotix_common_modules:/home/jialuyu/Winter_Project/install/ros_april_tag:/home/jialuyu/Winter_Project/install/moveit_python:/home/jialuyu/Winter_Project/install/face_recognition_ros_node:/home/jialuyu/Winter_Project/install/care:/home/jialuyu/ws/final_project_ROS/install/trigger:/home/jialuyu/ws/final_project_ROS/install/control:/home/jialuyu/ws/final_project_ROS/install/image_yolo:/home/jialuyu/ws/final_project_ROS/install/gun_trajectory:/home/jialuyu/ws/final_project_ROS/install/audio_input:/home/jialuyu/ws/moveit_pincher/install/pickmeup:/home/jialuyu/ws/moveit_pincher/install/moveit_wrapper:/home/jialuyu/ws/moveit_pincher/install/diff_drive:/opt/ros/iron /usr/bin/cmake --build /home/jialuyu/Final_Project/ROS2_Myo_Connect/Final_Project_Code/build/myo_interfaces -- -j32 -l32
[4.267s] DEBUG:colcon.colcon_core.event_handler.log_command:Invoking command in '/home/jialuyu/Final_Project/ROS2_Myo_Connect/Final_Project_Code/build/myo_interfaces': CMAKE_PREFIX_PATH=${CMAKE_PREFIX_PATH}:/home/jialuyu/Final_Project/ROS2_Myo_Connect/Final_Project_Code/install/ros_myo:/home/jialuyu/Final_Project/ROS2_Myo_Connect/Final_Project_Code/myo_data/ros_myo/install/ros_myo:/home/jialuyu/ws/interbotix/install/interbotix_xs_modules:/home/jialuyu/ws/interbotix/install/interbotix_common_modules:/home/jialuyu/Winter_Project/install/ros_april_tag:/home/jialuyu/Winter_Project/install/moveit_python:/home/jialuyu/Winter_Project/install/face_recognition_ros_node:/home/jialuyu/Winter_Project/install/care:/home/jialuyu/ws/final_project_ROS/install/trigger:/home/jialuyu/ws/final_project_ROS/install/control:/home/jialuyu/ws/final_project_ROS/install/image_yolo:/home/jialuyu/ws/final_project_ROS/install/gun_trajectory:/home/jialuyu/ws/final_project_ROS/install/audio_input:/home/jialuyu/ws/moveit_pincher/install/pickmeup:/home/jialuyu/ws/moveit_pincher/install/moveit_wrapper:/home/jialuyu/ws/moveit_pincher/install/diff_drive:/opt/ros/iron /usr/bin/cmake --install /home/jialuyu/Final_Project/ROS2_Myo_Connect/Final_Project_Code/build/myo_interfaces
[4.349s] Level 1:colcon.colcon_core.environment:create_environment_scripts_only(myo_interfaces)
[4.349s] DEBUG:colcon.colcon_core.event_handler.log_command:Invoked command in '/home/jialuyu/Final_Project/ROS2_Myo_Connect/Final_Project_Code/build/myo_interfaces' returned '0': CMAKE_PREFIX_PATH=${CMAKE_PREFIX_PATH}:/home/jialuyu/Final_Project/ROS2_Myo_Connect/Final_Project_Code/install/ros_myo:/home/jialuyu/Final_Project/ROS2_Myo_Connect/Final_Project_Code/myo_data/ros_myo/install/ros_myo:/home/jialuyu/ws/interbotix/install/interbotix_xs_modules:/home/jialuyu/ws/interbotix/install/interbotix_common_modules:/home/jialuyu/Winter_Project/install/ros_april_tag:/home/jialuyu/Winter_Project/install/moveit_python:/home/jialuyu/Winter_Project/install/face_recognition_ros_node:/home/jialuyu/Winter_Project/install/care:/home/jialuyu/ws/final_project_ROS/install/trigger:/home/jialuyu/ws/final_project_ROS/install/control:/home/jialuyu/ws/final_project_ROS/install/image_yolo:/home/jialuyu/ws/final_project_ROS/install/gun_trajectory:/home/jialuyu/ws/final_project_ROS/install/audio_input:/home/jialuyu/ws/moveit_pincher/install/pickmeup:/home/jialuyu/ws/moveit_pincher/install/moveit_wrapper:/home/jialuyu/ws/moveit_pincher/install/diff_drive:/opt/ros/iron /usr/bin/cmake --install /home/jialuyu/Final_Project/ROS2_Myo_Connect/Final_Project_Code/build/myo_interfaces
[4.371s] Level 1:colcon.colcon_core.environment:checking '/home/jialuyu/Final_Project/ROS2_Myo_Connect/Final_Project_Code/install/myo_interfaces' for CMake module files
[4.372s] Level 1:colcon.colcon_core.environment:checking '/home/jialuyu/Final_Project/ROS2_Myo_Connect/Final_Project_Code/install/myo_interfaces' for CMake config files
[4.373s] Level 1:colcon.colcon_core.shell:create_environment_hook('myo_interfaces', 'cmake_prefix_path')
[4.392s] INFO:colcon.colcon_core.shell:Creating environment hook '/home/jialuyu/Final_Project/ROS2_Myo_Connect/Final_Project_Code/install/myo_interfaces/share/myo_interfaces/hook/cmake_prefix_path.ps1'
[4.392s] INFO:colcon.colcon_core.shell:Creating environment descriptor '/home/jialuyu/Final_Project/ROS2_Myo_Connect/Final_Project_Code/install/myo_interfaces/share/myo_interfaces/hook/cmake_prefix_path.dsv'
[4.393s] INFO:colcon.colcon_core.shell:Creating environment hook '/home/jialuyu/Final_Project/ROS2_Myo_Connect/Final_Project_Code/install/myo_interfaces/share/myo_interfaces/hook/cmake_prefix_path.sh'
[4.394s] Level 1:colcon.colcon_core.environment:checking '/home/jialuyu/Final_Project/ROS2_Myo_Connect/Final_Project_Code/install/myo_interfaces/lib'
[4.394s] Level 1:colcon.colcon_core.shell:create_environment_hook('myo_interfaces', 'ld_library_path_lib')
[4.412s] INFO:colcon.colcon_core.shell:Creating environment hook '/home/jialuyu/Final_Project/ROS2_Myo_Connect/Final_Project_Code/install/myo_interfaces/share/myo_interfaces/hook/ld_library_path_lib.ps1'
[4.412s] INFO:colcon.colcon_core.shell:Creating environment descriptor '/home/jialuyu/Final_Project/ROS2_Myo_Connect/Final_Project_Code/install/myo_interfaces/share/myo_interfaces/hook/ld_library_path_lib.dsv'
[4.413s] INFO:colcon.colcon_core.shell:Creating environment hook '/home/jialuyu/Final_Project/ROS2_Myo_Connect/Final_Project_Code/install/myo_interfaces/share/myo_interfaces/hook/ld_library_path_lib.sh'
[4.413s] Level 1:colcon.colcon_core.environment:checking '/home/jialuyu/Final_Project/ROS2_Myo_Connect/Final_Project_Code/install/myo_interfaces/bin'
[4.413s] Level 1:colcon.colcon_core.environment:checking '/home/jialuyu/Final_Project/ROS2_Myo_Connect/Final_Project_Code/install/myo_interfaces/lib/pkgconfig/myo_interfaces.pc'
[4.413s] Level 1:colcon.colcon_core.environment:checking '/home/jialuyu/Final_Project/ROS2_Myo_Connect/Final_Project_Code/install/myo_interfaces/lib/python3.10/site-packages'
[4.413s] Level 1:colcon.colcon_core.shell:create_environment_hook('myo_interfaces', 'pythonpath')
[4.431s] INFO:colcon.colcon_core.shell:Creating environment hook '/home/jialuyu/Final_Project/ROS2_Myo_Connect/Final_Project_Code/install/myo_interfaces/share/myo_interfaces/hook/pythonpath.ps1'
[4.432s] INFO:colcon.colcon_core.shell:Creating environment descriptor '/home/jialuyu/Final_Project/ROS2_Myo_Connect/Final_Project_Code/install/myo_interfaces/share/myo_interfaces/hook/pythonpath.dsv'
[4.432s] INFO:colcon.colcon_core.shell:Creating environment hook '/home/jialuyu/Final_Project/ROS2_Myo_Connect/Final_Project_Code/install/myo_interfaces/share/myo_interfaces/hook/pythonpath.sh'
[4.433s] Level 1:colcon.colcon_core.environment:checking '/home/jialuyu/Final_Project/ROS2_Myo_Connect/Final_Project_Code/install/myo_interfaces/bin'
[4.452s] INFO:colcon.colcon_core.shell:Creating package script '/home/jialuyu/Final_Project/ROS2_Myo_Connect/Final_Project_Code/install/myo_interfaces/share/myo_interfaces/package.ps1'
[4.453s] INFO:colcon.colcon_core.shell:Creating package descriptor '/home/jialuyu/Final_Project/ROS2_Myo_Connect/Final_Project_Code/install/myo_interfaces/share/myo_interfaces/package.dsv'
[4.453s] INFO:colcon.colcon_core.shell:Creating package script '/home/jialuyu/Final_Project/ROS2_Myo_Connect/Final_Project_Code/install/myo_interfaces/share/myo_interfaces/package.sh'
[4.454s] INFO:colcon.colcon_core.shell:Creating package script '/home/jialuyu/Final_Project/ROS2_Myo_Connect/Final_Project_Code/install/myo_interfaces/share/myo_interfaces/package.bash'
[4.454s] INFO:colcon.colcon_core.shell:Creating package script '/home/jialuyu/Final_Project/ROS2_Myo_Connect/Final_Project_Code/install/myo_interfaces/share/myo_interfaces/package.zsh'
[4.455s] Level 1:colcon.colcon_core.environment:create_file_with_runtime_dependencies(/home/jialuyu/Final_Project/ROS2_Myo_Connect/Final_Project_Code/install/myo_interfaces/share/colcon-core/packages/myo_interfaces)
[4.571s] Level 1:colcon.colcon_core.environment:create_environment_scripts_only(myo_interfaces)
[4.581s] Level 1:colcon.colcon_core.environment:checking '/home/jialuyu/Final_Project/ROS2_Myo_Connect/Final_Project_Code/install/myo_interfaces' for CMake module files
[4.582s] Level 1:colcon.colcon_core.environment:checking '/home/jialuyu/Final_Project/ROS2_Myo_Connect/Final_Project_Code/install/myo_interfaces' for CMake config files
[4.582s] Level 1:colcon.colcon_core.shell:create_environment_hook('myo_interfaces', 'cmake_prefix_path')
[4.593s] INFO:colcon.colcon_core.shell:Creating environment hook '/home/jialuyu/Final_Project/ROS2_Myo_Connect/Final_Project_Code/install/myo_interfaces/share/myo_interfaces/hook/cmake_prefix_path.ps1'
[4.594s] INFO:colcon.colcon_core.shell:Creating environment descriptor '/home/jialuyu/Final_Project/ROS2_Myo_Connect/Final_Project_Code/install/myo_interfaces/share/myo_interfaces/hook/cmake_prefix_path.dsv'
[4.594s] INFO:colcon.colcon_core.shell:Creating environment hook '/home/jialuyu/Final_Project/ROS2_Myo_Connect/Final_Project_Code/install/myo_interfaces/share/myo_interfaces/hook/cmake_prefix_path.sh'
[4.595s] Level 1:colcon.colcon_core.environment:checking '/home/jialuyu/Final_Project/ROS2_Myo_Connect/Final_Project_Code/install/myo_interfaces/lib'
[4.595s] Level 1:colcon.colcon_core.shell:create_environment_hook('myo_interfaces', 'ld_library_path_lib')
[4.606s] INFO:colcon.colcon_core.shell:Creating environment hook '/home/jialuyu/Final_Project/ROS2_Myo_Connect/Final_Project_Code/install/myo_interfaces/share/myo_interfaces/hook/ld_library_path_lib.ps1'
[4.606s] INFO:colcon.colcon_core.shell:Creating environment descriptor '/home/jialuyu/Final_Project/ROS2_Myo_Connect/Final_Project_Code/install/myo_interfaces/share/myo_interfaces/hook/ld_library_path_lib.dsv'
[4.606s] INFO:colcon.colcon_core.shell:Creating environment hook '/home/jialuyu/Final_Project/ROS2_Myo_Connect/Final_Project_Code/install/myo_interfaces/share/myo_interfaces/hook/ld_library_path_lib.sh'
[4.607s] Level 1:colcon.colcon_core.environment:checking '/home/jialuyu/Final_Project/ROS2_Myo_Connect/Final_Project_Code/install/myo_interfaces/bin'
[4.607s] Level 1:colcon.colcon_core.environment:checking '/home/jialuyu/Final_Project/ROS2_Myo_Connect/Final_Project_Code/install/myo_interfaces/lib/pkgconfig/myo_interfaces.pc'
[4.607s] Level 1:colcon.colcon_core.environment:checking '/home/jialuyu/Final_Project/ROS2_Myo_Connect/Final_Project_Code/install/myo_interfaces/lib/python3.10/site-packages'
[4.607s] Level 1:colcon.colcon_core.shell:create_environment_hook('myo_interfaces', 'pythonpath')
[4.618s] INFO:colcon.colcon_core.shell:Creating environment hook '/home/jialuyu/Final_Project/ROS2_Myo_Connect/Final_Project_Code/install/myo_interfaces/share/myo_interfaces/hook/pythonpath.ps1'
[4.618s] INFO:colcon.colcon_core.shell:Creating environment descriptor '/home/jialuyu/Final_Project/ROS2_Myo_Connect/Final_Project_Code/install/myo_interfaces/share/myo_interfaces/hook/pythonpath.dsv'
[4.618s] INFO:colcon.colcon_core.shell:Creating environment hook '/home/jialuyu/Final_Project/ROS2_Myo_Connect/Final_Project_Code/install/myo_interfaces/share/myo_interfaces/hook/pythonpath.sh'
[4.619s] Level 1:colcon.colcon_core.environment:checking '/home/jialuyu/Final_Project/ROS2_Myo_Connect/Final_Project_Code/install/myo_interfaces/bin'
[4.629s] INFO:colcon.colcon_core.shell:Creating package script '/home/jialuyu/Final_Project/ROS2_Myo_Connect/Final_Project_Code/install/myo_interfaces/share/myo_interfaces/package.ps1'
[4.630s] INFO:colcon.colcon_core.shell:Creating package descriptor '/home/jialuyu/Final_Project/ROS2_Myo_Connect/Final_Project_Code/install/myo_interfaces/share/myo_interfaces/package.dsv'
[4.630s] INFO:colcon.colcon_core.shell:Creating package script '/home/jialuyu/Final_Project/ROS2_Myo_Connect/Final_Project_Code/install/myo_interfaces/share/myo_interfaces/package.sh'
[4.630s] INFO:colcon.colcon_core.shell:Creating package script '/home/jialuyu/Final_Project/ROS2_Myo_Connect/Final_Project_Code/install/myo_interfaces/share/myo_interfaces/package.bash'
[4.630s] INFO:colcon.colcon_core.shell:Creating package script '/home/jialuyu/Final_Project/ROS2_Myo_Connect/Final_Project_Code/install/myo_interfaces/share/myo_interfaces/package.zsh'
[4.631s] Level 1:colcon.colcon_core.environment:create_file_with_runtime_dependencies(/home/jialuyu/Final_Project/ROS2_Myo_Connect/Final_Project_Code/install/myo_interfaces/share/colcon-core/packages/myo_interfaces)
[4.631s] DEBUG:colcon.colcon_parallel_executor.executor.parallel:closing loop
[4.631s] DEBUG:colcon.colcon_parallel_executor.executor.parallel:loop closed
[4.631s] DEBUG:colcon.colcon_parallel_executor.executor.parallel:run_until_complete finished with '0'
[4.631s] DEBUG:colcon.colcon_core.event_reactor:joining thread
[4.658s] INFO:colcon.colcon_core.plugin_system:Skipping extension 'colcon_notification.desktop_notification.terminal_notifier': Not used on non-Darwin systems
[4.658s] INFO:colcon.colcon_core.plugin_system:Skipping extension 'colcon_notification.desktop_notification.win32': Not used on non-Windows systems
[4.658s] INFO:colcon.colcon_notification.desktop_notification:Sending desktop notification using 'notify2'
[4.670s] DEBUG:colcon.colcon_core.event_reactor:joined thread
[4.692s] INFO:colcon.colcon_core.shell:Creating prefix script '/home/jialuyu/Final_Project/ROS2_Myo_Connect/Final_Project_Code/install/local_setup.ps1'
[4.693s] INFO:colcon.colcon_core.shell:Creating prefix util module '/home/jialuyu/Final_Project/ROS2_Myo_Connect/Final_Project_Code/install/_local_setup_util_ps1.py'
[4.694s] INFO:colcon.colcon_core.shell:Creating prefix chain script '/home/jialuyu/Final_Project/ROS2_Myo_Connect/Final_Project_Code/install/setup.ps1'
[4.715s] INFO:colcon.colcon_core.shell:Creating prefix script '/home/jialuyu/Final_Project/ROS2_Myo_Connect/Final_Project_Code/install/local_setup.sh'
[4.715s] INFO:colcon.colcon_core.shell:Creating prefix util module '/home/jialuyu/Final_Project/ROS2_Myo_Connect/Final_Project_Code/install/_local_setup_util_sh.py'
[4.716s] INFO:colcon.colcon_core.shell:Creating prefix chain script '/home/jialuyu/Final_Project/ROS2_Myo_Connect/Final_Project_Code/install/setup.sh'
[4.736s] INFO:colcon.colcon_core.shell:Creating prefix script '/home/jialuyu/Final_Project/ROS2_Myo_Connect/Final_Project_Code/install/local_setup.bash'
[4.736s] INFO:colcon.colcon_core.shell:Creating prefix chain script '/home/jialuyu/Final_Project/ROS2_Myo_Connect/Final_Project_Code/install/setup.bash'
[4.758s] INFO:colcon.colcon_core.shell:Creating prefix script '/home/jialuyu/Final_Project/ROS2_Myo_Connect/Final_Project_Code/install/local_setup.zsh'
[4.758s] INFO:colcon.colcon_core.shell:Creating prefix chain script '/home/jialuyu/Final_Project/ROS2_Myo_Connect/Final_Project_Code/install/setup.zsh'
