[1.546s] DEBUG:colcon:Command line arguments: ['/usr/bin/colcon', 'build', '--symlink-install']
[1.546s] DEBUG:colcon:Parsed command line arguments: Namespace(log_base=None, log_level=None, verb_name='build', build_base='build', install_base='install', merge_install=False, symlink_install=True, test_result_base=None, continue_on_error=False, executor='parallel', parallel_workers=32, event_handlers=None, ignore_user_meta=False, metas=['./colcon.meta'], base_paths=['.'], packages_ignore=None, packages_ignore_regex=None, paths=None, packages_up_to=None, packages_up_to_regex=None, packages_above=None, packages_above_and_dependencies=None, packages_above_depth=None, packages_select_by_dep=None, packages_skip_by_dep=None, packages_skip_up_to=None, packages_select_build_failed=False, packages_skip_build_finished=False, packages_select_test_failures=False, packages_skip_test_passed=False, packages_select=None, packages_skip=None, packages_select_regex=None, packages_skip_regex=None, packages_start=None, packages_end=None, allow_overriding=[], cmake_args=None, cmake_target=None, cmake_target_skip_unavailable=False, cmake_clean_cache=False, cmake_clean_first=False, cmake_force_configure=False, ament_cmake_args=None, catkin_cmake_args=None, catkin_skip_building_tests=False, mixin_files=None, mixin=None, verb_parser=<colcon_mixin.mixin.mixin_argument.MixinArgumentDecorator object at 0x7a977f7202b0>, verb_extension=<colcon_core.verb.build.BuildVerb object at 0x7a977fa66ef0>, main=<bound method BuildVerb.main of <colcon_core.verb.build.BuildVerb object at 0x7a977fa66ef0>>, mixin_verb=('build',))
[1.598s] Level 1:colcon.colcon_core.package_discovery:discover_packages(colcon_meta) check parameters
[1.598s] Level 1:colcon.colcon_core.package_discovery:discover_packages(recursive) check parameters
[1.598s] Level 1:colcon.colcon_core.package_discovery:discover_packages(ignore) check parameters
[1.598s] Level 1:colcon.colcon_core.package_discovery:discover_packages(path) check parameters
[1.598s] Level 1:colcon.colcon_core.package_discovery:discover_packages(colcon_meta) discover
[1.598s] Level 1:colcon.colcon_core.package_discovery:discover_packages(recursive) discover
[1.598s] INFO:colcon.colcon_core.package_discovery:Crawling recursively for packages in '/home/jialuyu/Final_Project/ROS2_Myo_Connect/Final_Project_Code/myo_data/ros_myo'
[1.598s] Level 1:colcon.colcon_core.package_identification:_identify(.) by extensions ['ignore', 'ignore_ament_install']
[1.598s] Level 1:colcon.colcon_core.package_identification:_identify(.) by extension 'ignore'
[1.598s] Level 1:colcon.colcon_core.package_identification:_identify(.) by extension 'ignore_ament_install'
[1.598s] Level 1:colcon.colcon_core.package_identification:_identify(.) by extensions ['colcon_pkg']
[1.598s] Level 1:colcon.colcon_core.package_identification:_identify(.) by extension 'colcon_pkg'
[1.598s] Level 1:colcon.colcon_core.package_identification:_identify(.) by extensions ['colcon_meta']
[1.598s] Level 1:colcon.colcon_core.package_identification:_identify(.) by extension 'colcon_meta'
[1.598s] Level 1:colcon.colcon_core.package_identification:_identify(.) by extensions ['ros']
[1.598s] Level 1:colcon.colcon_core.package_identification:_identify(.) by extension 'ros'
[1.609s] DEBUG:colcon.colcon_core.package_identification:Package '.' with type 'ros.ament_python' and name 'ros_myo'
[1.610s] Level 1:colcon.colcon_core.package_discovery:discover_packages(recursive) using defaults
[1.610s] Level 1:colcon.colcon_core.package_discovery:discover_packages(ignore) discover
[1.610s] Level 1:colcon.colcon_core.package_discovery:discover_packages(ignore) using defaults
[1.610s] Level 1:colcon.colcon_core.package_discovery:discover_packages(path) discover
[1.610s] Level 1:colcon.colcon_core.package_discovery:discover_packages(path) using defaults
[1.717s] Level 1:colcon.colcon_core.package_discovery:discover_packages(prefix_path) check parameters
[1.717s] Level 1:colcon.colcon_core.package_discovery:discover_packages(prefix_path) discover
[1.756s] DEBUG:colcon.colcon_installed_package_information.package_discovery:Found 8 installed packages in /home/jialuyu/ws/ws/franka/install
[1.774s] DEBUG:colcon.colcon_installed_package_information.package_discovery:Found 7 installed packages in /home/jialuyu/ws/final_project_ROS/install
[1.793s] DEBUG:colcon.colcon_installed_package_information.package_discovery:Found 21 installed packages in /home/jialuyu/ws/interbotix/install
[1.810s] DEBUG:colcon.colcon_installed_package_information.package_discovery:Found 1 installed packages in /home/jialuyu/ws/install
[1.828s] DEBUG:colcon.colcon_installed_package_information.package_discovery:Found 6 installed packages in /home/jialuyu/Winter_Project/install
[1.846s] DEBUG:colcon.colcon_installed_package_information.package_discovery:Found 3 installed packages in /home/jialuyu/ws/moveit_pincher/install
[1.865s] DEBUG:colcon.colcon_installed_package_information.package_discovery:Found 464 installed packages in /opt/ros/iron
[1.867s] Level 1:colcon.colcon_core.package_discovery:discover_packages(prefix_path) using defaults
[1.967s] Level 5:colcon.colcon_core.verb:set package 'ros_myo' build argument 'cmake_args' from command line to 'None'
[1.967s] Level 5:colcon.colcon_core.verb:set package 'ros_myo' build argument 'cmake_target' from command line to 'None'
[1.967s] Level 5:colcon.colcon_core.verb:set package 'ros_myo' build argument 'cmake_target_skip_unavailable' from command line to 'False'
[1.967s] Level 5:colcon.colcon_core.verb:set package 'ros_myo' build argument 'cmake_clean_cache' from command line to 'False'
[1.967s] Level 5:colcon.colcon_core.verb:set package 'ros_myo' build argument 'cmake_clean_first' from command line to 'False'
[1.967s] Level 5:colcon.colcon_core.verb:set package 'ros_myo' build argument 'cmake_force_configure' from command line to 'False'
[1.967s] Level 5:colcon.colcon_core.verb:set package 'ros_myo' build argument 'ament_cmake_args' from command line to 'None'
[1.967s] Level 5:colcon.colcon_core.verb:set package 'ros_myo' build argument 'catkin_cmake_args' from command line to 'None'
[1.967s] Level 5:colcon.colcon_core.verb:set package 'ros_myo' build argument 'catkin_skip_building_tests' from command line to 'False'
[1.967s] DEBUG:colcon.colcon_core.verb:Building package 'ros_myo' with the following arguments: {'ament_cmake_args': None, 'build_base': '/home/jialuyu/Final_Project/ROS2_Myo_Connect/Final_Project_Code/myo_data/ros_myo/build/ros_myo', 'catkin_cmake_args': None, 'catkin_skip_building_tests': False, 'cmake_args': None, 'cmake_clean_cache': False, 'cmake_clean_first': False, 'cmake_force_configure': False, 'cmake_target': None, 'cmake_target_skip_unavailable': False, 'install_base': '/home/jialuyu/Final_Project/ROS2_Myo_Connect/Final_Project_Code/myo_data/ros_myo/install/ros_myo', 'merge_install': False, 'path': '/home/jialuyu/Final_Project/ROS2_Myo_Connect/Final_Project_Code/myo_data/ros_myo', 'symlink_install': True, 'test_result_base': None}
[1.985s] INFO:colcon.colcon_core.executor:Executing jobs using 'parallel' executor
[2.003s] DEBUG:colcon.colcon_parallel_executor.executor.parallel:run_until_complete
[2.004s] INFO:colcon.colcon_ros.task.ament_python.build:Building ROS package in '/home/jialuyu/Final_Project/ROS2_Myo_Connect/Final_Project_Code/myo_data/ros_myo' with build type 'ament_python'
[2.004s] Level 1:colcon.colcon_core.shell:create_environment_hook('ros_myo', 'ament_prefix_path')
[2.024s] INFO:colcon.colcon_core.plugin_system:Skipping extension 'colcon_core.shell.bat': Not used on non-Windows systems
[2.024s] INFO:colcon.colcon_core.shell:Creating environment hook '/home/jialuyu/Final_Project/ROS2_Myo_Connect/Final_Project_Code/myo_data/ros_myo/install/ros_myo/share/ros_myo/hook/ament_prefix_path.ps1'
[2.024s] INFO:colcon.colcon_core.shell:Creating environment descriptor '/home/jialuyu/Final_Project/ROS2_Myo_Connect/Final_Project_Code/myo_data/ros_myo/install/ros_myo/share/ros_myo/hook/ament_prefix_path.dsv'
[2.025s] INFO:colcon.colcon_core.shell:Creating environment hook '/home/jialuyu/Final_Project/ROS2_Myo_Connect/Final_Project_Code/myo_data/ros_myo/install/ros_myo/share/ros_myo/hook/ament_prefix_path.sh'
[2.044s] INFO:colcon.colcon_core.shell:Skip shell extension 'powershell' for command environment: Not usable outside of PowerShell
[2.044s] DEBUG:colcon.colcon_core.shell:Skip shell extension 'dsv' for command environment
[2.547s] INFO:colcon.colcon_core.task.python.build:Building Python package in '/home/jialuyu/Final_Project/ROS2_Myo_Connect/Final_Project_Code/myo_data/ros_myo'
[2.569s] INFO:colcon.colcon_core.shell:Skip shell extension 'powershell' for command environment: Not usable outside of PowerShell
[2.569s] DEBUG:colcon.colcon_core.shell:Skip shell extension 'dsv' for command environment
[3.233s] DEBUG:colcon.colcon_core.event_handler.log_command:Invoking command in '/home/jialuyu/Final_Project/ROS2_Myo_Connect/Final_Project_Code/myo_data/ros_myo/build/ros_myo': PYTHONPATH=/home/jialuyu/Final_Project/ROS2_Myo_Connect/Final_Project_Code/myo_data/ros_myo/build/ros_myo/prefix_override:/home/jialuyu/Final_Project/ROS2_Myo_Connect/Final_Project_Code/myo_data/ros_myo/install/ros_myo/lib/python3.10/site-packages:${PYTHONPATH} /usr/bin/python3 setup.py develop --editable --build-directory /home/jialuyu/Final_Project/ROS2_Myo_Connect/Final_Project_Code/myo_data/ros_myo/build/ros_myo/build --no-deps install_data
[3.922s] Level 1:colcon.colcon_core.shell:create_environment_hook('ros_myo', 'pythonpath_develop')
[3.923s] DEBUG:colcon.colcon_core.event_handler.log_command:Invoked command in '/home/jialuyu/Final_Project/ROS2_Myo_Connect/Final_Project_Code/myo_data/ros_myo/build/ros_myo' returned '0': PYTHONPATH=/home/jialuyu/Final_Project/ROS2_Myo_Connect/Final_Project_Code/myo_data/ros_myo/build/ros_myo/prefix_override:/home/jialuyu/Final_Project/ROS2_Myo_Connect/Final_Project_Code/myo_data/ros_myo/install/ros_myo/lib/python3.10/site-packages:${PYTHONPATH} /usr/bin/python3 setup.py develop --editable --build-directory /home/jialuyu/Final_Project/ROS2_Myo_Connect/Final_Project_Code/myo_data/ros_myo/build/ros_myo/build --no-deps install_data
[3.943s] INFO:colcon.colcon_core.shell:Creating environment hook '/home/jialuyu/Final_Project/ROS2_Myo_Connect/Final_Project_Code/myo_data/ros_myo/build/ros_myo/share/ros_myo/hook/pythonpath_develop.ps1'
[3.944s] INFO:colcon.colcon_core.shell:Creating environment descriptor '/home/jialuyu/Final_Project/ROS2_Myo_Connect/Final_Project_Code/myo_data/ros_myo/build/ros_myo/share/ros_myo/hook/pythonpath_develop.dsv'
[3.944s] INFO:colcon.colcon_core.shell:Creating environment hook '/home/jialuyu/Final_Project/ROS2_Myo_Connect/Final_Project_Code/myo_data/ros_myo/build/ros_myo/share/ros_myo/hook/pythonpath_develop.sh'
[3.970s] Level 1:colcon.colcon_core.environment:checking '/home/jialuyu/Final_Project/ROS2_Myo_Connect/Final_Project_Code/myo_data/ros_myo/install/ros_myo' for CMake module files
[3.970s] Level 1:colcon.colcon_core.environment:checking '/home/jialuyu/Final_Project/ROS2_Myo_Connect/Final_Project_Code/myo_data/ros_myo/install/ros_myo' for CMake config files
[3.971s] Level 1:colcon.colcon_core.environment:checking '/home/jialuyu/Final_Project/ROS2_Myo_Connect/Final_Project_Code/myo_data/ros_myo/install/ros_myo/lib'
[3.971s] Level 1:colcon.colcon_core.environment:checking '/home/jialuyu/Final_Project/ROS2_Myo_Connect/Final_Project_Code/myo_data/ros_myo/install/ros_myo/bin'
[3.971s] Level 1:colcon.colcon_core.environment:checking '/home/jialuyu/Final_Project/ROS2_Myo_Connect/Final_Project_Code/myo_data/ros_myo/install/ros_myo/lib/pkgconfig/ros_myo.pc'
[3.971s] Level 1:colcon.colcon_core.environment:checking '/home/jialuyu/Final_Project/ROS2_Myo_Connect/Final_Project_Code/myo_data/ros_myo/install/ros_myo/lib/python3.10/site-packages'
[3.971s] Level 1:colcon.colcon_core.shell:create_environment_hook('ros_myo', 'pythonpath')
[3.994s] INFO:colcon.colcon_core.shell:Creating environment hook '/home/jialuyu/Final_Project/ROS2_Myo_Connect/Final_Project_Code/myo_data/ros_myo/install/ros_myo/share/ros_myo/hook/pythonpath.ps1'
[3.994s] INFO:colcon.colcon_core.shell:Creating environment descriptor '/home/jialuyu/Final_Project/ROS2_Myo_Connect/Final_Project_Code/myo_data/ros_myo/install/ros_myo/share/ros_myo/hook/pythonpath.dsv'
[3.994s] INFO:colcon.colcon_core.shell:Creating environment hook '/home/jialuyu/Final_Project/ROS2_Myo_Connect/Final_Project_Code/myo_data/ros_myo/install/ros_myo/share/ros_myo/hook/pythonpath.sh'
[3.995s] Level 1:colcon.colcon_core.environment:checking '/home/jialuyu/Final_Project/ROS2_Myo_Connect/Final_Project_Code/myo_data/ros_myo/install/ros_myo/bin'
[3.995s] Level 1:colcon.colcon_core.environment:create_environment_scripts_only(ros_myo)
[4.019s] INFO:colcon.colcon_core.shell:Creating package script '/home/jialuyu/Final_Project/ROS2_Myo_Connect/Final_Project_Code/myo_data/ros_myo/install/ros_myo/share/ros_myo/package.ps1'
[4.020s] INFO:colcon.colcon_core.shell:Creating package descriptor '/home/jialuyu/Final_Project/ROS2_Myo_Connect/Final_Project_Code/myo_data/ros_myo/install/ros_myo/share/ros_myo/package.dsv'
[4.021s] INFO:colcon.colcon_core.shell:Creating package script '/home/jialuyu/Final_Project/ROS2_Myo_Connect/Final_Project_Code/myo_data/ros_myo/install/ros_myo/share/ros_myo/package.sh'
[4.022s] INFO:colcon.colcon_core.shell:Creating package script '/home/jialuyu/Final_Project/ROS2_Myo_Connect/Final_Project_Code/myo_data/ros_myo/install/ros_myo/share/ros_myo/package.bash'
[4.023s] INFO:colcon.colcon_core.shell:Creating package script '/home/jialuyu/Final_Project/ROS2_Myo_Connect/Final_Project_Code/myo_data/ros_myo/install/ros_myo/share/ros_myo/package.zsh'
[4.023s] Level 1:colcon.colcon_core.environment:create_file_with_runtime_dependencies(/home/jialuyu/Final_Project/ROS2_Myo_Connect/Final_Project_Code/myo_data/ros_myo/install/ros_myo/share/colcon-core/packages/ros_myo)
[4.024s] DEBUG:colcon.colcon_parallel_executor.executor.parallel:closing loop
[4.024s] DEBUG:colcon.colcon_parallel_executor.executor.parallel:loop closed
[4.024s] DEBUG:colcon.colcon_parallel_executor.executor.parallel:run_until_complete finished with '0'
[4.024s] DEBUG:colcon.colcon_core.event_reactor:joining thread
[4.064s] INFO:colcon.colcon_core.plugin_system:Skipping extension 'colcon_notification.desktop_notification.terminal_notifier': Not used on non-Darwin systems
[4.065s] INFO:colcon.colcon_core.plugin_system:Skipping extension 'colcon_notification.desktop_notification.win32': Not used on non-Windows systems
[4.065s] INFO:colcon.colcon_notification.desktop_notification:Sending desktop notification using 'notify2'
[4.078s] DEBUG:colcon.colcon_core.event_reactor:joined thread
[4.106s] INFO:colcon.colcon_core.shell:Creating prefix script '/home/jialuyu/Final_Project/ROS2_Myo_Connect/Final_Project_Code/myo_data/ros_myo/install/local_setup.ps1'
[4.107s] INFO:colcon.colcon_core.shell:Creating prefix util module '/home/jialuyu/Final_Project/ROS2_Myo_Connect/Final_Project_Code/myo_data/ros_myo/install/_local_setup_util_ps1.py'
[4.109s] INFO:colcon.colcon_core.shell:Creating prefix chain script '/home/jialuyu/Final_Project/ROS2_Myo_Connect/Final_Project_Code/myo_data/ros_myo/install/setup.ps1'
[4.134s] INFO:colcon.colcon_core.shell:Creating prefix script '/home/jialuyu/Final_Project/ROS2_Myo_Connect/Final_Project_Code/myo_data/ros_myo/install/local_setup.sh'
[4.135s] INFO:colcon.colcon_core.shell:Creating prefix util module '/home/jialuyu/Final_Project/ROS2_Myo_Connect/Final_Project_Code/myo_data/ros_myo/install/_local_setup_util_sh.py'
[4.135s] INFO:colcon.colcon_core.shell:Creating prefix chain script '/home/jialuyu/Final_Project/ROS2_Myo_Connect/Final_Project_Code/myo_data/ros_myo/install/setup.sh'
[4.160s] INFO:colcon.colcon_core.shell:Creating prefix script '/home/jialuyu/Final_Project/ROS2_Myo_Connect/Final_Project_Code/myo_data/ros_myo/install/local_setup.bash'
[4.161s] INFO:colcon.colcon_core.shell:Creating prefix chain script '/home/jialuyu/Final_Project/ROS2_Myo_Connect/Final_Project_Code/myo_data/ros_myo/install/setup.bash'
[4.185s] INFO:colcon.colcon_core.shell:Creating prefix script '/home/jialuyu/Final_Project/ROS2_Myo_Connect/Final_Project_Code/myo_data/ros_myo/install/local_setup.zsh'
[4.186s] INFO:colcon.colcon_core.shell:Creating prefix chain script '/home/jialuyu/Final_Project/ROS2_Myo_Connect/Final_Project_Code/myo_data/ros_myo/install/setup.zsh'
