[0.982s] Invoking command in '/home/jialuyu/Final_Project/ROS2_Myo_Connect/build/ros_myo': AMENT_PREFIX_PATH=/home/jialuyu/Final_Project/ROS2_Myo_Connect/install/myo_interfaces:${AMENT_PREFIX_PATH} CMAKE_PREFIX_PATH=/home/jialuyu/Final_Project/ROS2_Myo_Connect/install/myo_interfaces:${CMAKE_PREFIX_PATH} LD_LIBRARY_PATH=/home/jialuyu/Final_Project/ROS2_Myo_Connect/install/myo_interfaces/lib:${LD_LIBRARY_PATH} PYTHONPATH=/home/jialuyu/Final_Project/ROS2_Myo_Connect/build/ros_myo/prefix_override:/home/jialuyu/Final_Project/ROS2_Myo_Connect/install/ros_myo/lib/python3.10/site-packages:/home/jialuyu/Final_Project/ROS2_Myo_Connect/install/myo_interfaces/lib/python3.10/site-packages:${PYTHONPATH} /usr/bin/python3 setup.py develop --editable --build-directory /home/jialuyu/Final_Project/ROS2_Myo_Connect/build/ros_myo/build --no-deps install_data
[1.263s] running develop
[1.468s] running egg_info
[1.468s] creating ros_myo.egg-info
[1.468s] writing ros_myo.egg-info/PKG-INFO
[1.468s] writing dependency_links to ros_myo.egg-info/dependency_links.txt
[1.468s] writing entry points to ros_myo.egg-info/entry_points.txt
[1.468s] writing requirements to ros_myo.egg-info/requires.txt
[1.468s] writing top-level names to ros_myo.egg-info/top_level.txt
[1.468s] writing manifest file 'ros_myo.egg-info/SOURCES.txt'
[1.470s] reading manifest file 'ros_myo.egg-info/SOURCES.txt'
[1.470s] writing manifest file 'ros_myo.egg-info/SOURCES.txt'
[1.472s] running build_ext
[1.472s] Creating /home/jialuyu/Final_Project/ROS2_Myo_Connect/install/ros_myo/lib/python3.10/site-packages/ros-myo.egg-link (link to .)
[1.472s] Installing connectMyo script to /home/jialuyu/Final_Project/ROS2_Myo_Connect/install/ros_myo/lib/ros_myo
[1.472s] Installing myoDemo script to /home/jialuyu/Final_Project/ROS2_Myo_Connect/install/ros_myo/lib/ros_myo
[1.472s] Installing turtleSimDrive script to /home/jialuyu/Final_Project/ROS2_Myo_Connect/install/ros_myo/lib/ros_myo
[1.473s] 
[1.473s] Installed /home/jialuyu/Final_Project/ROS2_Myo_Connect/build/ros_myo
[1.473s] running install_data
[1.473s] creating /home/jialuyu/Final_Project/ROS2_Myo_Connect/install/ros_myo/share/ament_index
[1.473s] creating /home/jialuyu/Final_Project/ROS2_Myo_Connect/install/ros_myo/share/ament_index/resource_index
[1.473s] creating /home/jialuyu/Final_Project/ROS2_Myo_Connect/install/ros_myo/share/ament_index/resource_index/packages
[1.473s] copying resource/ros_myo -> /home/jialuyu/Final_Project/ROS2_Myo_Connect/install/ros_myo/share/ament_index/resource_index/packages
[1.473s] copying package.xml -> /home/jialuyu/Final_Project/ROS2_Myo_Connect/install/ros_myo/share/ros_myo
[1.473s] copying launch/turtle_analog.launch.xml -> /home/jialuyu/Final_Project/ROS2_Myo_Connect/install/ros_myo/share/ros_myo
[1.473s] copying launch/turtle_pose.launch.xml -> /home/jialuyu/Final_Project/ROS2_Myo_Connect/install/ros_myo/share/ros_myo
[1.495s] Invoked command in '/home/jialuyu/Final_Project/ROS2_Myo_Connect/build/ros_myo' returned '0': AMENT_PREFIX_PATH=/home/jialuyu/Final_Project/ROS2_Myo_Connect/install/myo_interfaces:${AMENT_PREFIX_PATH} CMAKE_PREFIX_PATH=/home/jialuyu/Final_Project/ROS2_Myo_Connect/install/myo_interfaces:${CMAKE_PREFIX_PATH} LD_LIBRARY_PATH=/home/jialuyu/Final_Project/ROS2_Myo_Connect/install/myo_interfaces/lib:${LD_LIBRARY_PATH} PYTHONPATH=/home/jialuyu/Final_Project/ROS2_Myo_Connect/build/ros_myo/prefix_override:/home/jialuyu/Final_Project/ROS2_Myo_Connect/install/ros_myo/lib/python3.10/site-packages:/home/jialuyu/Final_Project/ROS2_Myo_Connect/install/myo_interfaces/lib/python3.10/site-packages:${PYTHONPATH} /usr/bin/python3 setup.py develop --editable --build-directory /home/jialuyu/Final_Project/ROS2_Myo_Connect/build/ros_myo/build --no-deps install_data
