[0.162s] Invoking command in '/home/jialuyu/Final_Project/ROS2_Myo_Connect/build/myo_interfaces': CMAKE_PREFIX_PATH=${CMAKE_PREFIX_PATH}:/home/jialuyu/Final_Project/ROS2_Myo_Connect/Final_Project_Code/install/ros_myo:/home/jialuyu/ws/interbotix/install/interbotix_xs_modules:/home/jialuyu/ws/interbotix/install/interbotix_common_modules:/home/jialuyu/Winter_Project/install/ros_april_tag:/home/jialuyu/Winter_Project/install/moveit_python:/home/jialuyu/Winter_Project/install/face_recognition_ros_node:/home/jialuyu/Winter_Project/install/care:/home/jialuyu/ws/final_project_ROS/install/trigger:/home/jialuyu/ws/final_project_ROS/install/control:/home/jialuyu/ws/final_project_ROS/install/image_yolo:/home/jialuyu/ws/final_project_ROS/install/gun_trajectory:/home/jialuyu/ws/final_project_ROS/install/audio_input:/home/jialuyu/ws/moveit_pincher/install/pickmeup:/home/jialuyu/ws/moveit_pincher/install/moveit_wrapper:/home/jialuyu/ws/moveit_pincher/install/diff_drive:/opt/ros/iron /usr/bin/cmake /home/jialuyu/Final_Project/ROS2_Myo_Connect/Final_Project_Code/myo_data/myo_interfaces -DAMENT_CMAKE_SYMLINK_INSTALL=1 -DCMAKE_INSTALL_PREFIX=/home/jialuyu/Final_Project/ROS2_Myo_Connect/install/myo_interfaces
[0.210s] -- The C compiler identification is GNU 11.4.0
[0.261s] -- The CXX compiler identification is GNU 11.4.0
[0.267s] -- Detecting C compiler ABI info
[0.325s] -- Detecting C compiler ABI info - done
[0.331s] -- Check for working C compiler: /usr/bin/cc - skipped
[0.332s] -- Detecting C compile features
[0.332s] -- Detecting C compile features - done
[0.334s] -- Detecting CXX compiler ABI info
[0.391s] -- Detecting CXX compiler ABI info - done
[0.397s] -- Check for working CXX compiler: /usr/bin/c++ - skipped
[0.397s] -- Detecting CXX compile features
[0.398s] -- Detecting CXX compile features - done
[0.401s] -- Found ament_cmake: 2.0.4 (/opt/ros/iron/share/ament_cmake/cmake)
[0.582s] -- Found Python3: /usr/bin/python3.10 (found version "3.10.12") found components: Interpreter 
[0.643s] -- Override CMake install command with custom implementation using symlinks instead of copying resources
[0.694s] -- Found geometry_msgs: 5.0.0 (/opt/ros/iron/share/geometry_msgs/cmake)
[0.746s] -- Found rosidl_generator_c: 4.0.1 (/opt/ros/iron/share/rosidl_generator_c/cmake)
[0.763s] -- Found rosidl_generator_cpp: 4.0.1 (/opt/ros/iron/share/rosidl_generator_cpp/cmake)
[0.784s] -- Using all available rosidl_typesupport_c: rosidl_typesupport_fastrtps_c;rosidl_typesupport_introspection_c
[0.807s] -- Using all available rosidl_typesupport_cpp: rosidl_typesupport_fastrtps_cpp;rosidl_typesupport_introspection_cpp
[0.903s] -- Found rosidl_default_generators: 1.5.0 (/opt/ros/iron/share/rosidl_default_generators/cmake)
[0.925s] -- Found rosidl_adapter: 4.0.1 (/opt/ros/iron/share/rosidl_adapter/cmake)
[1.222s] -- Found ament_cmake_ros: 0.11.2 (/opt/ros/iron/share/ament_cmake_ros/cmake)
[1.533s] -- Using all available rosidl_typesupport_c: rosidl_typesupport_fastrtps_c;rosidl_typesupport_introspection_c
[1.651s] -- Using all available rosidl_typesupport_cpp: rosidl_typesupport_fastrtps_cpp;rosidl_typesupport_introspection_cpp
[1.675s] -- Found PythonInterp: /usr/bin/python3 (found suitable version "3.10.12", minimum required is "3.6") 
[1.678s] -- Found python_cmake_module: 0.10.2 (/opt/ros/iron/share/python_cmake_module/cmake)
[1.705s] -- Found PythonLibs: /usr/lib/x86_64-linux-gnu/libpython3.10.so (found suitable version "3.10.12", minimum required is "3.5") 
[1.705s] -- Using PYTHON_EXECUTABLE: /usr/bin/python3
[1.705s] -- Using PYTHON_INCLUDE_DIRS: /usr/include/python3.10
[1.705s] -- Using PYTHON_LIBRARIES: /usr/lib/x86_64-linux-gnu/libpython3.10.so
[1.729s] -- Found PythonExtra: .so  
[1.778s] -- Found ament_lint_auto: 0.14.3 (/opt/ros/iron/share/ament_lint_auto/cmake)
[1.813s] -- Added test 'copyright' to check source files copyright and LICENSE
[1.815s] -- Added test 'lint_cmake' to check CMake code style
[1.816s] -- Added test 'xmllint' to check XML markup files
[1.819s] -- Configuring done
[1.840s] -- Generating done
[1.842s] -- Build files have been written to: /home/jialuyu/Final_Project/ROS2_Myo_Connect/build/myo_interfaces
[1.850s] Invoked command in '/home/jialuyu/Final_Project/ROS2_Myo_Connect/build/myo_interfaces' returned '0': CMAKE_PREFIX_PATH=${CMAKE_PREFIX_PATH}:/home/jialuyu/Final_Project/ROS2_Myo_Connect/Final_Project_Code/install/ros_myo:/home/jialuyu/ws/interbotix/install/interbotix_xs_modules:/home/jialuyu/ws/interbotix/install/interbotix_common_modules:/home/jialuyu/Winter_Project/install/ros_april_tag:/home/jialuyu/Winter_Project/install/moveit_python:/home/jialuyu/Winter_Project/install/face_recognition_ros_node:/home/jialuyu/Winter_Project/install/care:/home/jialuyu/ws/final_project_ROS/install/trigger:/home/jialuyu/ws/final_project_ROS/install/control:/home/jialuyu/ws/final_project_ROS/install/image_yolo:/home/jialuyu/ws/final_project_ROS/install/gun_trajectory:/home/jialuyu/ws/final_project_ROS/install/audio_input:/home/jialuyu/ws/moveit_pincher/install/pickmeup:/home/jialuyu/ws/moveit_pincher/install/moveit_wrapper:/home/jialuyu/ws/moveit_pincher/install/diff_drive:/opt/ros/iron /usr/bin/cmake /home/jialuyu/Final_Project/ROS2_Myo_Connect/Final_Project_Code/myo_data/myo_interfaces -DAMENT_CMAKE_SYMLINK_INSTALL=1 -DCMAKE_INSTALL_PREFIX=/home/jialuyu/Final_Project/ROS2_Myo_Connect/install/myo_interfaces
[1.851s] Invoking command in '/home/jialuyu/Final_Project/ROS2_Myo_Connect/build/myo_interfaces': CMAKE_PREFIX_PATH=${CMAKE_PREFIX_PATH}:/home/jialuyu/Final_Project/ROS2_Myo_Connect/Final_Project_Code/install/ros_myo:/home/jialuyu/ws/interbotix/install/interbotix_xs_modules:/home/jialuyu/ws/interbotix/install/interbotix_common_modules:/home/jialuyu/Winter_Project/install/ros_april_tag:/home/jialuyu/Winter_Project/install/moveit_python:/home/jialuyu/Winter_Project/install/face_recognition_ros_node:/home/jialuyu/Winter_Project/install/care:/home/jialuyu/ws/final_project_ROS/install/trigger:/home/jialuyu/ws/final_project_ROS/install/control:/home/jialuyu/ws/final_project_ROS/install/image_yolo:/home/jialuyu/ws/final_project_ROS/install/gun_trajectory:/home/jialuyu/ws/final_project_ROS/install/audio_input:/home/jialuyu/ws/moveit_pincher/install/pickmeup:/home/jialuyu/ws/moveit_pincher/install/moveit_wrapper:/home/jialuyu/ws/moveit_pincher/install/diff_drive:/opt/ros/iron /usr/bin/cmake --build /home/jialuyu/Final_Project/ROS2_Myo_Connect/build/myo_interfaces -- -j32 -l32
[1.888s] [  2%] [34m[1mGenerating type hashes for ROS interfaces[0m
[1.894s] [  2%] Built target ament_cmake_python_symlink_myo_interfaces
[2.092s] [  2%] Built target myo_interfaces__rosidl_generator_type_description
[2.100s] [  4%] [34m[1mGenerating C code for ROS interfaces[0m
[2.107s] [  6%] [34m[1mGenerating C++ code for ROS interfaces[0m
[2.166s] running egg_info
[2.166s] creating myo_interfaces.egg-info
[2.166s] writing myo_interfaces.egg-info/PKG-INFO
[2.166s] writing dependency_links to myo_interfaces.egg-info/dependency_links.txt
[2.166s] writing top-level names to myo_interfaces.egg-info/top_level.txt
[2.167s] writing manifest file 'myo_interfaces.egg-info/SOURCES.txt'
[2.168s] reading manifest file 'myo_interfaces.egg-info/SOURCES.txt'
[2.168s] writing manifest file 'myo_interfaces.egg-info/SOURCES.txt'
[2.188s] [  6%] Built target ament_cmake_python_build_myo_interfaces_egg
[2.358s] [  6%] Built target myo_interfaces__cpp
[2.396s] [  9%] [32mBuilding C object CMakeFiles/myo_interfaces__rosidl_generator_c.dir/rosidl_generator_c/myo_interfaces/msg/detail/emg_array__description.c.o[0m
[2.396s] [ 13%] [32mBuilding C object CMakeFiles/myo_interfaces__rosidl_generator_c.dir/rosidl_generator_c/myo_interfaces/msg/detail/emg_array__functions.c.o[0m
[2.396s] [ 13%] [32mBuilding C object CMakeFiles/myo_interfaces__rosidl_generator_c.dir/rosidl_generator_c/myo_interfaces/msg/detail/emg_array__type_support.c.o[0m
[2.397s] [ 20%] [32mBuilding C object CMakeFiles/myo_interfaces__rosidl_generator_c.dir/rosidl_generator_c/myo_interfaces/msg/detail/myo_arm__description.c.o[0m
[2.397s] [ 20%] [32mBuilding C object CMakeFiles/myo_interfaces__rosidl_generator_c.dir/rosidl_generator_c/myo_interfaces/msg/detail/myo_arm__type_support.c.o[0m
[2.397s] [ 20%] [32mBuilding C object CMakeFiles/myo_interfaces__rosidl_generator_c.dir/rosidl_generator_c/myo_interfaces/msg/detail/myo_arm__functions.c.o[0m
[2.431s] [ 22%] [32m[1mLinking C shared library libmyo_interfaces__rosidl_generator_c.so[0m
[2.467s] [ 22%] Built target myo_interfaces__rosidl_generator_c
[2.478s] [ 27%] [34m[1mGenerating C++ type support dispatch for ROS interfaces[0m
[2.478s] [ 27%] [34m[1mGenerating C type support for eProsima Fast-RTPS[0m
[2.479s] [ 34%] [34m[1mGenerating C introspection for ROS interfaces[0m
[2.479s] [ 34%] [34m[1mGenerating C type support dispatch for ROS interfaces[0m
[2.479s] [ 34%] [34m[1mGenerating C++ type support for eProsima Fast-RTPS[0m
[2.479s] [ 36%] [34m[1mGenerating C++ introspection for ROS interfaces[0m
[2.681s] [ 38%] [32mBuilding CXX object CMakeFiles/myo_interfaces__rosidl_typesupport_fastrtps_cpp.dir/rosidl_typesupport_fastrtps_cpp/myo_interfaces/msg/detail/dds_fastrtps/emg_array__type_support.cpp.o[0m
[2.681s] [ 40%] [32mBuilding CXX object CMakeFiles/myo_interfaces__rosidl_typesupport_fastrtps_cpp.dir/rosidl_typesupport_fastrtps_cpp/myo_interfaces/msg/detail/dds_fastrtps/myo_arm__type_support.cpp.o[0m
[2.708s] [ 43%] [32mBuilding CXX object CMakeFiles/myo_interfaces__rosidl_typesupport_c.dir/rosidl_typesupport_c/myo_interfaces/msg/myo_arm__type_support.cpp.o[0m
[2.710s] [ 45%] [32mBuilding CXX object CMakeFiles/myo_interfaces__rosidl_typesupport_c.dir/rosidl_typesupport_c/myo_interfaces/msg/emg_array__type_support.cpp.o[0m
[2.710s] [ 50%] [32mBuilding CXX object CMakeFiles/myo_interfaces__rosidl_typesupport_cpp.dir/rosidl_typesupport_cpp/myo_interfaces/msg/myo_arm__type_support.cpp.o[0m
[2.710s] [ 50%] [32mBuilding CXX object CMakeFiles/myo_interfaces__rosidl_typesupport_cpp.dir/rosidl_typesupport_cpp/myo_interfaces/msg/emg_array__type_support.cpp.o[0m
[2.719s] [ 52%] [32mBuilding CXX object CMakeFiles/myo_interfaces__rosidl_typesupport_introspection_cpp.dir/rosidl_typesupport_introspection_cpp/myo_interfaces/msg/detail/myo_arm__type_support.cpp.o[0m
[2.720s] [ 54%] [32mBuilding CXX object CMakeFiles/myo_interfaces__rosidl_typesupport_introspection_cpp.dir/rosidl_typesupport_introspection_cpp/myo_interfaces/msg/detail/emg_array__type_support.cpp.o[0m
[2.727s] [ 59%] [32mBuilding C object CMakeFiles/myo_interfaces__rosidl_typesupport_introspection_c.dir/rosidl_typesupport_introspection_c/myo_interfaces/msg/detail/myo_arm__type_support.c.o[0m
[2.727s] [ 59%] [32mBuilding C object CMakeFiles/myo_interfaces__rosidl_typesupport_introspection_c.dir/rosidl_typesupport_introspection_c/myo_interfaces/msg/detail/emg_array__type_support.c.o[0m
[2.733s] [ 63%] [32mBuilding CXX object CMakeFiles/myo_interfaces__rosidl_typesupport_fastrtps_c.dir/rosidl_typesupport_fastrtps_c/myo_interfaces/msg/detail/emg_array__type_support_c.cpp.o[0m
[2.733s] [ 63%] [32mBuilding CXX object CMakeFiles/myo_interfaces__rosidl_typesupport_fastrtps_c.dir/rosidl_typesupport_fastrtps_c/myo_interfaces/msg/detail/myo_arm__type_support_c.cpp.o[0m
[2.739s] [ 65%] [32m[1mLinking CXX shared library libmyo_interfaces__rosidl_typesupport_c.so[0m
[2.756s] [ 68%] [32m[1mLinking C shared library libmyo_interfaces__rosidl_typesupport_introspection_c.so[0m
[2.771s] [ 68%] Built target myo_interfaces__rosidl_typesupport_c
[2.781s] [ 68%] Built target myo_interfaces__rosidl_typesupport_introspection_c
[2.964s] [ 70%] [32m[1mLinking CXX shared library libmyo_interfaces__rosidl_typesupport_cpp.so[0m
[2.992s] [ 70%] Built target myo_interfaces__rosidl_typesupport_cpp
[2.998s] [ 72%] [32m[1mLinking CXX shared library libmyo_interfaces__rosidl_typesupport_fastrtps_c.so[0m
[3.012s] [ 75%] [32m[1mLinking CXX shared library libmyo_interfaces__rosidl_typesupport_introspection_cpp.so[0m
[3.052s] [ 75%] Built target myo_interfaces__rosidl_typesupport_fastrtps_c
[3.063s] [ 75%] Built target myo_interfaces__rosidl_typesupport_introspection_cpp
[3.079s] [ 77%] [32m[1mLinking CXX shared library libmyo_interfaces__rosidl_typesupport_fastrtps_cpp.so[0m
[3.131s] [ 77%] Built target myo_interfaces__rosidl_typesupport_fastrtps_cpp
[3.151s] [ 77%] Built target myo_interfaces
[3.173s] [ 79%] [34m[1mGenerating Python code for ROS interfaces[0m
[3.526s] [ 79%] Built target myo_interfaces__py
[3.540s] [ 81%] [32mBuilding C object CMakeFiles/myo_interfaces__rosidl_generator_py.dir/rosidl_generator_py/myo_interfaces/msg/_emg_array_s.c.o[0m
[3.541s] [ 84%] [32mBuilding C object CMakeFiles/myo_interfaces__rosidl_generator_py.dir/rosidl_generator_py/myo_interfaces/msg/_myo_arm_s.c.o[0m
[3.620s] [ 86%] [32m[1mLinking C shared library rosidl_generator_py/myo_interfaces/libmyo_interfaces__rosidl_generator_py.so[0m
[3.652s] [ 86%] Built target myo_interfaces__rosidl_generator_py
[3.669s] [ 88%] [32mBuilding C object CMakeFiles/myo_interfaces__rosidl_typesupport_fastrtps_c__pyext.dir/rosidl_generator_py/myo_interfaces/_myo_interfaces_s.ep.rosidl_typesupport_fastrtps_c.c.o[0m
[3.669s] [ 90%] [32mBuilding C object CMakeFiles/myo_interfaces__rosidl_typesupport_introspection_c__pyext.dir/rosidl_generator_py/myo_interfaces/_myo_interfaces_s.ep.rosidl_typesupport_introspection_c.c.o[0m
[3.669s] [ 93%] [32mBuilding C object CMakeFiles/myo_interfaces__rosidl_typesupport_c__pyext.dir/rosidl_generator_py/myo_interfaces/_myo_interfaces_s.ep.rosidl_typesupport_c.c.o[0m
[3.741s] [100%] [32m[1mLinking C shared library rosidl_generator_py/myo_interfaces/myo_interfaces_s__rosidl_typesupport_introspection_c.cpython-310-x86_64-linux-gnu.so[0m
[3.741s] [100%] [32m[1mLinking C shared library rosidl_generator_py/myo_interfaces/myo_interfaces_s__rosidl_typesupport_c.cpython-310-x86_64-linux-gnu.so[0m
[3.741s] [100%] [32m[1mLinking C shared library rosidl_generator_py/myo_interfaces/myo_interfaces_s__rosidl_typesupport_fastrtps_c.cpython-310-x86_64-linux-gnu.so[0m
[3.765s] [100%] Built target myo_interfaces__rosidl_typesupport_c__pyext
[3.766s] [100%] Built target myo_interfaces__rosidl_typesupport_introspection_c__pyext
[3.767s] [100%] Built target myo_interfaces__rosidl_typesupport_fastrtps_c__pyext
[3.776s] Invoked command in '/home/jialuyu/Final_Project/ROS2_Myo_Connect/build/myo_interfaces' returned '0': CMAKE_PREFIX_PATH=${CMAKE_PREFIX_PATH}:/home/jialuyu/Final_Project/ROS2_Myo_Connect/Final_Project_Code/install/ros_myo:/home/jialuyu/ws/interbotix/install/interbotix_xs_modules:/home/jialuyu/ws/interbotix/install/interbotix_common_modules:/home/jialuyu/Winter_Project/install/ros_april_tag:/home/jialuyu/Winter_Project/install/moveit_python:/home/jialuyu/Winter_Project/install/face_recognition_ros_node:/home/jialuyu/Winter_Project/install/care:/home/jialuyu/ws/final_project_ROS/install/trigger:/home/jialuyu/ws/final_project_ROS/install/control:/home/jialuyu/ws/final_project_ROS/install/image_yolo:/home/jialuyu/ws/final_project_ROS/install/gun_trajectory:/home/jialuyu/ws/final_project_ROS/install/audio_input:/home/jialuyu/ws/moveit_pincher/install/pickmeup:/home/jialuyu/ws/moveit_pincher/install/moveit_wrapper:/home/jialuyu/ws/moveit_pincher/install/diff_drive:/opt/ros/iron /usr/bin/cmake --build /home/jialuyu/Final_Project/ROS2_Myo_Connect/build/myo_interfaces -- -j32 -l32
[3.874s] Invoking command in '/home/jialuyu/Final_Project/ROS2_Myo_Connect/build/myo_interfaces': CMAKE_PREFIX_PATH=${CMAKE_PREFIX_PATH}:/home/jialuyu/Final_Project/ROS2_Myo_Connect/Final_Project_Code/install/ros_myo:/home/jialuyu/ws/interbotix/install/interbotix_xs_modules:/home/jialuyu/ws/interbotix/install/interbotix_common_modules:/home/jialuyu/Winter_Project/install/ros_april_tag:/home/jialuyu/Winter_Project/install/moveit_python:/home/jialuyu/Winter_Project/install/face_recognition_ros_node:/home/jialuyu/Winter_Project/install/care:/home/jialuyu/ws/final_project_ROS/install/trigger:/home/jialuyu/ws/final_project_ROS/install/control:/home/jialuyu/ws/final_project_ROS/install/image_yolo:/home/jialuyu/ws/final_project_ROS/install/gun_trajectory:/home/jialuyu/ws/final_project_ROS/install/audio_input:/home/jialuyu/ws/moveit_pincher/install/pickmeup:/home/jialuyu/ws/moveit_pincher/install/moveit_wrapper:/home/jialuyu/ws/moveit_pincher/install/diff_drive:/opt/ros/iron /usr/bin/cmake --install /home/jialuyu/Final_Project/ROS2_Myo_Connect/build/myo_interfaces
[3.882s] -- Install configuration: ""
[3.883s] -- Execute custom install script
[3.883s] -- Symlinking: /home/jialuyu/Final_Project/ROS2_Myo_Connect/install/myo_interfaces/share/ament_index/resource_index/rosidl_interfaces/myo_interfaces
[3.893s] -- Symlinking: /home/jialuyu/Final_Project/ROS2_Myo_Connect/install/myo_interfaces/share/myo_interfaces/msg/EmgArray.json
[3.900s] -- Symlinking: /home/jialuyu/Final_Project/ROS2_Myo_Connect/install/myo_interfaces/share/myo_interfaces/msg/MyoArm.json
[3.907s] -- Symlinking: /home/jialuyu/Final_Project/ROS2_Myo_Connect/install/myo_interfaces/include/myo_interfaces/myo_interfaces/msg/detail/emg_array__functions.h
[3.914s] -- Symlinking: /home/jialuyu/Final_Project/ROS2_Myo_Connect/install/myo_interfaces/include/myo_interfaces/myo_interfaces/msg/detail/emg_array__struct.h
[3.920s] -- Symlinking: /home/jialuyu/Final_Project/ROS2_Myo_Connect/install/myo_interfaces/include/myo_interfaces/myo_interfaces/msg/detail/emg_array__type_support.h
[3.927s] -- Symlinking: /home/jialuyu/Final_Project/ROS2_Myo_Connect/install/myo_interfaces/include/myo_interfaces/myo_interfaces/msg/detail/myo_arm__functions.h
[3.933s] -- Symlinking: /home/jialuyu/Final_Project/ROS2_Myo_Connect/install/myo_interfaces/include/myo_interfaces/myo_interfaces/msg/detail/myo_arm__struct.h
[3.940s] -- Symlinking: /home/jialuyu/Final_Project/ROS2_Myo_Connect/install/myo_interfaces/include/myo_interfaces/myo_interfaces/msg/detail/myo_arm__type_support.h
[3.946s] -- Symlinking: /home/jialuyu/Final_Project/ROS2_Myo_Connect/install/myo_interfaces/include/myo_interfaces/myo_interfaces/msg/emg_array.h
[3.953s] -- Symlinking: /home/jialuyu/Final_Project/ROS2_Myo_Connect/install/myo_interfaces/include/myo_interfaces/myo_interfaces/msg/myo_arm.h
[3.958s] -- Symlinking: /home/jialuyu/Final_Project/ROS2_Myo_Connect/install/myo_interfaces/include/myo_interfaces/myo_interfaces/msg/rosidl_generator_c__visibility_control.h
[3.964s] -- Symlinking: /home/jialuyu/Final_Project/ROS2_Myo_Connect/install/myo_interfaces/share/myo_interfaces/environment/library_path.sh
[3.970s] -- Symlinking: /home/jialuyu/Final_Project/ROS2_Myo_Connect/install/myo_interfaces/share/myo_interfaces/environment/library_path.dsv
[3.976s] -- Symlinking: /home/jialuyu/Final_Project/ROS2_Myo_Connect/install/myo_interfaces/include/myo_interfaces/myo_interfaces/msg/detail/emg_array__rosidl_typesupport_fastrtps_c.h
[3.982s] -- Symlinking: /home/jialuyu/Final_Project/ROS2_Myo_Connect/install/myo_interfaces/include/myo_interfaces/myo_interfaces/msg/detail/myo_arm__rosidl_typesupport_fastrtps_c.h
[3.988s] -- Symlinking: /home/jialuyu/Final_Project/ROS2_Myo_Connect/install/myo_interfaces/include/myo_interfaces/myo_interfaces/msg/rosidl_typesupport_fastrtps_c__visibility_control.h
[3.994s] -- Symlinking: /home/jialuyu/Final_Project/ROS2_Myo_Connect/install/myo_interfaces/include/myo_interfaces/myo_interfaces/msg/detail/emg_array__builder.hpp
[4.000s] -- Symlinking: /home/jialuyu/Final_Project/ROS2_Myo_Connect/install/myo_interfaces/include/myo_interfaces/myo_interfaces/msg/detail/emg_array__struct.hpp
[4.006s] -- Symlinking: /home/jialuyu/Final_Project/ROS2_Myo_Connect/install/myo_interfaces/include/myo_interfaces/myo_interfaces/msg/detail/emg_array__traits.hpp
[4.012s] -- Symlinking: /home/jialuyu/Final_Project/ROS2_Myo_Connect/install/myo_interfaces/include/myo_interfaces/myo_interfaces/msg/detail/myo_arm__builder.hpp
[4.018s] -- Symlinking: /home/jialuyu/Final_Project/ROS2_Myo_Connect/install/myo_interfaces/include/myo_interfaces/myo_interfaces/msg/detail/myo_arm__struct.hpp
[4.023s] -- Symlinking: /home/jialuyu/Final_Project/ROS2_Myo_Connect/install/myo_interfaces/include/myo_interfaces/myo_interfaces/msg/detail/myo_arm__traits.hpp
[4.029s] -- Symlinking: /home/jialuyu/Final_Project/ROS2_Myo_Connect/install/myo_interfaces/include/myo_interfaces/myo_interfaces/msg/emg_array.hpp
[4.035s] -- Symlinking: /home/jialuyu/Final_Project/ROS2_Myo_Connect/install/myo_interfaces/include/myo_interfaces/myo_interfaces/msg/myo_arm.hpp
[4.041s] -- Symlinking: /home/jialuyu/Final_Project/ROS2_Myo_Connect/install/myo_interfaces/include/myo_interfaces/myo_interfaces/msg/detail/emg_array__rosidl_typesupport_fastrtps_cpp.hpp
[4.047s] -- Symlinking: /home/jialuyu/Final_Project/ROS2_Myo_Connect/install/myo_interfaces/include/myo_interfaces/myo_interfaces/msg/detail/myo_arm__rosidl_typesupport_fastrtps_cpp.hpp
[4.053s] -- Symlinking: /home/jialuyu/Final_Project/ROS2_Myo_Connect/install/myo_interfaces/include/myo_interfaces/myo_interfaces/msg/rosidl_typesupport_fastrtps_cpp__visibility_control.h
[4.059s] -- Symlinking: /home/jialuyu/Final_Project/ROS2_Myo_Connect/install/myo_interfaces/include/myo_interfaces/myo_interfaces/msg/detail/emg_array__rosidl_typesupport_introspection_c.h
[4.063s] -- Symlinking: /home/jialuyu/Final_Project/ROS2_Myo_Connect/install/myo_interfaces/include/myo_interfaces/myo_interfaces/msg/detail/myo_arm__rosidl_typesupport_introspection_c.h
[4.069s] -- Symlinking: /home/jialuyu/Final_Project/ROS2_Myo_Connect/install/myo_interfaces/include/myo_interfaces/myo_interfaces/msg/rosidl_typesupport_introspection_c__visibility_control.h
[4.075s] -- Symlinking: /home/jialuyu/Final_Project/ROS2_Myo_Connect/install/myo_interfaces/include/myo_interfaces/myo_interfaces/msg/detail/emg_array__rosidl_typesupport_introspection_cpp.hpp
[4.082s] -- Symlinking: /home/jialuyu/Final_Project/ROS2_Myo_Connect/install/myo_interfaces/include/myo_interfaces/myo_interfaces/msg/detail/myo_arm__rosidl_typesupport_introspection_cpp.hpp
[4.087s] -- Symlinking: /home/jialuyu/Final_Project/ROS2_Myo_Connect/install/myo_interfaces/share/myo_interfaces/environment/pythonpath.sh
[4.093s] -- Symlinking: /home/jialuyu/Final_Project/ROS2_Myo_Connect/install/myo_interfaces/share/myo_interfaces/environment/pythonpath.dsv
[4.099s] -- Symlinking: /home/jialuyu/Final_Project/ROS2_Myo_Connect/install/myo_interfaces/lib/python3.10/site-packages/myo_interfaces-0.0.0-py3.10.egg-info/PKG-INFO
[4.105s] -- Symlinking: /home/jialuyu/Final_Project/ROS2_Myo_Connect/install/myo_interfaces/lib/python3.10/site-packages/myo_interfaces-0.0.0-py3.10.egg-info/SOURCES.txt
[4.111s] -- Symlinking: /home/jialuyu/Final_Project/ROS2_Myo_Connect/install/myo_interfaces/lib/python3.10/site-packages/myo_interfaces-0.0.0-py3.10.egg-info/dependency_links.txt
[4.117s] -- Symlinking: /home/jialuyu/Final_Project/ROS2_Myo_Connect/install/myo_interfaces/lib/python3.10/site-packages/myo_interfaces-0.0.0-py3.10.egg-info/top_level.txt
[4.123s] -- Symlinking: /home/jialuyu/Final_Project/ROS2_Myo_Connect/install/myo_interfaces/lib/python3.10/site-packages/myo_interfaces/__init__.py
[4.129s] -- Symlinking: /home/jialuyu/Final_Project/ROS2_Myo_Connect/install/myo_interfaces/lib/python3.10/site-packages/myo_interfaces/_myo_interfaces_s.ep.rosidl_typesupport_c.c
[4.134s] -- Symlinking: /home/jialuyu/Final_Project/ROS2_Myo_Connect/install/myo_interfaces/lib/python3.10/site-packages/myo_interfaces/_myo_interfaces_s.ep.rosidl_typesupport_fastrtps_c.c
[4.140s] -- Symlinking: /home/jialuyu/Final_Project/ROS2_Myo_Connect/install/myo_interfaces/lib/python3.10/site-packages/myo_interfaces/_myo_interfaces_s.ep.rosidl_typesupport_introspection_c.c
[4.146s] -- Symlinking: /home/jialuyu/Final_Project/ROS2_Myo_Connect/install/myo_interfaces/lib/python3.10/site-packages/myo_interfaces/libmyo_interfaces__rosidl_generator_py.so
[4.151s] -- Symlinking: /home/jialuyu/Final_Project/ROS2_Myo_Connect/install/myo_interfaces/lib/python3.10/site-packages/myo_interfaces/msg/__init__.py
[4.157s] -- Symlinking: /home/jialuyu/Final_Project/ROS2_Myo_Connect/install/myo_interfaces/lib/python3.10/site-packages/myo_interfaces/msg/_emg_array.py
[4.163s] -- Symlinking: /home/jialuyu/Final_Project/ROS2_Myo_Connect/install/myo_interfaces/lib/python3.10/site-packages/myo_interfaces/msg/_emg_array_s.c
[4.169s] -- Symlinking: /home/jialuyu/Final_Project/ROS2_Myo_Connect/install/myo_interfaces/lib/python3.10/site-packages/myo_interfaces/msg/_myo_arm.py
[4.176s] -- Symlinking: /home/jialuyu/Final_Project/ROS2_Myo_Connect/install/myo_interfaces/lib/python3.10/site-packages/myo_interfaces/msg/_myo_arm_s.c
[4.181s] -- Symlinking: /home/jialuyu/Final_Project/ROS2_Myo_Connect/install/myo_interfaces/lib/python3.10/site-packages/myo_interfaces/myo_interfaces_s__rosidl_typesupport_c.cpython-310-x86_64-linux-gnu.so
[4.188s] -- Symlinking: /home/jialuyu/Final_Project/ROS2_Myo_Connect/install/myo_interfaces/lib/python3.10/site-packages/myo_interfaces/myo_interfaces_s__rosidl_typesupport_fastrtps_c.cpython-310-x86_64-linux-gnu.so
[4.194s] -- Symlinking: /home/jialuyu/Final_Project/ROS2_Myo_Connect/install/myo_interfaces/lib/python3.10/site-packages/myo_interfaces/myo_interfaces_s__rosidl_typesupport_introspection_c.cpython-310-x86_64-linux-gnu.so
[4.201s] -- Up-to-date symlink: /home/jialuyu/Final_Project/ROS2_Myo_Connect/install/myo_interfaces/lib/python3.10/site-packages/myo_interfaces/myo_interfaces_s__rosidl_typesupport_fastrtps_c.cpython-310-x86_64-linux-gnu.so
[4.201s] -- Up-to-date symlink: /home/jialuyu/Final_Project/ROS2_Myo_Connect/install/myo_interfaces/lib/python3.10/site-packages/myo_interfaces/myo_interfaces_s__rosidl_typesupport_introspection_c.cpython-310-x86_64-linux-gnu.so
[4.201s] -- Up-to-date symlink: /home/jialuyu/Final_Project/ROS2_Myo_Connect/install/myo_interfaces/lib/python3.10/site-packages/myo_interfaces/myo_interfaces_s__rosidl_typesupport_c.cpython-310-x86_64-linux-gnu.so
[4.201s] -- Symlinking: /home/jialuyu/Final_Project/ROS2_Myo_Connect/install/myo_interfaces/share/myo_interfaces/msg/EmgArray.idl
[4.207s] -- Symlinking: /home/jialuyu/Final_Project/ROS2_Myo_Connect/install/myo_interfaces/share/myo_interfaces/msg/MyoArm.idl
[4.213s] -- Symlinking: /home/jialuyu/Final_Project/ROS2_Myo_Connect/install/myo_interfaces/share/myo_interfaces/msg/EmgArray.msg
[4.218s] -- Symlinking: /home/jialuyu/Final_Project/ROS2_Myo_Connect/install/myo_interfaces/share/myo_interfaces/msg/MyoArm.msg
[4.225s] -- Symlinking: /home/jialuyu/Final_Project/ROS2_Myo_Connect/install/myo_interfaces/share/ament_index/resource_index/package_run_dependencies/myo_interfaces
[4.230s] -- Symlinking: /home/jialuyu/Final_Project/ROS2_Myo_Connect/install/myo_interfaces/share/ament_index/resource_index/parent_prefix_path/myo_interfaces
[4.236s] -- Symlinking: /home/jialuyu/Final_Project/ROS2_Myo_Connect/install/myo_interfaces/share/myo_interfaces/environment/ament_prefix_path.sh
[4.242s] -- Symlinking: /home/jialuyu/Final_Project/ROS2_Myo_Connect/install/myo_interfaces/share/myo_interfaces/environment/ament_prefix_path.dsv
[4.248s] -- Symlinking: /home/jialuyu/Final_Project/ROS2_Myo_Connect/install/myo_interfaces/share/myo_interfaces/environment/path.sh
[4.254s] -- Symlinking: /home/jialuyu/Final_Project/ROS2_Myo_Connect/install/myo_interfaces/share/myo_interfaces/environment/path.dsv
[4.260s] -- Symlinking: /home/jialuyu/Final_Project/ROS2_Myo_Connect/install/myo_interfaces/share/myo_interfaces/local_setup.bash
[4.266s] -- Symlinking: /home/jialuyu/Final_Project/ROS2_Myo_Connect/install/myo_interfaces/share/myo_interfaces/local_setup.sh
[4.272s] -- Symlinking: /home/jialuyu/Final_Project/ROS2_Myo_Connect/install/myo_interfaces/share/myo_interfaces/local_setup.zsh
[4.278s] -- Symlinking: /home/jialuyu/Final_Project/ROS2_Myo_Connect/install/myo_interfaces/share/myo_interfaces/local_setup.dsv
[4.284s] -- Symlinking: /home/jialuyu/Final_Project/ROS2_Myo_Connect/install/myo_interfaces/share/myo_interfaces/package.dsv
[4.290s] -- Symlinking: /home/jialuyu/Final_Project/ROS2_Myo_Connect/install/myo_interfaces/share/ament_index/resource_index/packages/myo_interfaces
[4.295s] -- Symlinking: /home/jialuyu/Final_Project/ROS2_Myo_Connect/install/myo_interfaces/share/myo_interfaces/cmake/rosidl_cmake-extras.cmake
[4.301s] -- Symlinking: /home/jialuyu/Final_Project/ROS2_Myo_Connect/install/myo_interfaces/share/myo_interfaces/cmake/ament_cmake_export_include_directories-extras.cmake
[4.307s] -- Symlinking: /home/jialuyu/Final_Project/ROS2_Myo_Connect/install/myo_interfaces/share/myo_interfaces/cmake/ament_cmake_export_libraries-extras.cmake
[4.314s] -- Symlinking: /home/jialuyu/Final_Project/ROS2_Myo_Connect/install/myo_interfaces/share/myo_interfaces/cmake/ament_cmake_export_targets-extras.cmake
[4.320s] -- Symlinking: /home/jialuyu/Final_Project/ROS2_Myo_Connect/install/myo_interfaces/share/myo_interfaces/cmake/rosidl_cmake_export_typesupport_targets-extras.cmake
[4.327s] -- Symlinking: /home/jialuyu/Final_Project/ROS2_Myo_Connect/install/myo_interfaces/share/myo_interfaces/cmake/ament_cmake_export_dependencies-extras.cmake
[4.333s] -- Symlinking: /home/jialuyu/Final_Project/ROS2_Myo_Connect/install/myo_interfaces/share/myo_interfaces/cmake/rosidl_cmake_export_typesupport_libraries-extras.cmake
[4.340s] -- Symlinking: /home/jialuyu/Final_Project/ROS2_Myo_Connect/install/myo_interfaces/share/myo_interfaces/cmake/myo_interfacesConfig.cmake
[4.346s] -- Symlinking: /home/jialuyu/Final_Project/ROS2_Myo_Connect/install/myo_interfaces/share/myo_interfaces/cmake/myo_interfacesConfig-version.cmake
[4.352s] -- Symlinking: /home/jialuyu/Final_Project/ROS2_Myo_Connect/install/myo_interfaces/share/myo_interfaces/package.xml
[4.359s] -- Installing: /home/jialuyu/Final_Project/ROS2_Myo_Connect/install/myo_interfaces/lib/libmyo_interfaces__rosidl_generator_c.so
[4.359s] -- Set runtime path of "/home/jialuyu/Final_Project/ROS2_Myo_Connect/install/myo_interfaces/lib/libmyo_interfaces__rosidl_generator_c.so" to ""
[4.359s] -- Installing: /home/jialuyu/Final_Project/ROS2_Myo_Connect/install/myo_interfaces/lib/libmyo_interfaces__rosidl_typesupport_fastrtps_c.so
[4.360s] -- Set runtime path of "/home/jialuyu/Final_Project/ROS2_Myo_Connect/install/myo_interfaces/lib/libmyo_interfaces__rosidl_typesupport_fastrtps_c.so" to ""
[4.360s] -- Installing: /home/jialuyu/Final_Project/ROS2_Myo_Connect/install/myo_interfaces/lib/libmyo_interfaces__rosidl_typesupport_fastrtps_cpp.so
[4.360s] -- Set runtime path of "/home/jialuyu/Final_Project/ROS2_Myo_Connect/install/myo_interfaces/lib/libmyo_interfaces__rosidl_typesupport_fastrtps_cpp.so" to ""
[4.360s] -- Installing: /home/jialuyu/Final_Project/ROS2_Myo_Connect/install/myo_interfaces/lib/libmyo_interfaces__rosidl_typesupport_introspection_c.so
[4.360s] -- Set runtime path of "/home/jialuyu/Final_Project/ROS2_Myo_Connect/install/myo_interfaces/lib/libmyo_interfaces__rosidl_typesupport_introspection_c.so" to ""
[4.360s] -- Installing: /home/jialuyu/Final_Project/ROS2_Myo_Connect/install/myo_interfaces/lib/libmyo_interfaces__rosidl_typesupport_c.so
[4.360s] -- Set runtime path of "/home/jialuyu/Final_Project/ROS2_Myo_Connect/install/myo_interfaces/lib/libmyo_interfaces__rosidl_typesupport_c.so" to ""
[4.360s] -- Installing: /home/jialuyu/Final_Project/ROS2_Myo_Connect/install/myo_interfaces/lib/libmyo_interfaces__rosidl_typesupport_introspection_cpp.so
[4.361s] -- Set runtime path of "/home/jialuyu/Final_Project/ROS2_Myo_Connect/install/myo_interfaces/lib/libmyo_interfaces__rosidl_typesupport_introspection_cpp.so" to ""
[4.361s] -- Installing: /home/jialuyu/Final_Project/ROS2_Myo_Connect/install/myo_interfaces/lib/libmyo_interfaces__rosidl_typesupport_cpp.so
[4.361s] -- Set runtime path of "/home/jialuyu/Final_Project/ROS2_Myo_Connect/install/myo_interfaces/lib/libmyo_interfaces__rosidl_typesupport_cpp.so" to ""
[4.400s] Listing '/home/jialuyu/Final_Project/ROS2_Myo_Connect/install/myo_interfaces/lib/python3.10/site-packages/myo_interfaces'...
[4.400s] Compiling '/home/jialuyu/Final_Project/ROS2_Myo_Connect/install/myo_interfaces/lib/python3.10/site-packages/myo_interfaces/__init__.py'...
[4.400s] Listing '/home/jialuyu/Final_Project/ROS2_Myo_Connect/install/myo_interfaces/lib/python3.10/site-packages/myo_interfaces/msg'...
[4.400s] Compiling '/home/jialuyu/Final_Project/ROS2_Myo_Connect/install/myo_interfaces/lib/python3.10/site-packages/myo_interfaces/msg/__init__.py'...
[4.400s] Compiling '/home/jialuyu/Final_Project/ROS2_Myo_Connect/install/myo_interfaces/lib/python3.10/site-packages/myo_interfaces/msg/_emg_array.py'...
[4.400s] Compiling '/home/jialuyu/Final_Project/ROS2_Myo_Connect/install/myo_interfaces/lib/python3.10/site-packages/myo_interfaces/msg/_myo_arm.py'...
[4.403s] -- Installing: /home/jialuyu/Final_Project/ROS2_Myo_Connect/install/myo_interfaces/lib/libmyo_interfaces__rosidl_generator_py.so
[4.403s] -- Set runtime path of "/home/jialuyu/Final_Project/ROS2_Myo_Connect/install/myo_interfaces/lib/libmyo_interfaces__rosidl_generator_py.so" to ""
[4.404s] -- Installing: /home/jialuyu/Final_Project/ROS2_Myo_Connect/install/myo_interfaces/share/myo_interfaces/cmake/export_myo_interfaces__rosidl_generator_cExport.cmake
[4.404s] -- Installing: /home/jialuyu/Final_Project/ROS2_Myo_Connect/install/myo_interfaces/share/myo_interfaces/cmake/export_myo_interfaces__rosidl_generator_cExport-noconfig.cmake
[4.404s] -- Installing: /home/jialuyu/Final_Project/ROS2_Myo_Connect/install/myo_interfaces/share/myo_interfaces/cmake/export_myo_interfaces__rosidl_typesupport_fastrtps_cExport.cmake
[4.404s] -- Installing: /home/jialuyu/Final_Project/ROS2_Myo_Connect/install/myo_interfaces/share/myo_interfaces/cmake/export_myo_interfaces__rosidl_typesupport_fastrtps_cExport-noconfig.cmake
[4.404s] -- Installing: /home/jialuyu/Final_Project/ROS2_Myo_Connect/install/myo_interfaces/share/myo_interfaces/cmake/export_myo_interfaces__rosidl_generator_cppExport.cmake
[4.404s] -- Installing: /home/jialuyu/Final_Project/ROS2_Myo_Connect/install/myo_interfaces/share/myo_interfaces/cmake/export_myo_interfaces__rosidl_typesupport_fastrtps_cppExport.cmake
[4.404s] -- Installing: /home/jialuyu/Final_Project/ROS2_Myo_Connect/install/myo_interfaces/share/myo_interfaces/cmake/export_myo_interfaces__rosidl_typesupport_fastrtps_cppExport-noconfig.cmake
[4.404s] -- Installing: /home/jialuyu/Final_Project/ROS2_Myo_Connect/install/myo_interfaces/share/myo_interfaces/cmake/myo_interfaces__rosidl_typesupport_introspection_cExport.cmake
[4.404s] -- Installing: /home/jialuyu/Final_Project/ROS2_Myo_Connect/install/myo_interfaces/share/myo_interfaces/cmake/myo_interfaces__rosidl_typesupport_introspection_cExport-noconfig.cmake
[4.404s] -- Installing: /home/jialuyu/Final_Project/ROS2_Myo_Connect/install/myo_interfaces/share/myo_interfaces/cmake/myo_interfaces__rosidl_typesupport_cExport.cmake
[4.404s] -- Installing: /home/jialuyu/Final_Project/ROS2_Myo_Connect/install/myo_interfaces/share/myo_interfaces/cmake/myo_interfaces__rosidl_typesupport_cExport-noconfig.cmake
[4.404s] -- Installing: /home/jialuyu/Final_Project/ROS2_Myo_Connect/install/myo_interfaces/share/myo_interfaces/cmake/myo_interfaces__rosidl_typesupport_introspection_cppExport.cmake
[4.404s] -- Installing: /home/jialuyu/Final_Project/ROS2_Myo_Connect/install/myo_interfaces/share/myo_interfaces/cmake/myo_interfaces__rosidl_typesupport_introspection_cppExport-noconfig.cmake
[4.404s] -- Installing: /home/jialuyu/Final_Project/ROS2_Myo_Connect/install/myo_interfaces/share/myo_interfaces/cmake/myo_interfaces__rosidl_typesupport_cppExport.cmake
[4.405s] -- Installing: /home/jialuyu/Final_Project/ROS2_Myo_Connect/install/myo_interfaces/share/myo_interfaces/cmake/myo_interfaces__rosidl_typesupport_cppExport-noconfig.cmake
[4.405s] -- Installing: /home/jialuyu/Final_Project/ROS2_Myo_Connect/install/myo_interfaces/share/myo_interfaces/cmake/export_myo_interfaces__rosidl_generator_pyExport.cmake
[4.405s] -- Installing: /home/jialuyu/Final_Project/ROS2_Myo_Connect/install/myo_interfaces/share/myo_interfaces/cmake/export_myo_interfaces__rosidl_generator_pyExport-noconfig.cmake
[4.406s] Invoked command in '/home/jialuyu/Final_Project/ROS2_Myo_Connect/build/myo_interfaces' returned '0': CMAKE_PREFIX_PATH=${CMAKE_PREFIX_PATH}:/home/jialuyu/Final_Project/ROS2_Myo_Connect/Final_Project_Code/install/ros_myo:/home/jialuyu/ws/interbotix/install/interbotix_xs_modules:/home/jialuyu/ws/interbotix/install/interbotix_common_modules:/home/jialuyu/Winter_Project/install/ros_april_tag:/home/jialuyu/Winter_Project/install/moveit_python:/home/jialuyu/Winter_Project/install/face_recognition_ros_node:/home/jialuyu/Winter_Project/install/care:/home/jialuyu/ws/final_project_ROS/install/trigger:/home/jialuyu/ws/final_project_ROS/install/control:/home/jialuyu/ws/final_project_ROS/install/image_yolo:/home/jialuyu/ws/final_project_ROS/install/gun_trajectory:/home/jialuyu/ws/final_project_ROS/install/audio_input:/home/jialuyu/ws/moveit_pincher/install/pickmeup:/home/jialuyu/ws/moveit_pincher/install/moveit_wrapper:/home/jialuyu/ws/moveit_pincher/install/diff_drive:/opt/ros/iron /usr/bin/cmake --install /home/jialuyu/Final_Project/ROS2_Myo_Connect/build/myo_interfaces
